<?xml version="1.0" encoding="UTF-8"?>
<coverage generated="1787478816217" clover="3.2.0">
  <project timestamp="1787478816217" name="All files">
    <metrics statements="702" coveredstatements="433" conditionals="494" coveredconditionals="286" methods="105" coveredmethods="74" elements="1301" coveredelements="793" complexity="0" loc="702" ncloc="702" packages="3" files="7" classes="7"/>
    <package name="controllers">
      <metrics statements="87" coveredstatements="44" conditionals="75" coveredconditionals="26" methods="9" coveredmethods="5"/>
      <file name="FhirReceiverController.js" path="C:\Projects\ezHealthKonnect\controllers\FhirReceiverController.js">
        <metrics statements="87" coveredstatements="44" conditionals="75" coveredconditionals="26" methods="9" coveredmethods="5"/>
        <line num="6" count="1" type="stmt"/>
        <line num="7" count="1" type="stmt"/>
        <line num="15" count="2" type="stmt"/>
        <line num="16" count="2" type="stmt"/>
        <line num="17" count="2" type="stmt"/>
        <line num="19" count="2" type="stmt"/>
        <line num="20" count="2" type="cond" truecount="1" falsecount="1"/>
        <line num="23" count="2" type="stmt"/>
        <line num="24" count="2" type="cond" truecount="2" falsecount="0"/>
        <line num="25" count="1" type="stmt"/>
        <line num="36" count="1" type="cond" truecount="1" falsecount="1"/>
        <line num="37" count="1" type="cond" truecount="3" falsecount="1"/>
        <line num="38" count="0" type="stmt"/>
        <line num="49" count="1" type="cond" truecount="1" falsecount="1"/>
        <line num="50" count="0" type="stmt"/>
        <line num="61" count="1" type="stmt"/>
        <line num="62" count="1" type="cond" truecount="1" falsecount="1"/>
        <line num="63" count="0" type="stmt"/>
        <line num="74" count="1" type="stmt"/>
        <line num="75" count="1" type="cond" truecount="1" falsecount="1"/>
        <line num="77" count="0" type="cond" truecount="0" falsecount="2"/>
        <line num="78" count="0" type="stmt"/>
        <line num="80" count="0" type="stmt"/>
        <line num="88" count="0" type="stmt"/>
        <line num="92" count="1" type="stmt"/>
        <line num="95" count="1" type="stmt"/>
        <line num="105" count="0" type="stmt"/>
        <line num="109" count="1" type="stmt"/>
        <line num="111" count="1" type="stmt"/>
        <line num="138" count="1" type="stmt"/>
        <line num="145" count="1" type="stmt"/>
        <line num="164" count="0" type="stmt"/>
        <line num="165" count="0" type="stmt"/>
        <line num="181" count="0" type="stmt"/>
        <line num="182" count="0" type="stmt"/>
        <line num="185" count="0" type="cond" truecount="0" falsecount="4"/>
        <line num="186" count="0" type="stmt"/>
        <line num="198" count="0" type="stmt"/>
        <line num="205" count="5" type="stmt"/>
        <line num="206" count="5" type="stmt"/>
        <line num="210" count="4" type="cond" truecount="2" falsecount="0"/>
        <line num="212" count="1" type="stmt"/>
        <line num="213" count="1" type="stmt"/>
        <line num="221" count="1" type="stmt"/>
        <line num="224" count="1" type="cond" truecount="3" falsecount="1"/>
        <line num="225" count="1" type="stmt"/>
        <line num="228" count="0" type="stmt"/>
        <line num="230" count="0" type="cond" truecount="0" falsecount="6"/>
        <line num="232" count="0" type="stmt"/>
        <line num="233" count="0" type="cond" truecount="0" falsecount="4"/>
        <line num="234" count="0" type="stmt"/>
        <line num="236" count="0" type="stmt"/>
        <line num="237" count="0" type="cond" truecount="0" falsecount="2"/>
        <line num="238" count="0" type="stmt"/>
        <line num="240" count="0" type="stmt"/>
        <line num="244" count="0" type="stmt"/>
        <line num="245" count="0" type="cond" truecount="0" falsecount="4"/>
        <line num="246" count="0" type="stmt"/>
        <line num="249" count="0" type="stmt"/>
        <line num="252" count="0" type="stmt"/>
        <line num="253" count="0" type="cond" truecount="0" falsecount="4"/>
        <line num="254" count="0" type="stmt"/>
        <line num="256" count="0" type="stmt"/>
        <line num="260" count="0" type="stmt"/>
        <line num="263" count="0" type="stmt"/>
        <line num="266" count="0" type="stmt"/>
        <line num="274" count="1" type="stmt"/>
        <line num="277" count="1" type="cond" truecount="3" falsecount="1"/>
        <line num="278" count="0" type="stmt"/>
        <line num="279" count="0" type="stmt"/>
        <line num="282" count="1" type="cond" truecount="1" falsecount="1"/>
        <line num="283" count="0" type="stmt"/>
        <line num="287" count="1" type="stmt"/>
        <line num="288" count="1" type="cond" truecount="2" falsecount="3"/>
        <line num="289" count="0" type="cond" truecount="0" falsecount="2"/>
        <line num="290" count="0" type="stmt"/>
        <line num="299" count="1" type="stmt"/>
        <line num="309" count="1" type="stmt"/>
        <line num="311" count="1" type="stmt"/>
        <line num="312" count="1" type="stmt"/>
        <line num="314" count="1" type="cond" truecount="1" falsecount="1"/>
        <line num="315" count="1" type="stmt"/>
        <line num="316" count="1" type="stmt"/>
        <line num="319" count="0" type="stmt"/>
        <line num="320" count="0" type="stmt"/>
        <line num="322" count="0" type="stmt"/>
        <line num="337" count="1" type="stmt"/>
      </file>
    </package>
    <package name="middleware">
      <metrics statements="54" coveredstatements="50" conditionals="40" coveredconditionals="36" methods="12" coveredmethods="10"/>
      <file name="auth.js" path="C:\Projects\ezHealthKonnect\middleware\auth.js">
        <metrics statements="29" coveredstatements="29" conditionals="25" coveredconditionals="25" methods="6" coveredmethods="6"/>
        <line num="2" count="1" type="stmt"/>
        <line num="6" count="2" type="cond" truecount="2" falsecount="0"/>
        <line num="7" count="1" type="stmt"/>
        <line num="9" count="1" type="stmt"/>
        <line num="14" count="4" type="cond" truecount="2" falsecount="0"/>
        <line num="15" count="4" type="cond" truecount="5" falsecount="0"/>
        <line num="16" count="2" type="stmt"/>
        <line num="18" count="2" type="stmt"/>
        <line num="24" count="2" type="cond" truecount="4" falsecount="0"/>
        <line num="25" count="1" type="stmt"/>
        <line num="27" count="1" type="stmt"/>
        <line num="33" count="3" type="stmt"/>
        <line num="34" count="3" type="cond" truecount="2" falsecount="0"/>
        <line num="35" count="1" type="stmt"/>
        <line num="37" count="2" type="cond" truecount="2" falsecount="0"/>
        <line num="38" count="1" type="stmt"/>
        <line num="40" count="1" type="stmt"/>
        <line num="48" count="5" type="cond" truecount="2" falsecount="0"/>
        <line num="50" count="5" type="cond" truecount="2" falsecount="0"/>
        <line num="51" count="3" type="stmt"/>
        <line num="52" count="3" type="stmt"/>
        <line num="53" count="2" type="stmt"/>
        <line num="54" count="2" type="stmt"/>
        <line num="56" count="1" type="stmt"/>
        <line num="61" count="2" type="cond" truecount="4" falsecount="0"/>
        <line num="62" count="1" type="stmt"/>
        <line num="63" count="1" type="stmt"/>
        <line num="66" count="1" type="stmt"/>
        <line num="69" count="1" type="stmt"/>
      </file>
      <file name="rateLimiter.js" path="C:\Projects\ezHealthKonnect\middleware\rateLimiter.js">
        <metrics statements="25" coveredstatements="21" conditionals="15" coveredconditionals="11" methods="6" coveredmethods="4"/>
        <line num="16" count="5" type="stmt"/>
        <line num="17" count="5" type="stmt"/>
        <line num="18" count="12" type="cond" truecount="4" falsecount="1"/>
        <line num="19" count="5" type="stmt"/>
        <line num="23" count="5" type="stmt"/>
        <line num="24" count="5" type="cond" truecount="1" falsecount="1"/>
        <line num="25" count="5" type="stmt"/>
        <line num="30" count="0" type="stmt"/>
        <line num="31" count="0" type="stmt"/>
        <line num="32" count="0" type="cond" truecount="0" falsecount="2"/>
        <line num="33" count="0" type="stmt"/>
        <line num="40" count="5" type="stmt"/>
        <line num="41" count="14" type="stmt"/>
        <line num="42" count="14" type="stmt"/>
        <line num="43" count="14" type="stmt"/>
        <line num="44" count="14" type="cond" truecount="4" falsecount="0"/>
        <line num="45" count="8" type="stmt"/>
        <line num="46" count="8" type="stmt"/>
        <line num="48" count="14" type="stmt"/>
        <line num="50" count="14" type="cond" truecount="2" falsecount="0"/>
        <line num="51" count="3" type="stmt"/>
        <line num="52" count="3" type="stmt"/>
        <line num="53" count="3" type="stmt"/>
        <line num="59" count="11" type="stmt"/>
        <line num="64" count="1" type="stmt"/>
      </file>
    </package>
    <package name="services">
      <metrics statements="561" coveredstatements="339" conditionals="379" coveredconditionals="224" methods="84" coveredmethods="59"/>
      <file name="HL7MessageAnalyzer.js" path="C:\Projects\ezHealthKonnect\services\HL7MessageAnalyzer.js">
        <metrics statements="156" coveredstatements="127" conditionals="95" coveredconditionals="62" methods="21" coveredmethods="20"/>
        <line num="6" count="25" type="stmt"/>
        <line num="7" count="25" type="stmt"/>
        <line num="10" count="25" type="stmt"/>
        <line num="24" count="4" type="cond" truecount="1" falsecount="1"/>
        <line num="27" count="4" type="cond" truecount="2" falsecount="0"/>
        <line num="28" count="1" type="stmt"/>
        <line num="31" count="3" type="stmt"/>
        <line num="49" count="3" type="stmt"/>
        <line num="52" count="3" type="cond" truecount="1" falsecount="1"/>
        <line num="53" count="0" type="stmt"/>
        <line num="54" count="0" type="stmt"/>
        <line num="57" count="3" type="stmt"/>
        <line num="64" count="19" type="stmt"/>
        <line num="65" count="19" type="stmt"/>
        <line num="66" count="19" type="cond" truecount="1" falsecount="1"/>
        <line num="68" count="19" type="stmt"/>
        <line num="69" count="19" type="cond" truecount="1" falsecount="1"/>
        <line num="70" count="19" type="stmt"/>
        <line num="71" count="19" type="stmt"/>
        <line num="72" count="19" type="cond" truecount="1" falsecount="1"/>
        <line num="74" count="0" type="stmt"/>
        <line num="76" count="0" type="stmt"/>
        <line num="77" count="0" type="stmt"/>
        <line num="85" count="12" type="stmt"/>
        <line num="86" count="12" type="stmt"/>
        <line num="87" count="12" type="cond" truecount="1" falsecount="1"/>
        <line num="89" count="12" type="stmt"/>
        <line num="90" count="12" type="cond" truecount="1" falsecount="1"/>
        <line num="91" count="12" type="stmt"/>
        <line num="92" count="12" type="stmt"/>
        <line num="93" count="12" type="cond" truecount="1" falsecount="1"/>
        <line num="95" count="0" type="stmt"/>
        <line num="97" count="0" type="stmt"/>
        <line num="98" count="0" type="stmt"/>
        <line num="106" count="11" type="stmt"/>
        <line num="107" count="11" type="stmt"/>
        <line num="108" count="11" type="cond" truecount="1" falsecount="1"/>
        <line num="110" count="11" type="stmt"/>
        <line num="111" count="11" type="cond" truecount="1" falsecount="1"/>
        <line num="113" count="0" type="stmt"/>
        <line num="114" count="0" type="stmt"/>
        <line num="122" count="5" type="stmt"/>
        <line num="123" count="5" type="stmt"/>
        <line num="124" count="5" type="cond" truecount="2" falsecount="0"/>
        <line num="126" count="4" type="stmt"/>
        <line num="127" count="4" type="cond" truecount="1" falsecount="1"/>
        <line num="128" count="4" type="stmt"/>
        <line num="129" count="4" type="stmt"/>
        <line num="130" count="4" type="cond" truecount="1" falsecount="1"/>
        <line num="132" count="0" type="stmt"/>
        <line num="134" count="0" type="stmt"/>
        <line num="135" count="0" type="stmt"/>
        <line num="143" count="20" type="stmt"/>
        <line num="144" count="20" type="stmt"/>
        <line num="145" count="20" type="cond" truecount="2" falsecount="0"/>
        <line num="147" count="15" type="stmt"/>
        <line num="148" count="15" type="cond" truecount="1" falsecount="1"/>
        <line num="150" count="0" type="stmt"/>
        <line num="151" count="0" type="stmt"/>
        <line num="159" count="4" type="stmt"/>
        <line num="160" count="4" type="stmt"/>
        <line num="161" count="4" type="cond" truecount="1" falsecount="1"/>
        <line num="163" count="4" type="stmt"/>
        <line num="164" count="4" type="cond" truecount="1" falsecount="1"/>
        <line num="165" count="4" type="stmt"/>
        <line num="166" count="4" type="stmt"/>
        <line num="167" count="4" type="cond" truecount="1" falsecount="1"/>
        <line num="169" count="0" type="stmt"/>
        <line num="171" count="0" type="stmt"/>
        <line num="172" count="0" type="stmt"/>
        <line num="180" count="8" type="stmt"/>
        <line num="181" count="8" type="stmt"/>
        <line num="182" count="8" type="stmt"/>
        <line num="185" count="8" type="cond" truecount="2" falsecount="0"/>
        <line num="188" count="7" type="cond" truecount="4" falsecount="0"/>
        <line num="189" count="4" type="stmt"/>
        <line num="193" count="3" type="cond" truecount="2" falsecount="0"/>
        <line num="195" count="2" type="cond" truecount="4" falsecount="0"/>
        <line num="196" count="1" type="stmt"/>
        <line num="198" count="1" type="stmt"/>
        <line num="201" count="1" type="stmt"/>
        <line num="208" count="5" type="stmt"/>
        <line num="209" count="5" type="stmt"/>
        <line num="210" count="5" type="cond" truecount="1" falsecount="1"/>
        <line num="213" count="5" type="stmt"/>
        <line num="214" count="5" type="cond" truecount="1" falsecount="1"/>
        <line num="215" count="5" type="stmt"/>
        <line num="216" count="5" type="cond" truecount="2" falsecount="0"/>
        <line num="217" count="1" type="cond" truecount="1" falsecount="1"/>
        <line num="218" count="1" type="cond" truecount="1" falsecount="1"/>
        <line num="219" count="1" type="cond" truecount="1" falsecount="1"/>
        <line num="220" count="1" type="cond" truecount="1" falsecount="1"/>
        <line num="223" count="1" type="stmt"/>
        <line num="225" count="0" type="stmt"/>
        <line num="226" count="0" type="stmt"/>
        <line num="234" count="4" type="stmt"/>
        <line num="235" count="4" type="stmt"/>
        <line num="236" count="4" type="cond" truecount="1" falsecount="1"/>
        <line num="238" count="4" type="stmt"/>
        <line num="239" count="4" type="cond" truecount="1" falsecount="1"/>
        <line num="240" count="4" type="stmt"/>
        <line num="241" count="4" type="cond" truecount="1" falsecount="1"/>
        <line num="243" count="4" type="stmt"/>
        <line num="244" count="4" type="stmt"/>
        <line num="245" count="4" type="stmt"/>
        <line num="246" count="4" type="cond" truecount="1" falsecount="1"/>
        <line num="247" count="4" type="cond" truecount="1" falsecount="1"/>
        <line num="248" count="4" type="cond" truecount="1" falsecount="1"/>
        <line num="250" count="4" type="stmt"/>
        <line num="253" count="0" type="stmt"/>
        <line num="255" count="0" type="stmt"/>
        <line num="256" count="0" type="stmt"/>
        <line num="264" count="4" type="stmt"/>
        <line num="265" count="4" type="stmt"/>
        <line num="267" count="4" type="stmt"/>
        <line num="268" count="16" type="cond" truecount="1" falsecount="1"/>
        <line num="269" count="16" type="stmt"/>
        <line num="270" count="16" type="cond" truecount="1" falsecount="1"/>
        <line num="271" count="16" type="stmt"/>
        <line num="273" count="16" type="stmt"/>
        <line num="277" count="4" type="stmt"/>
        <line num="284" count="4" type="stmt"/>
        <line num="299" count="7" type="stmt"/>
        <line num="306" count="7" type="stmt"/>
        <line num="307" count="7" type="stmt"/>
        <line num="308" count="7" type="stmt"/>
        <line num="311" count="7" type="cond" truecount="2" falsecount="0"/>
        <line num="312" count="1" type="stmt"/>
        <line num="313" count="1" type="stmt"/>
        <line num="314" count="1" type="stmt"/>
        <line num="318" count="7" type="cond" truecount="2" falsecount="0"/>
        <line num="319" count="5" type="stmt"/>
        <line num="320" count="5" type="stmt"/>
        <line num="321" count="2" type="cond" truecount="1" falsecount="1"/>
        <line num="322" count="2" type="stmt"/>
        <line num="323" count="2" type="stmt"/>
        <line num="327" count="7" type="cond" truecount="2" falsecount="0"/>
        <line num="328" count="2" type="stmt"/>
        <line num="329" count="2" type="stmt"/>
        <line num="330" count="2" type="stmt"/>
        <line num="333" count="7" type="stmt"/>
        <line num="340" count="83" type="stmt"/>
        <line num="341" count="176" type="stmt"/>
        <line num="348" count="3" type="cond" truecount="2" falsecount="0"/>
        <line num="349" count="2" type="stmt"/>
        <line num="350" count="2" type="cond" truecount="2" falsecount="0"/>
        <line num="358" count="0" type="stmt"/>
        <line num="359" count="0" type="stmt"/>
        <line num="360" count="0" type="stmt"/>
        <line num="361" count="0" type="stmt"/>
        <line num="362" count="0" type="stmt"/>
        <line num="364" count="0" type="stmt"/>
        <line num="371" count="1" type="stmt"/>
        <line num="372" count="1" type="stmt"/>
        <line num="379" count="2" type="stmt"/>
        <line num="387" count="1" type="stmt"/>
      </file>
      <file name="InterfaceTableManager.js" path="C:\Projects\ezHealthKonnect\services\InterfaceTableManager.js">
        <metrics statements="120" coveredstatements="30" conditionals="50" coveredconditionals="13" methods="20" coveredmethods="4"/>
        <line num="4" count="1" type="stmt"/>
        <line num="5" count="1" type="stmt"/>
        <line num="9" count="1" type="stmt"/>
        <line num="10" count="1" type="stmt"/>
        <line num="11" count="1" type="stmt"/>
        <line num="12" count="1" type="stmt"/>
        <line num="13" count="1" type="stmt"/>
        <line num="38" count="3" type="stmt"/>
        <line num="39" count="3" type="stmt"/>
        <line num="46" count="0" type="stmt"/>
        <line num="49" count="0" type="cond" truecount="0" falsecount="2"/>
        <line num="50" count="0" type="stmt"/>
        <line num="53" count="0" type="stmt"/>
        <line num="55" count="0" type="stmt"/>
        <line num="57" count="0" type="cond" truecount="0" falsecount="2"/>
        <line num="58" count="0" type="stmt"/>
        <line num="59" count="0" type="stmt"/>
        <line num="62" count="0" type="stmt"/>
        <line num="63" count="0" type="stmt"/>
        <line num="67" count="0" type="stmt"/>
        <line num="73" count="0" type="stmt"/>
        <line num="76" count="0" type="stmt"/>
        <line num="77" count="0" type="stmt"/>
        <line num="85" count="0" type="stmt"/>
        <line num="93" count="0" type="stmt"/>
        <line num="98" count="0" type="stmt"/>
        <line num="105" count="0" type="stmt"/>
        <line num="113" count="0" type="stmt"/>
        <line num="118" count="0" type="stmt"/>
        <line num="119" count="0" type="stmt"/>
        <line num="121" count="0" type="stmt"/>
        <line num="132" count="0" type="stmt"/>
        <line num="134" count="0" type="stmt"/>
        <line num="161" count="0" type="stmt"/>
        <line num="162" count="0" type="stmt"/>
        <line num="163" count="0" type="cond" truecount="0" falsecount="2"/>
        <line num="164" count="0" type="stmt"/>
        <line num="168" count="0" type="cond" truecount="0" falsecount="2"/>
        <line num="169" count="0" type="stmt"/>
        <line num="170" count="0" type="stmt"/>
        <line num="171" count="0" type="stmt"/>
        <line num="179" count="0" type="stmt"/>
        <line num="181" count="0" type="cond" truecount="0" falsecount="2"/>
        <line num="182" count="0" type="stmt"/>
        <line num="183" count="0" type="stmt"/>
        <line num="184" count="0" type="stmt"/>
        <line num="187" count="0" type="stmt"/>
        <line num="194" count="0" type="stmt"/>
        <line num="195" count="0" type="stmt"/>
        <line num="197" count="0" type="stmt"/>
        <line num="199" count="0" type="stmt"/>
        <line num="202" count="0" type="stmt"/>
        <line num="203" count="0" type="stmt"/>
        <line num="207" count="0" type="stmt"/>
        <line num="210" count="0" type="stmt"/>
        <line num="217" count="1" type="stmt"/>
        <line num="304" count="0" type="stmt"/>
        <line num="305" count="0" type="cond" truecount="0" falsecount="2"/>
        <line num="306" count="0" type="stmt"/>
        <line num="308" count="0" type="stmt"/>
        <line num="309" count="0" type="stmt"/>
        <line num="310" count="0" type="cond" truecount="0" falsecount="2"/>
        <line num="317" count="0" type="stmt"/>
        <line num="330" count="0" type="stmt"/>
        <line num="343" count="0" type="stmt"/>
        <line num="353" count="0" type="cond" truecount="0" falsecount="2"/>
        <line num="355" count="0" type="stmt"/>
        <line num="370" count="0" type="stmt"/>
        <line num="383" count="0" type="stmt"/>
        <line num="388" count="0" type="stmt"/>
        <line num="389" count="0" type="stmt"/>
        <line num="405" count="10" type="stmt"/>
        <line num="406" count="10" type="stmt"/>
        <line num="409" count="10" type="cond" truecount="2" falsecount="0"/>
        <line num="410" count="7" type="stmt"/>
        <line num="418" count="7" type="cond" truecount="2" falsecount="0"/>
        <line num="419" count="6" type="stmt"/>
        <line num="421" count="1" type="stmt"/>
        <line num="422" count="1" type="stmt"/>
        <line num="426" count="10" type="cond" truecount="2" falsecount="0"/>
        <line num="427" count="2" type="stmt"/>
        <line num="428" count="2" type="stmt"/>
        <line num="431" count="10" type="cond" truecount="2" falsecount="0"/>
        <line num="432" count="1" type="stmt"/>
        <line num="433" count="1" type="stmt"/>
        <line num="436" count="10" type="cond" truecount="2" falsecount="0"/>
        <line num="437" count="1" type="stmt"/>
        <line num="438" count="1" type="stmt"/>
        <line num="441" count="10" type="cond" truecount="2" falsecount="0"/>
        <line num="442" count="10" type="stmt"/>
        <line num="446" count="0" type="stmt"/>
        <line num="449" count="0" type="cond" truecount="0" falsecount="1"/>
        <line num="452" count="0" type="cond" truecount="0" falsecount="2"/>
        <line num="453" count="0" type="stmt"/>
        <line num="454" count="0" type="stmt"/>
        <line num="474" count="0" type="stmt"/>
        <line num="485" count="0" type="stmt"/>
        <line num="487" count="0" type="stmt"/>
        <line num="488" count="0" type="stmt"/>
        <line num="489" count="0" type="stmt"/>
        <line num="491" count="0" type="stmt"/>
        <line num="492" count="0" type="cond" truecount="0" falsecount="2"/>
        <line num="493" count="0" type="cond" truecount="0" falsecount="2"/>
        <line num="496" count="0" type="stmt"/>
        <line num="503" count="0" type="cond" truecount="0" falsecount="2"/>
        <line num="508" count="0" type="stmt"/>
        <line num="516" count="0" type="stmt"/>
        <line num="522" count="0" type="stmt"/>
        <line num="533" count="0" type="stmt"/>
        <line num="534" count="0" type="stmt"/>
        <line num="536" count="0" type="stmt"/>
        <line num="558" count="0" type="stmt"/>
        <line num="560" count="0" type="cond" truecount="0" falsecount="2"/>
        <line num="561" count="0" type="stmt"/>
        <line num="564" count="0" type="stmt"/>
        <line num="578" count="0" type="stmt"/>
        <line num="582" count="0" type="stmt"/>
        <line num="593" count="0" type="stmt"/>
        <line num="602" count="0" type="stmt"/>
        <line num="608" count="1" type="stmt"/>
      </file>
      <file name="WizardMappingService.js" path="C:\Projects\ezHealthKonnect\services\WizardMappingService.js">
        <metrics statements="188" coveredstatements="89" conditionals="129" coveredconditionals="66" methods="26" coveredmethods="18"/>
        <line num="7" count="26" type="cond" truecount="1" falsecount="1"/>
        <line num="8" count="26" type="stmt"/>
        <line num="15" count="0" type="stmt"/>
        <line num="17" count="0" type="stmt"/>
        <line num="18" count="0" type="cond" truecount="0" falsecount="4"/>
        <line num="19" count="0" type="stmt"/>
        <line num="20" count="0" type="stmt"/>
        <line num="23" count="0" type="stmt"/>
        <line num="26" count="0" type="stmt"/>
        <line num="28" count="0" type="stmt"/>
        <line num="29" count="0" type="cond" truecount="0" falsecount="4"/>
        <line num="30" count="0" type="stmt"/>
        <line num="31" count="0" type="stmt"/>
        <line num="34" count="0" type="stmt"/>
        <line num="37" count="0" type="stmt"/>
        <line num="39" count="0" type="stmt"/>
        <line num="40" count="0" type="stmt"/>
        <line num="50" count="0" type="stmt"/>
        <line num="51" count="0" type="stmt"/>
        <line num="53" count="0" type="stmt"/>
        <line num="54" count="0" type="stmt"/>
        <line num="62" count="26" type="stmt"/>
        <line num="63" count="26" type="stmt"/>
        <line num="65" count="26" type="stmt"/>
        <line num="66" count="26" type="stmt"/>
        <line num="82" count="0" type="stmt"/>
        <line num="84" count="0" type="stmt"/>
        <line num="85" count="0" type="stmt"/>
        <line num="86" count="0" type="stmt"/>
        <line num="89" count="0" type="stmt"/>
        <line num="96" count="0" type="stmt"/>
        <line num="103" count="0" type="stmt"/>
        <line num="109" count="0" type="stmt"/>
        <line num="114" count="0" type="stmt"/>
        <line num="116" count="0" type="stmt"/>
        <line num="132" count="0" type="stmt"/>
        <line num="133" count="0" type="stmt"/>
        <line num="136" count="0" type="stmt"/>
        <line num="137" count="0" type="stmt"/>
        <line num="142" count="0" type="stmt"/>
        <line num="148" count="0" type="stmt"/>
        <line num="157" count="0" type="stmt"/>
        <line num="159" count="0" type="stmt"/>
        <line num="161" count="0" type="stmt"/>
        <line num="162" count="0" type="stmt"/>
        <line num="169" count="0" type="stmt"/>
        <line num="171" count="0" type="stmt"/>
        <line num="183" count="0" type="stmt"/>
        <line num="190" count="0" type="stmt"/>
        <line num="191" count="0" type="stmt"/>
        <line num="193" count="0" type="cond" truecount="0" falsecount="2"/>
        <line num="194" count="0" type="stmt"/>
        <line num="197" count="0" type="stmt"/>
        <line num="199" count="0" type="stmt"/>
        <line num="209" count="0" type="stmt"/>
        <line num="217" count="0" type="stmt"/>
        <line num="218" count="0" type="stmt"/>
        <line num="220" count="0" type="cond" truecount="0" falsecount="4"/>
        <line num="221" count="0" type="stmt"/>
        <line num="222" count="0" type="stmt"/>
        <line num="226" count="0" type="stmt"/>
        <line num="230" count="0" type="stmt"/>
        <line num="232" count="0" type="stmt"/>
        <line num="233" count="0" type="stmt"/>
        <line num="234" count="0" type="stmt"/>
        <line num="236" count="0" type="stmt"/>
        <line num="263" count="0" type="stmt"/>
        <line num="281" count="0" type="stmt"/>
        <line num="282" count="0" type="stmt"/>
        <line num="285" count="0" type="stmt"/>
        <line num="293" count="0" type="stmt"/>
        <line num="294" count="0" type="stmt"/>
        <line num="301" count="0" type="cond" truecount="0" falsecount="2"/>
        <line num="302" count="0" type="stmt"/>
        <line num="304" count="0" type="cond" truecount="0" falsecount="4"/>
        <line num="305" count="0" type="stmt"/>
        <line num="306" count="0" type="stmt"/>
        <line num="309" count="0" type="stmt"/>
        <line num="310" count="0" type="stmt"/>
        <line num="317" count="0" type="stmt"/>
        <line num="334" count="0" type="stmt"/>
        <line num="342" count="0" type="stmt"/>
        <line num="344" count="0" type="stmt"/>
        <line num="349" count="0" type="stmt"/>
        <line num="356" count="0" type="stmt"/>
        <line num="357" count="0" type="stmt"/>
        <line num="359" count="0" type="cond" truecount="0" falsecount="4"/>
        <line num="360" count="0" type="stmt"/>
        <line num="361" count="0" type="stmt"/>
        <line num="364" count="0" type="stmt"/>
        <line num="365" count="0" type="stmt"/>
        <line num="366" count="0" type="stmt"/>
        <line num="383" count="0" type="stmt"/>
        <line num="395" count="0" type="stmt"/>
        <line num="396" count="0" type="cond" truecount="0" falsecount="2"/>
        <line num="397" count="0" type="stmt"/>
        <line num="401" count="0" type="stmt"/>
        <line num="408" count="0" type="stmt"/>
        <line num="409" count="0" type="stmt"/>
        <line num="420" count="1" type="stmt"/>
        <line num="421" count="1" type="cond" truecount="1" falsecount="1"/>
        <line num="423" count="1" type="cond" truecount="1" falsecount="1"/>
        <line num="424" count="1" type="stmt"/>
        <line num="426" count="1" type="cond" truecount="1" falsecount="1"/>
        <line num="427" count="1" type="stmt"/>
        <line num="429" count="1" type="stmt"/>
        <line num="430" count="1" type="cond" truecount="1" falsecount="1"/>
        <line num="433" count="1" type="cond" truecount="3" falsecount="1"/>
        <line num="434" count="1" type="stmt"/>
        <line num="436" count="0" type="stmt"/>
        <line num="437" count="0" type="stmt"/>
        <line num="440" count="1" type="stmt"/>
        <line num="451" count="1" type="stmt"/>
        <line num="467" count="1" type="stmt"/>
        <line num="468" count="1" type="stmt"/>
        <line num="475" count="13" type="stmt"/>
        <line num="476" count="13" type="cond" truecount="1" falsecount="1"/>
        <line num="479" count="13" type="stmt"/>
        <line num="482" count="13" type="cond" truecount="2" falsecount="0"/>
        <line num="483" count="6" type="stmt"/>
        <line num="484" count="6" type="stmt"/>
        <line num="487" count="7" type="cond" truecount="2" falsecount="0"/>
        <line num="488" count="1" type="stmt"/>
        <line num="489" count="1" type="stmt"/>
        <line num="492" count="6" type="cond" truecount="2" falsecount="0"/>
        <line num="493" count="1" type="stmt"/>
        <line num="494" count="1" type="stmt"/>
        <line num="497" count="5" type="cond" truecount="2" falsecount="0"/>
        <line num="498" count="1" type="stmt"/>
        <line num="499" count="1" type="stmt"/>
        <line num="502" count="4" type="cond" truecount="2" falsecount="0"/>
        <line num="503" count="1" type="stmt"/>
        <line num="504" count="1" type="stmt"/>
        <line num="507" count="3" type="stmt"/>
        <line num="508" count="3" type="stmt"/>
        <line num="509" count="3" type="cond" truecount="1" falsecount="1"/>
        <line num="510" count="3" type="cond" truecount="1" falsecount="1"/>
        <line num="511" count="3" type="cond" truecount="1" falsecount="1"/>
        <line num="512" count="3" type="cond" truecount="1" falsecount="1"/>
        <line num="513" count="3" type="cond" truecount="1" falsecount="1"/>
        <line num="516" count="3" type="cond" truecount="1" falsecount="1"/>
        <line num="517" count="0" type="stmt"/>
        <line num="522" count="13" type="cond" truecount="4" falsecount="0"/>
        <line num="523" count="10" type="stmt"/>
        <line num="524" count="12" type="cond" truecount="4" falsecount="0"/>
        <line num="530" count="10" type="cond" truecount="2" falsecount="0"/>
        <line num="531" count="1" type="stmt"/>
        <line num="534" count="10" type="stmt"/>
        <line num="537" count="3" type="stmt"/>
        <line num="544" count="3" type="cond" truecount="3" falsecount="0"/>
        <line num="555" count="3" type="cond" truecount="2" falsecount="0"/>
        <line num="558" count="3" type="cond" truecount="2" falsecount="0"/>
        <line num="561" count="3" type="cond" truecount="1" falsecount="1"/>
        <line num="562" count="0" type="stmt"/>
        <line num="563" count="0" type="cond" truecount="0" falsecount="4"/>
        <line num="564" count="0" type="stmt"/>
        <line num="570" count="3" type="stmt"/>
        <line num="571" count="3" type="stmt"/>
        <line num="572" count="2" type="cond" truecount="4" falsecount="0"/>
        <line num="573" count="1" type="stmt"/>
        <line num="578" count="3" type="cond" truecount="2" falsecount="0"/>
        <line num="579" count="1" type="stmt"/>
        <line num="582" count="3" type="stmt"/>
        <line num="583" count="3" type="stmt"/>
        <line num="590" count="2" type="cond" truecount="3" falsecount="0"/>
        <line num="591" count="2" type="stmt"/>
        <line num="593" count="2" type="stmt"/>
        <line num="618" count="4" type="stmt"/>
        <line num="619" count="4" type="stmt"/>
        <line num="630" count="4" type="stmt"/>
        <line num="638" count="4" type="cond" truecount="2" falsecount="0"/>
        <line num="645" count="2" type="stmt"/>
        <line num="646" count="2" type="stmt"/>
        <line num="649" count="2" type="stmt"/>
        <line num="655" count="2" type="stmt"/>
        <line num="656" count="2" type="cond" truecount="2" falsecount="0"/>
        <line num="657" count="1" type="stmt"/>
        <line num="658" count="1" type="stmt"/>
        <line num="670" count="2" type="stmt"/>
        <line num="677" count="4" type="stmt"/>
        <line num="678" count="4" type="cond" truecount="2" falsecount="0"/>
        <line num="686" count="2" type="stmt"/>
        <line num="687" count="4" type="stmt"/>
        <line num="688" count="4" type="cond" truecount="2" falsecount="0"/>
        <line num="689" count="3" type="stmt"/>
        <line num="691" count="4" type="stmt"/>
        <line num="696" count="4" type="stmt"/>
        <line num="701" count="1" type="stmt"/>
      </file>
      <file name="interfaceTemplateSanitizer.js" path="C:\Projects\ezHealthKonnect\services\interfaceTemplateSanitizer.js">
        <metrics statements="97" coveredstatements="93" conditionals="105" coveredconditionals="83" methods="17" coveredmethods="17"/>
        <line num="7" count="1" type="stmt"/>
        <line num="64" count="1" type="stmt"/>
        <line num="94" count="72" type="stmt"/>
        <line num="97" count="72" type="stmt"/>
        <line num="98" count="1548" type="cond" truecount="5" falsecount="0"/>
        <line num="99" count="3" type="stmt"/>
        <line num="104" count="69" type="stmt"/>
        <line num="105" count="1451" type="cond" truecount="2" falsecount="0"/>
        <line num="106" count="63" type="stmt"/>
        <line num="110" count="6" type="stmt"/>
        <line num="118" count="17" type="cond" truecount="5" falsecount="0"/>
        <line num="119" count="2" type="stmt"/>
        <line num="122" count="15" type="stmt"/>
        <line num="123" count="15" type="stmt"/>
        <line num="125" count="15" type="stmt"/>
        <line num="126" count="19" type="cond" truecount="2" falsecount="0"/>
        <line num="128" count="19" type="cond" truecount="2" falsecount="0"/>
        <line num="130" count="13" type="stmt"/>
        <line num="131" count="13" type="stmt"/>
        <line num="132" count="6" type="cond" truecount="5" falsecount="0"/>
        <line num="134" count="1" type="stmt"/>
        <line num="135" count="1" type="stmt"/>
        <line num="136" count="1" type="stmt"/>
        <line num="138" count="5" type="stmt"/>
        <line num="142" count="15" type="stmt"/>
        <line num="153" count="10" type="stmt"/>
        <line num="185" count="10" type="stmt"/>
        <line num="187" count="9" type="stmt"/>
        <line num="188" count="9" type="cond" truecount="2" falsecount="0"/>
        <line num="190" count="9" type="stmt"/>
        <line num="207" count="8" type="stmt"/>
        <line num="224" count="8" type="stmt"/>
        <line num="225" count="8" type="stmt"/>
        <line num="226" count="8" type="cond" truecount="2" falsecount="0"/>
        <line num="227" count="8" type="stmt"/>
        <line num="228" count="16" type="cond" truecount="2" falsecount="0"/>
        <line num="229" count="4" type="cond" truecount="1" falsecount="2"/>
        <line num="230" count="4" type="stmt"/>
        <line num="240" count="8" type="stmt"/>
        <line num="255" count="1" type="stmt"/>
        <line num="266" count="7" type="cond" truecount="4" falsecount="0"/>
        <line num="267" count="2" type="cond" truecount="2" falsecount="0"/>
        <line num="270" count="5" type="stmt"/>
        <line num="271" count="5" type="stmt"/>
        <line num="272" count="4" type="cond" truecount="1" falsecount="1"/>
        <line num="273" count="5" type="cond" truecount="1" falsecount="2"/>
        <line num="276" count="5" type="cond" truecount="2" falsecount="0"/>
        <line num="277" count="4" type="cond" truecount="4" falsecount="0"/>
        <line num="279" count="3" type="cond" truecount="1" falsecount="3"/>
        <line num="280" count="3" type="stmt"/>
        <line num="281" count="4" type="stmt"/>
        <line num="283" count="3" type="stmt"/>
        <line num="285" count="4" type="stmt"/>
        <line num="288" count="5" type="stmt"/>
        <line num="308" count="3" type="stmt"/>
        <line num="309" count="3" type="stmt"/>
        <line num="310" count="3" type="stmt"/>
        <line num="312" count="3" type="cond" truecount="1" falsecount="1"/>
        <line num="313" count="3" type="stmt"/>
        <line num="314" count="2" type="cond" truecount="1" falsecount="1"/>
        <line num="315" count="2" type="cond" truecount="1" falsecount="2"/>
        <line num="316" count="2" type="cond" truecount="1" falsecount="1"/>
        <line num="318" count="2" type="cond" truecount="4" falsecount="0"/>
        <line num="319" count="1" type="stmt"/>
        <line num="321" count="1" type="stmt"/>
        <line num="322" count="1" type="cond" truecount="1" falsecount="1"/>
        <line num="323" count="1" type="stmt"/>
        <line num="329" count="1" type="cond" truecount="2" falsecount="2"/>
        <line num="330" count="0" type="stmt"/>
        <line num="331" count="0" type="stmt"/>
        <line num="332" count="0" type="cond" truecount="0" falsecount="2"/>
        <line num="333" count="0" type="stmt"/>
        <line num="343" count="3" type="stmt"/>
        <line num="347" count="3" type="cond" truecount="2" falsecount="0"/>
        <line num="348" count="3" type="cond" truecount="2" falsecount="0"/>
        <line num="349" count="3" type="stmt"/>
        <line num="353" count="3" type="stmt"/>
        <line num="355" count="3" type="stmt"/>
        <line num="356" count="3" type="stmt"/>
        <line num="357" count="2" type="stmt"/>
        <line num="362" count="3" type="stmt"/>
        <line num="366" count="1" type="stmt"/>
        <line num="371" count="3" type="stmt"/>
        <line num="372" count="3" type="stmt"/>
        <line num="373" count="6" type="stmt"/>
        <line num="374" count="6" type="cond" truecount="1" falsecount="1"/>
        <line num="375" count="6" type="stmt"/>
        <line num="376" count="6" type="stmt"/>
        <line num="379" count="3" type="stmt"/>
        <line num="381" count="3" type="stmt"/>
        <line num="404" count="3" type="cond" truecount="4" falsecount="0"/>
        <line num="405" count="2" type="stmt"/>
        <line num="406" count="2" type="stmt"/>
        <line num="407" count="3" type="cond" truecount="5" falsecount="0"/>
        <line num="408" count="2" type="stmt"/>
        <line num="411" count="2" type="stmt"/>
        <line num="414" count="1" type="stmt"/>
      </file>
    </package>
  </project>
</coverage>
