{"C:\\Projects\\ezHealthKonnect\\controllers\\interfacesController.js": {"path":"C:\\Projects\\ezHealthKonnect\\controllers\\interfacesController.js","statementMap":{"0":{"start":{"line":2,"column":0},"end":{"line":2,"column":95}},"1":{"start":{"line":3,"column":86},"end":{"line":3,"column":124}},"2":{"start":{"line":4,"column":21},"end":{"line":4,"column":56}},"3":{"start":{"line":9,"column":63},"end":{"line":9,"column":94}},"4":{"start":{"line":16,"column":25},"end":{"line":16,"column":35}},"5":{"start":{"line":33,"column":4},"end":{"line":33,"column":54}},"6":{"start":{"line":33,"column":41},"end":{"line":33,"column":54}},"7":{"start":{"line":34,"column":4},"end":{"line":34,"column":68}},"8":{"start":{"line":34,"column":28},"end":{"line":34,"column":68}},"9":{"start":{"line":35,"column":4},"end":{"line":41,"column":5}},"10":{"start":{"line":36,"column":8},"end":{"line":40,"column":9}},"11":{"start":{"line":37,"column":12},"end":{"line":37,"column":59}},"12":{"start":{"line":37,"column":47},"end":{"line":37,"column":59}},"13":{"start":{"line":38,"column":15},"end":{"line":40,"column":9}},"14":{"start":{"line":39,"column":12},"end":{"line":39,"column":24}},"15":{"start":{"line":42,"column":4},"end":{"line":42,"column":17}},"16":{"start":{"line":51,"column":4},"end":{"line":51,"column":52}},"17":{"start":{"line":51,"column":41},"end":{"line":51,"column":52}},"18":{"start":{"line":52,"column":4},"end":{"line":52,"column":64}},"19":{"start":{"line":52,"column":28},"end":{"line":52,"column":64}},"20":{"start":{"line":53,"column":19},"end":{"line":53,"column":21}},"21":{"start":{"line":54,"column":4},"end":{"line":62,"column":5}},"22":{"start":{"line":55,"column":8},"end":{"line":61,"column":9}},"23":{"start":{"line":56,"column":12},"end":{"line":56,"column":53}},"24":{"start":{"line":57,"column":15},"end":{"line":61,"column":9}},"25":{"start":{"line":58,"column":12},"end":{"line":58,"column":43}},"26":{"start":{"line":60,"column":12},"end":{"line":60,"column":32}},"27":{"start":{"line":63,"column":4},"end":{"line":63,"column":18}},"28":{"start":{"line":82,"column":4},"end":{"line":82,"column":67}},"29":{"start":{"line":82,"column":51},"end":{"line":82,"column":67}},"30":{"start":{"line":83,"column":4},"end":{"line":86,"column":5}},"31":{"start":{"line":84,"column":28},"end":{"line":84,"column":67}},"32":{"start":{"line":85,"column":8},"end":{"line":85,"column":84}},"33":{"start":{"line":85,"column":41},"end":{"line":85,"column":82}},"34":{"start":{"line":87,"column":24},"end":{"line":87,"column":110}},"35":{"start":{"line":88,"column":19},"end":{"line":88,"column":21}},"36":{"start":{"line":89,"column":4},"end":{"line":97,"column":5}},"37":{"start":{"line":90,"column":8},"end":{"line":96,"column":9}},"38":{"start":{"line":91,"column":12},"end":{"line":91,"column":71}},"39":{"start":{"line":92,"column":15},"end":{"line":96,"column":9}},"40":{"start":{"line":93,"column":12},"end":{"line":93,"column":43}},"41":{"start":{"line":95,"column":12},"end":{"line":95,"column":32}},"42":{"start":{"line":98,"column":4},"end":{"line":98,"column":18}},"43":{"start":{"line":103,"column":8},"end":{"line":103,"column":48}},"44":{"start":{"line":105,"column":8},"end":{"line":116,"column":9}},"45":{"start":{"line":106,"column":12},"end":{"line":106,"column":59}},"46":{"start":{"line":107,"column":12},"end":{"line":107,"column":58}},"47":{"start":{"line":108,"column":12},"end":{"line":108,"column":74}},"48":{"start":{"line":109,"column":12},"end":{"line":109,"column":80}},"49":{"start":{"line":110,"column":12},"end":{"line":110,"column":84}},"50":{"start":{"line":111,"column":12},"end":{"line":111,"column":79}},"51":{"start":{"line":112,"column":12},"end":{"line":112,"column":98}},"52":{"start":{"line":114,"column":12},"end":{"line":114,"column":60}},"53":{"start":{"line":115,"column":12},"end":{"line":115,"column":24}},"54":{"start":{"line":123,"column":8},"end":{"line":126,"column":9}},"55":{"start":{"line":124,"column":12},"end":{"line":124,"column":70}},"56":{"start":{"line":125,"column":12},"end":{"line":125,"column":58}},"57":{"start":{"line":128,"column":8},"end":{"line":131,"column":9}},"58":{"start":{"line":129,"column":12},"end":{"line":129,"column":72}},"59":{"start":{"line":130,"column":12},"end":{"line":130,"column":42}},"60":{"start":{"line":133,"column":8},"end":{"line":135,"column":9}},"61":{"start":{"line":134,"column":12},"end":{"line":134,"column":54}},"62":{"start":{"line":143,"column":8},"end":{"line":143,"column":72}},"63":{"start":{"line":144,"column":8},"end":{"line":144,"column":66}},"64":{"start":{"line":145,"column":8},"end":{"line":145,"column":65}},"65":{"start":{"line":146,"column":8},"end":{"line":146,"column":86}},"66":{"start":{"line":148,"column":8},"end":{"line":328,"column":9}},"67":{"start":{"line":149,"column":12},"end":{"line":149,"column":40}},"68":{"start":{"line":151,"column":27},"end":{"line":151,"column":46}},"69":{"start":{"line":152,"column":30},"end":{"line":152,"column":52}},"70":{"start":{"line":154,"column":12},"end":{"line":154,"column":89}},"71":{"start":{"line":157,"column":31},"end":{"line":221,"column":14}},"72":{"start":{"line":223,"column":12},"end":{"line":223,"column":90}},"73":{"start":{"line":226,"column":42},"end":{"line":300,"column":15}},"74":{"start":{"line":226,"column":66},"end":{"line":300,"column":13}},"75":{"start":{"line":302,"column":12},"end":{"line":311,"column":106}},"76":{"start":{"line":311,"column":28},"end":{"line":311,"column":104}},"77":{"start":{"line":313,"column":12},"end":{"line":318,"column":15}},"78":{"start":{"line":321,"column":12},"end":{"line":321,"column":60}},"79":{"start":{"line":322,"column":12},"end":{"line":322,"column":57}},"80":{"start":{"line":323,"column":12},"end":{"line":327,"column":15}},"81":{"start":{"line":336,"column":8},"end":{"line":336,"column":68}},"82":{"start":{"line":338,"column":8},"end":{"line":558,"column":9}},"83":{"start":{"line":339,"column":12},"end":{"line":339,"column":40}},"84":{"start":{"line":341,"column":27},"end":{"line":341,"column":46}},"85":{"start":{"line":342,"column":30},"end":{"line":342,"column":52}},"86":{"start":{"line":360,"column":16},"end":{"line":360,"column":24}},"87":{"start":{"line":362,"column":12},"end":{"line":362,"column":58}},"88":{"start":{"line":363,"column":12},"end":{"line":363,"column":49}},"89":{"start":{"line":364,"column":12},"end":{"line":364,"column":91}},"90":{"start":{"line":365,"column":12},"end":{"line":365,"column":91}},"91":{"start":{"line":368,"column":44},"end":{"line":368,"column":115}},"92":{"start":{"line":369,"column":44},"end":{"line":369,"column":115}},"93":{"start":{"line":371,"column":12},"end":{"line":371,"column":84}},"94":{"start":{"line":372,"column":12},"end":{"line":372,"column":84}},"95":{"start":{"line":375,"column":40},"end":{"line":375,"column":64}},"96":{"start":{"line":376,"column":35},"end":{"line":376,"column":54}},"97":{"start":{"line":377,"column":41},"end":{"line":377,"column":61}},"98":{"start":{"line":379,"column":12},"end":{"line":379,"column":70}},"99":{"start":{"line":380,"column":12},"end":{"line":380,"column":60}},"100":{"start":{"line":381,"column":12},"end":{"line":383,"column":13}},"101":{"start":{"line":382,"column":16},"end":{"line":382,"column":77}},"102":{"start":{"line":386,"column":12},"end":{"line":391,"column":13}},"103":{"start":{"line":387,"column":16},"end":{"line":390,"column":19}},"104":{"start":{"line":394,"column":38},"end":{"line":400,"column":14}},"105":{"start":{"line":402,"column":12},"end":{"line":407,"column":13}},"106":{"start":{"line":403,"column":16},"end":{"line":406,"column":19}},"107":{"start":{"line":411,"column":33},"end":{"line":427,"column":14}},"108":{"start":{"line":428,"column":12},"end":{"line":430,"column":23}},"109":{"start":{"line":432,"column":34},"end":{"line":457,"column":14}},"110":{"start":{"line":459,"column":37},"end":{"line":459,"column":53}},"111":{"start":{"line":460,"column":12},"end":{"line":460,"column":113}},"112":{"start":{"line":461,"column":12},"end":{"line":461,"column":114}},"113":{"start":{"line":462,"column":12},"end":{"line":462,"column":114}},"114":{"start":{"line":465,"column":12},"end":{"line":481,"column":13}},"115":{"start":{"line":466,"column":37},"end":{"line":466,"column":81}},"116":{"start":{"line":469,"column":34},"end":{"line":472,"column":17}},"117":{"start":{"line":473,"column":16},"end":{"line":473,"column":72}},"118":{"start":{"line":478,"column":16},"end":{"line":478,"column":110}},"119":{"start":{"line":480,"column":16},"end":{"line":480,"column":105}},"120":{"start":{"line":484,"column":38},"end":{"line":511,"column":13}},"121":{"start":{"line":513,"column":12},"end":{"line":530,"column":106}},"122":{"start":{"line":530,"column":28},"end":{"line":530,"column":104}},"123":{"start":{"line":532,"column":12},"end":{"line":536,"column":15}},"124":{"start":{"line":539,"column":12},"end":{"line":539,"column":62}},"125":{"start":{"line":541,"column":12},"end":{"line":551,"column":112}},"126":{"start":{"line":551,"column":28},"end":{"line":551,"column":110}},"127":{"start":{"line":553,"column":12},"end":{"line":557,"column":15}},"128":{"start":{"line":566,"column":8},"end":{"line":566,"column":56}},"129":{"start":{"line":568,"column":8},"end":{"line":734,"column":9}},"130":{"start":{"line":569,"column":12},"end":{"line":569,"column":40}},"131":{"start":{"line":571,"column":27},"end":{"line":571,"column":46}},"132":{"start":{"line":572,"column":30},"end":{"line":572,"column":52}},"133":{"start":{"line":573,"column":32},"end":{"line":573,"column":54}},"134":{"start":{"line":575,"column":12},"end":{"line":575,"column":87}},"135":{"start":{"line":577,"column":34},"end":{"line":622,"column":14}},"136":{"start":{"line":624,"column":12},"end":{"line":629,"column":13}},"137":{"start":{"line":625,"column":16},"end":{"line":628,"column":19}},"138":{"start":{"line":631,"column":25},"end":{"line":631,"column":41}},"139":{"start":{"line":632,"column":41},"end":{"line":706,"column":13}},"140":{"start":{"line":708,"column":12},"end":{"line":708,"column":59}},"141":{"start":{"line":710,"column":12},"end":{"line":720,"column":105}},"142":{"start":{"line":720,"column":28},"end":{"line":720,"column":103}},"143":{"start":{"line":722,"column":12},"end":{"line":725,"column":15}},"144":{"start":{"line":728,"column":12},"end":{"line":728,"column":59}},"145":{"start":{"line":729,"column":12},"end":{"line":733,"column":15}},"146":{"start":{"line":741,"column":8},"end":{"line":741,"column":49}},"147":{"start":{"line":743,"column":8},"end":{"line":802,"column":9}},"148":{"start":{"line":744,"column":12},"end":{"line":744,"column":40}},"149":{"start":{"line":746,"column":27},"end":{"line":746,"column":46}},"150":{"start":{"line":747,"column":30},"end":{"line":747,"column":52}},"151":{"start":{"line":748,"column":32},"end":{"line":748,"column":54}},"152":{"start":{"line":750,"column":12},"end":{"line":750,"column":87}},"153":{"start":{"line":753,"column":34},"end":{"line":759,"column":14}},"154":{"start":{"line":761,"column":12},"end":{"line":766,"column":13}},"155":{"start":{"line":762,"column":16},"end":{"line":765,"column":19}},"156":{"start":{"line":768,"column":34},"end":{"line":768,"column":50}},"157":{"start":{"line":770,"column":12},"end":{"line":775,"column":13}},"158":{"start":{"line":771,"column":16},"end":{"line":774,"column":19}},"159":{"start":{"line":778,"column":12},"end":{"line":785,"column":15}},"160":{"start":{"line":787,"column":12},"end":{"line":787,"column":102}},"161":{"start":{"line":789,"column":12},"end":{"line":793,"column":15}},"162":{"start":{"line":796,"column":12},"end":{"line":796,"column":61}},"163":{"start":{"line":797,"column":12},"end":{"line":801,"column":15}},"164":{"start":{"line":809,"column":8},"end":{"line":809,"column":48}},"165":{"start":{"line":811,"column":8},"end":{"line":870,"column":9}},"166":{"start":{"line":812,"column":12},"end":{"line":812,"column":40}},"167":{"start":{"line":814,"column":27},"end":{"line":814,"column":46}},"168":{"start":{"line":815,"column":30},"end":{"line":815,"column":52}},"169":{"start":{"line":816,"column":32},"end":{"line":816,"column":54}},"170":{"start":{"line":818,"column":12},"end":{"line":818,"column":87}},"171":{"start":{"line":821,"column":34},"end":{"line":827,"column":14}},"172":{"start":{"line":829,"column":12},"end":{"line":834,"column":13}},"173":{"start":{"line":830,"column":16},"end":{"line":833,"column":19}},"174":{"start":{"line":836,"column":34},"end":{"line":836,"column":50}},"175":{"start":{"line":838,"column":12},"end":{"line":843,"column":13}},"176":{"start":{"line":839,"column":16},"end":{"line":842,"column":19}},"177":{"start":{"line":846,"column":12},"end":{"line":853,"column":15}},"178":{"start":{"line":855,"column":12},"end":{"line":855,"column":102}},"179":{"start":{"line":857,"column":12},"end":{"line":861,"column":15}},"180":{"start":{"line":864,"column":12},"end":{"line":864,"column":60}},"181":{"start":{"line":865,"column":12},"end":{"line":869,"column":15}},"182":{"start":{"line":877,"column":8},"end":{"line":877,"column":49}},"183":{"start":{"line":879,"column":8},"end":{"line":945,"column":9}},"184":{"start":{"line":880,"column":12},"end":{"line":880,"column":40}},"185":{"start":{"line":882,"column":27},"end":{"line":882,"column":46}},"186":{"start":{"line":883,"column":30},"end":{"line":883,"column":52}},"187":{"start":{"line":884,"column":32},"end":{"line":884,"column":54}},"188":{"start":{"line":886,"column":12},"end":{"line":886,"column":86}},"189":{"start":{"line":889,"column":34},"end":{"line":895,"column":14}},"190":{"start":{"line":897,"column":12},"end":{"line":902,"column":13}},"191":{"start":{"line":898,"column":16},"end":{"line":901,"column":19}},"192":{"start":{"line":904,"column":34},"end":{"line":904,"column":50}},"193":{"start":{"line":906,"column":12},"end":{"line":911,"column":13}},"194":{"start":{"line":907,"column":16},"end":{"line":910,"column":19}},"195":{"start":{"line":913,"column":12},"end":{"line":918,"column":13}},"196":{"start":{"line":914,"column":16},"end":{"line":917,"column":19}},"197":{"start":{"line":921,"column":12},"end":{"line":928,"column":15}},"198":{"start":{"line":930,"column":12},"end":{"line":930,"column":101}},"199":{"start":{"line":932,"column":12},"end":{"line":936,"column":15}},"200":{"start":{"line":939,"column":12},"end":{"line":939,"column":61}},"201":{"start":{"line":940,"column":12},"end":{"line":944,"column":15}},"202":{"start":{"line":952,"column":8},"end":{"line":952,"column":80}},"203":{"start":{"line":954,"column":8},"end":{"line":1192,"column":9}},"204":{"start":{"line":955,"column":12},"end":{"line":955,"column":40}},"205":{"start":{"line":957,"column":27},"end":{"line":957,"column":46}},"206":{"start":{"line":958,"column":30},"end":{"line":958,"column":52}},"207":{"start":{"line":959,"column":32},"end":{"line":959,"column":54}},"208":{"start":{"line":962,"column":29},"end":{"line":962,"column":101}},"209":{"start":{"line":963,"column":32},"end":{"line":963,"column":96}},"210":{"start":{"line":966,"column":37},"end":{"line":966,"column":57}},"211":{"start":{"line":967,"column":12},"end":{"line":973,"column":13}},"212":{"start":{"line":968,"column":16},"end":{"line":968,"column":69}},"213":{"start":{"line":969,"column":16},"end":{"line":972,"column":17}},"214":{"start":{"line":970,"column":20},"end":{"line":970,"column":40}},"215":{"start":{"line":971,"column":20},"end":{"line":971,"column":49}},"216":{"start":{"line":975,"column":12},"end":{"line":975,"column":87}},"217":{"start":{"line":976,"column":12},"end":{"line":976,"column":57}},"218":{"start":{"line":977,"column":12},"end":{"line":977,"column":63}},"219":{"start":{"line":980,"column":34},"end":{"line":986,"column":14}},"220":{"start":{"line":988,"column":12},"end":{"line":993,"column":13}},"221":{"start":{"line":989,"column":16},"end":{"line":992,"column":19}},"222":{"start":{"line":995,"column":34},"end":{"line":995,"column":50}},"223":{"start":{"line":999,"column":12},"end":{"line":1015,"column":13}},"224":{"start":{"line":1000,"column":16},"end":{"line":1000,"column":103}},"225":{"start":{"line":1001,"column":37},"end":{"line":1001,"column":101}},"226":{"start":{"line":1002,"column":43},"end":{"line":1005,"column":18}},"227":{"start":{"line":1007,"column":16},"end":{"line":1011,"column":17}},"228":{"start":{"line":1008,"column":20},"end":{"line":1008,"column":88}},"229":{"start":{"line":1010,"column":20},"end":{"line":1010,"column":128}},"230":{"start":{"line":1013,"column":16},"end":{"line":1013,"column":108}},"231":{"start":{"line":1014,"column":16},"end":{"line":1014,"column":99}},"232":{"start":{"line":1018,"column":12},"end":{"line":1027,"column":13}},"233":{"start":{"line":1019,"column":16},"end":{"line":1019,"column":110}},"234":{"start":{"line":1020,"column":16},"end":{"line":1026,"column":19}},"235":{"start":{"line":1030,"column":12},"end":{"line":1094,"column":13}},"236":{"start":{"line":1032,"column":16},"end":{"line":1043,"column":19}},"237":{"start":{"line":1044,"column":16},"end":{"line":1044,"column":129}},"238":{"start":{"line":1048,"column":38},"end":{"line":1075,"column":17}},"239":{"start":{"line":1076,"column":16},"end":{"line":1086,"column":17}},"240":{"start":{"line":1077,"column":20},"end":{"line":1085,"column":21}},"241":{"start":{"line":1078,"column":24},"end":{"line":1081,"column":26}},"242":{"start":{"line":1084,"column":24},"end":{"line":1084,"column":92}},"243":{"start":{"line":1087,"column":16},"end":{"line":1092,"column":19}},"244":{"start":{"line":1093,"column":16},"end":{"line":1093,"column":121}},"245":{"start":{"line":1097,"column":12},"end":{"line":1131,"column":13}},"246":{"start":{"line":1098,"column":37},"end":{"line":1098,"column":81}},"247":{"start":{"line":1099,"column":34},"end":{"line":1099,"column":81}},"248":{"start":{"line":1101,"column":16},"end":{"line":1126,"column":17}},"249":{"start":{"line":1103,"column":20},"end":{"line":1103,"column":101}},"250":{"start":{"line":1104,"column":20},"end":{"line":1104,"column":79}},"251":{"start":{"line":1107,"column":20},"end":{"line":1112,"column":23}},"252":{"start":{"line":1113,"column":20},"end":{"line":1113,"column":77}},"253":{"start":{"line":1115,"column":23},"end":{"line":1126,"column":17}},"254":{"start":{"line":1117,"column":20},"end":{"line":1120,"column":23}},"255":{"start":{"line":1121,"column":20},"end":{"line":1121,"column":92}},"256":{"start":{"line":1125,"column":20},"end":{"line":1125,"column":85}},"257":{"start":{"line":1129,"column":16},"end":{"line":1129,"column":103}},"258":{"start":{"line":1134,"column":27},"end":{"line":1134,"column":29}},"259":{"start":{"line":1135,"column":12},"end":{"line":1141,"column":13}},"260":{"start":{"line":1136,"column":16},"end":{"line":1136,"column":67}},"261":{"start":{"line":1137,"column":19},"end":{"line":1141,"column":13}},"262":{"start":{"line":1138,"column":16},"end":{"line":1138,"column":95}},"263":{"start":{"line":1140,"column":16},"end":{"line":1140,"column":75}},"264":{"start":{"line":1148,"column":12},"end":{"line":1159,"column":106}},"265":{"start":{"line":1159,"column":28},"end":{"line":1159,"column":104}},"266":{"start":{"line":1161,"column":12},"end":{"line":1169,"column":15}},"267":{"start":{"line":1172,"column":12},"end":{"line":1172,"column":62}},"268":{"start":{"line":1174,"column":12},"end":{"line":1185,"column":112}},"269":{"start":{"line":1185,"column":28},"end":{"line":1185,"column":110}},"270":{"start":{"line":1187,"column":12},"end":{"line":1191,"column":15}},"271":{"start":{"line":1199,"column":8},"end":{"line":1199,"column":50}},"272":{"start":{"line":1201,"column":8},"end":{"line":1692,"column":9}},"273":{"start":{"line":1202,"column":12},"end":{"line":1202,"column":40}},"274":{"start":{"line":1204,"column":27},"end":{"line":1204,"column":46}},"275":{"start":{"line":1205,"column":30},"end":{"line":1205,"column":52}},"276":{"start":{"line":1206,"column":32},"end":{"line":1206,"column":54}},"277":{"start":{"line":1261,"column":16},"end":{"line":1261,"column":24}},"278":{"start":{"line":1263,"column":12},"end":{"line":1263,"column":87}},"279":{"start":{"line":1264,"column":12},"end":{"line":1264,"column":48}},"280":{"start":{"line":1265,"column":12},"end":{"line":1265,"column":86}},"281":{"start":{"line":1266,"column":12},"end":{"line":1266,"column":90}},"282":{"start":{"line":1267,"column":12},"end":{"line":1267,"column":90}},"283":{"start":{"line":1268,"column":12},"end":{"line":1268,"column":99}},"284":{"start":{"line":1269,"column":12},"end":{"line":1269,"column":117}},"285":{"start":{"line":1270,"column":12},"end":{"line":1270,"column":128}},"286":{"start":{"line":1271,"column":12},"end":{"line":1271,"column":48}},"287":{"start":{"line":1272,"column":12},"end":{"line":1272,"column":144}},"288":{"start":{"line":1275,"column":38},"end":{"line":1281,"column":14}},"289":{"start":{"line":1283,"column":12},"end":{"line":1288,"column":13}},"290":{"start":{"line":1284,"column":16},"end":{"line":1287,"column":19}},"291":{"start":{"line":1302,"column":44},"end":{"line":1304,"column":22}},"292":{"start":{"line":1306,"column":44},"end":{"line":1308,"column":22}},"293":{"start":{"line":1310,"column":12},"end":{"line":1313,"column":15}},"294":{"start":{"line":1316,"column":33},"end":{"line":1330,"column":14}},"295":{"start":{"line":1346,"column":12},"end":{"line":1346,"column":45}},"296":{"start":{"line":1347,"column":12},"end":{"line":1347,"column":86}},"297":{"start":{"line":1349,"column":12},"end":{"line":1349,"column":57}},"298":{"start":{"line":1350,"column":12},"end":{"line":1350,"column":57}},"299":{"start":{"line":1357,"column":12},"end":{"line":1357,"column":59}},"300":{"start":{"line":1368,"column":12},"end":{"line":1368,"column":67}},"301":{"start":{"line":1369,"column":12},"end":{"line":1371,"column":65}},"302":{"start":{"line":1372,"column":12},"end":{"line":1374,"column":60}},"303":{"start":{"line":1387,"column":12},"end":{"line":1387,"column":49}},"304":{"start":{"line":1390,"column":12},"end":{"line":1392,"column":103}},"305":{"start":{"line":1393,"column":12},"end":{"line":1395,"column":53}},"306":{"start":{"line":1396,"column":12},"end":{"line":1398,"column":55}},"307":{"start":{"line":1399,"column":12},"end":{"line":1401,"column":97}},"308":{"start":{"line":1405,"column":12},"end":{"line":1405,"column":98}},"309":{"start":{"line":1413,"column":12},"end":{"line":1413,"column":43}},"310":{"start":{"line":1414,"column":12},"end":{"line":1423,"column":13}},"311":{"start":{"line":1415,"column":41},"end":{"line":1418,"column":17}},"312":{"start":{"line":1419,"column":36},"end":{"line":1421,"column":84}},"313":{"start":{"line":1422,"column":16},"end":{"line":1422,"column":98}},"314":{"start":{"line":1436,"column":12},"end":{"line":1438,"column":68}},"315":{"start":{"line":1444,"column":34},"end":{"line":1444,"column":79}},"316":{"start":{"line":1446,"column":30},"end":{"line":1446,"column":76}},"317":{"start":{"line":1447,"column":12},"end":{"line":1449,"column":78}},"318":{"start":{"line":1451,"column":12},"end":{"line":1454,"column":15}},"319":{"start":{"line":1464,"column":12},"end":{"line":1468,"column":28}},"320":{"start":{"line":1470,"column":12},"end":{"line":1502,"column":15}},"321":{"start":{"line":1509,"column":32},"end":{"line":1615,"column":13}},"322":{"start":{"line":1510,"column":38},"end":{"line":1510,"column":88}},"323":{"start":{"line":1511,"column":39},"end":{"line":1511,"column":89}},"324":{"start":{"line":1512,"column":16},"end":{"line":1512,"column":62}},"325":{"start":{"line":1512,"column":55},"end":{"line":1512,"column":62}},"326":{"start":{"line":1513,"column":16},"end":{"line":1614,"column":17}},"327":{"start":{"line":1529,"column":40},"end":{"line":1529,"column":44}},"328":{"start":{"line":1530,"column":20},"end":{"line":1545,"column":21}},"329":{"start":{"line":1531,"column":37},"end":{"line":1534,"column":25}},"330":{"start":{"line":1535,"column":24},"end":{"line":1535,"column":89}},"331":{"start":{"line":1535,"column":37},"end":{"line":1535,"column":89}},"332":{"start":{"line":1537,"column":37},"end":{"line":1543,"column":120}},"333":{"start":{"line":1544,"column":24},"end":{"line":1544,"column":89}},"334":{"start":{"line":1544,"column":37},"end":{"line":1544,"column":89}},"335":{"start":{"line":1547,"column":20},"end":{"line":1611,"column":21}},"336":{"start":{"line":1549,"column":41},"end":{"line":1549,"column":99}},"337":{"start":{"line":1550,"column":42},"end":{"line":1550,"column":80}},"338":{"start":{"line":1551,"column":24},"end":{"line":1559,"column":27}},"339":{"start":{"line":1560,"column":24},"end":{"line":1560,"column":145}},"340":{"start":{"line":1561,"column":27},"end":{"line":1611,"column":21}},"341":{"start":{"line":1563,"column":41},"end":{"line":1563,"column":99}},"342":{"start":{"line":1564,"column":42},"end":{"line":1564,"column":80}},"343":{"start":{"line":1565,"column":24},"end":{"line":1576,"column":27}},"344":{"start":{"line":1577,"column":24},"end":{"line":1577,"column":145}},"345":{"start":{"line":1578,"column":27},"end":{"line":1611,"column":21}},"346":{"start":{"line":1580,"column":46},"end":{"line":1580,"column":91}},"347":{"start":{"line":1581,"column":41},"end":{"line":1581,"column":88}},"348":{"start":{"line":1582,"column":42},"end":{"line":1582,"column":80}},"349":{"start":{"line":1583,"column":24},"end":{"line":1591,"column":27}},"350":{"start":{"line":1592,"column":24},"end":{"line":1592,"column":84}},"351":{"start":{"line":1593,"column":27},"end":{"line":1611,"column":21}},"352":{"start":{"line":1595,"column":46},"end":{"line":1595,"column":91}},"353":{"start":{"line":1596,"column":41},"end":{"line":1596,"column":88}},"354":{"start":{"line":1597,"column":42},"end":{"line":1597,"column":80}},"355":{"start":{"line":1598,"column":24},"end":{"line":1609,"column":27}},"356":{"start":{"line":1610,"column":24},"end":{"line":1610,"column":84}},"357":{"start":{"line":1613,"column":20},"end":{"line":1613,"column":89}},"358":{"start":{"line":1617,"column":12},"end":{"line":1617,"column":104}},"359":{"start":{"line":1618,"column":12},"end":{"line":1618,"column":105}},"360":{"start":{"line":1622,"column":12},"end":{"line":1624,"column":83}},"361":{"start":{"line":1623,"column":16},"end":{"line":1623,"column":108}},"362":{"start":{"line":1626,"column":12},"end":{"line":1626,"column":75}},"363":{"start":{"line":1628,"column":12},"end":{"line":1639,"column":106}},"364":{"start":{"line":1639,"column":28},"end":{"line":1639,"column":104}},"365":{"start":{"line":1649,"column":43},"end":{"line":1650,"column":45}},"366":{"start":{"line":1651,"column":12},"end":{"line":1663,"column":13}},"367":{"start":{"line":1652,"column":16},"end":{"line":1662,"column":122}},"368":{"start":{"line":1662,"column":32},"end":{"line":1662,"column":120}},"369":{"start":{"line":1665,"column":12},"end":{"line":1669,"column":15}},"370":{"start":{"line":1672,"column":12},"end":{"line":1672,"column":62}},"371":{"start":{"line":1674,"column":12},"end":{"line":1685,"column":112}},"372":{"start":{"line":1685,"column":28},"end":{"line":1685,"column":110}},"373":{"start":{"line":1687,"column":12},"end":{"line":1691,"column":15}},"374":{"start":{"line":1701,"column":8},"end":{"line":1720,"column":9}},"375":{"start":{"line":1702,"column":29},"end":{"line":1709,"column":13}},"376":{"start":{"line":1710,"column":12},"end":{"line":1710,"column":43}},"377":{"start":{"line":1712,"column":29},"end":{"line":1718,"column":13}},"378":{"start":{"line":1719,"column":12},"end":{"line":1719,"column":44}},"379":{"start":{"line":1727,"column":8},"end":{"line":1727,"column":35}},"380":{"start":{"line":1727,"column":25},"end":{"line":1727,"column":35}},"381":{"start":{"line":1729,"column":8},"end":{"line":1734,"column":9}},"382":{"start":{"line":1730,"column":12},"end":{"line":1730,"column":88}},"383":{"start":{"line":1732,"column":12},"end":{"line":1732,"column":70}},"384":{"start":{"line":1733,"column":12},"end":{"line":1733,"column":22}},"385":{"start":{"line":1747,"column":30},"end":{"line":1747,"column":102}},"386":{"start":{"line":1748,"column":38},"end":{"line":1757,"column":9}},"387":{"start":{"line":1759,"column":21},"end":{"line":1759,"column":60}},"388":{"start":{"line":1760,"column":23},"end":{"line":1760,"column":41}},"389":{"start":{"line":1764,"column":8},"end":{"line":1766,"column":9}},"390":{"start":{"line":1765,"column":12},"end":{"line":1765,"column":45}},"391":{"start":{"line":1768,"column":30},"end":{"line":1768,"column":82}},"392":{"start":{"line":1769,"column":8},"end":{"line":1771,"column":9}},"393":{"start":{"line":1770,"column":12},"end":{"line":1770,"column":56}},"394":{"start":{"line":1773,"column":8},"end":{"line":1773,"column":25}},"395":{"start":{"line":1787,"column":8},"end":{"line":1787,"column":32}},"396":{"start":{"line":1787,"column":20},"end":{"line":1787,"column":32}},"397":{"start":{"line":1789,"column":8},"end":{"line":1798,"column":9}},"398":{"start":{"line":1791,"column":12},"end":{"line":1797,"column":13}},"399":{"start":{"line":1792,"column":16},"end":{"line":1792,"column":34}},"400":{"start":{"line":1793,"column":16},"end":{"line":1793,"column":29}},"401":{"start":{"line":1795,"column":16},"end":{"line":1795,"column":88}},"402":{"start":{"line":1796,"column":16},"end":{"line":1796,"column":28}},"403":{"start":{"line":1801,"column":8},"end":{"line":1801,"column":37}},"404":{"start":{"line":1813,"column":29},"end":{"line":1816,"column":9}},"405":{"start":{"line":1818,"column":25},"end":{"line":1818,"column":44}},"406":{"start":{"line":1820,"column":8},"end":{"line":1820,"column":70}},"407":{"start":{"line":1821,"column":8},"end":{"line":1829,"column":11}},"408":{"start":{"line":1823,"column":12},"end":{"line":1828,"column":13}},"409":{"start":{"line":1824,"column":16},"end":{"line":1824,"column":136}},"410":{"start":{"line":1825,"column":37},"end":{"line":1825,"column":60}},"411":{"start":{"line":1826,"column":16},"end":{"line":1826,"column":76}},"412":{"start":{"line":1827,"column":16},"end":{"line":1827,"column":109}},"413":{"start":{"line":1831,"column":8},"end":{"line":1831,"column":24}},"414":{"start":{"line":1842,"column":29},"end":{"line":1842,"column":109}},"415":{"start":{"line":1844,"column":8},"end":{"line":1846,"column":9}},"416":{"start":{"line":1845,"column":12},"end":{"line":1845,"column":50}},"417":{"start":{"line":1848,"column":8},"end":{"line":1848,"column":39}},"418":{"start":{"line":1856,"column":23},"end":{"line":1856,"column":25}},"419":{"start":{"line":1859,"column":8},"end":{"line":1859,"column":75}},"420":{"start":{"line":1859,"column":33},"end":{"line":1859,"column":75}},"421":{"start":{"line":1860,"column":8},"end":{"line":1860,"column":78}},"422":{"start":{"line":1860,"column":39},"end":{"line":1860,"column":78}},"423":{"start":{"line":1861,"column":8},"end":{"line":1861,"column":78}},"424":{"start":{"line":1861,"column":39},"end":{"line":1861,"column":78}},"425":{"start":{"line":1864,"column":8},"end":{"line":1871,"column":9}},"426":{"start":{"line":1865,"column":33},"end":{"line":1869,"column":13}},"427":{"start":{"line":1870,"column":12},"end":{"line":1870,"column":41}},"428":{"start":{"line":1873,"column":8},"end":{"line":1880,"column":9}},"429":{"start":{"line":1874,"column":33},"end":{"line":1878,"column":13}},"430":{"start":{"line":1879,"column":12},"end":{"line":1879,"column":41}},"431":{"start":{"line":1882,"column":8},"end":{"line":1885,"column":10}},"432":{"start":{"line":1892,"column":23},"end":{"line":1892,"column":25}},"433":{"start":{"line":1894,"column":8},"end":{"line":1931,"column":9}},"434":{"start":{"line":1896,"column":16},"end":{"line":1896,"column":86}},"435":{"start":{"line":1896,"column":34},"end":{"line":1896,"column":86}},"436":{"start":{"line":1897,"column":16},"end":{"line":1899,"column":17}},"437":{"start":{"line":1898,"column":20},"end":{"line":1898,"column":83}},"438":{"start":{"line":1900,"column":16},"end":{"line":1900,"column":22}},"439":{"start":{"line":1903,"column":16},"end":{"line":1905,"column":17}},"440":{"start":{"line":1904,"column":20},"end":{"line":1904,"column":77}},"441":{"start":{"line":1906,"column":16},"end":{"line":1906,"column":22}},"442":{"start":{"line":1909,"column":16},"end":{"line":1911,"column":17}},"443":{"start":{"line":1910,"column":20},"end":{"line":1910,"column":78}},"444":{"start":{"line":1912,"column":16},"end":{"line":1914,"column":17}},"445":{"start":{"line":1913,"column":20},"end":{"line":1913,"column":85}},"446":{"start":{"line":1915,"column":16},"end":{"line":1915,"column":22}},"447":{"start":{"line":1918,"column":16},"end":{"line":1920,"column":17}},"448":{"start":{"line":1919,"column":20},"end":{"line":1919,"column":83}},"449":{"start":{"line":1921,"column":16},"end":{"line":1921,"column":22}},"450":{"start":{"line":1924,"column":16},"end":{"line":1926,"column":17}},"451":{"start":{"line":1925,"column":20},"end":{"line":1925,"column":73}},"452":{"start":{"line":1927,"column":16},"end":{"line":1929,"column":17}},"453":{"start":{"line":1928,"column":20},"end":{"line":1928,"column":77}},"454":{"start":{"line":1930,"column":16},"end":{"line":1930,"column":22}},"455":{"start":{"line":1933,"column":8},"end":{"line":1933,"column":22}},"456":{"start":{"line":1938,"column":0},"end":{"line":1938,"column":76}},"457":{"start":{"line":1939,"column":27},"end":{"line":1939,"column":53}},"458":{"start":{"line":1940,"column":0},"end":{"line":1940,"column":78}},"459":{"start":{"line":1941,"column":0},"end":{"line":1941,"column":88}},"460":{"start":{"line":1943,"column":0},"end":{"line":1943,"column":36}},"461":{"start":{"line":1948,"column":0},"end":{"line":1948,"column":63}},"462":{"start":{"line":1949,"column":0},"end":{"line":1949,"column":57}},"463":{"start":{"line":1950,"column":0},"end":{"line":1950,"column":57}},"464":{"start":{"line":1951,"column":0},"end":{"line":1951,"column":51}}},"fnMap":{"0":{"name":"containsSensitiveField","decl":{"start":{"line":32,"column":9},"end":{"line":32,"column":31}},"loc":{"start":{"line":32,"column":37},"end":{"line":43,"column":1}},"line":32},"1":{"name":"maskSensitiveFields","decl":{"start":{"line":50,"column":9},"end":{"line":50,"column":28}},"loc":{"start":{"line":50,"column":34},"end":{"line":64,"column":1}},"line":50},"2":{"name":"resolveMaskedFields","decl":{"start":{"line":81,"column":9},"end":{"line":81,"column":28}},"loc":{"start":{"line":81,"column":49},"end":{"line":99,"column":1}},"line":81},"3":{"name":"(anonymous_3)","decl":{"start":{"line":85,"column":28},"end":{"line":85,"column":29}},"loc":{"start":{"line":85,"column":41},"end":{"line":85,"column":82}},"line":85},"4":{"name":"(anonymous_4)","decl":{"start":{"line":102,"column":4},"end":{"line":102,"column":5}},"loc":{"start":{"line":102,"column":18},"end":{"line":117,"column":5}},"line":102},"5":{"name":"(anonymous_5)","decl":{"start":{"line":122,"column":4},"end":{"line":122,"column":5}},"loc":{"start":{"line":122,"column":27},"end":{"line":136,"column":5}},"line":122},"6":{"name":"(anonymous_6)","decl":{"start":{"line":142,"column":4},"end":{"line":142,"column":5}},"loc":{"start":{"line":142,"column":37},"end":{"line":329,"column":5}},"line":142},"7":{"name":"(anonymous_7)","decl":{"start":{"line":226,"column":57},"end":{"line":226,"column":58}},"loc":{"start":{"line":226,"column":66},"end":{"line":300,"column":13}},"line":226},"8":{"name":"(anonymous_8)","decl":{"start":{"line":311,"column":21},"end":{"line":311,"column":22}},"loc":{"start":{"line":311,"column":28},"end":{"line":311,"column":104}},"line":311},"9":{"name":"(anonymous_9)","decl":{"start":{"line":335,"column":4},"end":{"line":335,"column":5}},"loc":{"start":{"line":335,"column":36},"end":{"line":559,"column":5}},"line":335},"10":{"name":"(anonymous_10)","decl":{"start":{"line":530,"column":21},"end":{"line":530,"column":22}},"loc":{"start":{"line":530,"column":28},"end":{"line":530,"column":104}},"line":530},"11":{"name":"(anonymous_11)","decl":{"start":{"line":551,"column":21},"end":{"line":551,"column":22}},"loc":{"start":{"line":551,"column":28},"end":{"line":551,"column":110}},"line":551},"12":{"name":"(anonymous_12)","decl":{"start":{"line":565,"column":4},"end":{"line":565,"column":5}},"loc":{"start":{"line":565,"column":33},"end":{"line":735,"column":5}},"line":565},"13":{"name":"(anonymous_13)","decl":{"start":{"line":720,"column":21},"end":{"line":720,"column":22}},"loc":{"start":{"line":720,"column":28},"end":{"line":720,"column":103}},"line":720},"14":{"name":"(anonymous_14)","decl":{"start":{"line":740,"column":4},"end":{"line":740,"column":5}},"loc":{"start":{"line":740,"column":35},"end":{"line":803,"column":5}},"line":740},"15":{"name":"(anonymous_15)","decl":{"start":{"line":808,"column":4},"end":{"line":808,"column":5}},"loc":{"start":{"line":808,"column":34},"end":{"line":871,"column":5}},"line":808},"16":{"name":"(anonymous_16)","decl":{"start":{"line":876,"column":4},"end":{"line":876,"column":5}},"loc":{"start":{"line":876,"column":35},"end":{"line":946,"column":5}},"line":876},"17":{"name":"(anonymous_17)","decl":{"start":{"line":951,"column":4},"end":{"line":951,"column":5}},"loc":{"start":{"line":951,"column":36},"end":{"line":1193,"column":5}},"line":951},"18":{"name":"(anonymous_18)","decl":{"start":{"line":1159,"column":21},"end":{"line":1159,"column":22}},"loc":{"start":{"line":1159,"column":28},"end":{"line":1159,"column":104}},"line":1159},"19":{"name":"(anonymous_19)","decl":{"start":{"line":1185,"column":21},"end":{"line":1185,"column":22}},"loc":{"start":{"line":1185,"column":28},"end":{"line":1185,"column":110}},"line":1185},"20":{"name":"(anonymous_20)","decl":{"start":{"line":1198,"column":4},"end":{"line":1198,"column":5}},"loc":{"start":{"line":1198,"column":36},"end":{"line":1693,"column":5}},"line":1198},"21":{"name":"(anonymous_21)","decl":{"start":{"line":1509,"column":32},"end":{"line":1509,"column":33}},"loc":{"start":{"line":1509,"column":91},"end":{"line":1615,"column":13}},"line":1509},"22":{"name":"(anonymous_22)","decl":{"start":{"line":1639,"column":21},"end":{"line":1639,"column":22}},"loc":{"start":{"line":1639,"column":28},"end":{"line":1639,"column":104}},"line":1639},"23":{"name":"(anonymous_23)","decl":{"start":{"line":1662,"column":25},"end":{"line":1662,"column":26}},"loc":{"start":{"line":1662,"column":32},"end":{"line":1662,"column":120}},"line":1662},"24":{"name":"(anonymous_24)","decl":{"start":{"line":1685,"column":21},"end":{"line":1685,"column":22}},"loc":{"start":{"line":1685,"column":28},"end":{"line":1685,"column":110}},"line":1685},"25":{"name":"(anonymous_25)","decl":{"start":{"line":1700,"column":4},"end":{"line":1700,"column":5}},"loc":{"start":{"line":1700,"column":44},"end":{"line":1721,"column":5}},"line":1700},"26":{"name":"(anonymous_26)","decl":{"start":{"line":1726,"column":4},"end":{"line":1726,"column":5}},"loc":{"start":{"line":1726,"column":31},"end":{"line":1735,"column":5}},"line":1726},"27":{"name":"(anonymous_27)","decl":{"start":{"line":1746,"column":4},"end":{"line":1746,"column":5}},"loc":{"start":{"line":1746,"column":43},"end":{"line":1774,"column":5}},"line":1746},"28":{"name":"(anonymous_28)","decl":{"start":{"line":1786,"column":4},"end":{"line":1786,"column":5}},"loc":{"start":{"line":1786,"column":29},"end":{"line":1802,"column":5}},"line":1786},"29":{"name":"(anonymous_29)","decl":{"start":{"line":1810,"column":4},"end":{"line":1810,"column":5}},"loc":{"start":{"line":1810,"column":43},"end":{"line":1832,"column":5}},"line":1810},"30":{"name":"(anonymous_30)","decl":{"start":{"line":1821,"column":29},"end":{"line":1821,"column":30}},"loc":{"start":{"line":1821,"column":39},"end":{"line":1829,"column":9}},"line":1821},"31":{"name":"(anonymous_31)","decl":{"start":{"line":1841,"column":4},"end":{"line":1841,"column":5}},"loc":{"start":{"line":1841,"column":44},"end":{"line":1849,"column":5}},"line":1841},"32":{"name":"(anonymous_32)","decl":{"start":{"line":1855,"column":4},"end":{"line":1855,"column":5}},"loc":{"start":{"line":1855,"column":43},"end":{"line":1886,"column":5}},"line":1855},"33":{"name":"(anonymous_33)","decl":{"start":{"line":1891,"column":4},"end":{"line":1891,"column":5}},"loc":{"start":{"line":1891,"column":68},"end":{"line":1934,"column":5}},"line":1891}},"branchMap":{"0":{"loc":{"start":{"line":33,"column":4},"end":{"line":33,"column":54}},"type":"if","locations":[{"start":{"line":33,"column":4},"end":{"line":33,"column":54}},{"start":{},"end":{}}],"line":33},"1":{"loc":{"start":{"line":33,"column":8},"end":{"line":33,"column":39}},"type":"binary-expr","locations":[{"start":{"line":33,"column":8},"end":{"line":33,"column":12}},{"start":{"line":33,"column":16},"end":{"line":33,"column":39}}],"line":33},"2":{"loc":{"start":{"line":34,"column":4},"end":{"line":34,"column":68}},"type":"if","locations":[{"start":{"line":34,"column":4},"end":{"line":34,"column":68}},{"start":{},"end":{}}],"line":34},"3":{"loc":{"start":{"line":36,"column":8},"end":{"line":40,"column":9}},"type":"if","locations":[{"start":{"line":36,"column":8},"end":{"line":40,"column":9}},{"start":{"line":38,"column":15},"end":{"line":40,"column":9}}],"line":36},"4":{"loc":{"start":{"line":36,"column":12},"end":{"line":36,"column":46}},"type":"binary-expr","locations":[{"start":{"line":36,"column":12},"end":{"line":36,"column":17}},{"start":{"line":36,"column":21},"end":{"line":36,"column":46}}],"line":36},"5":{"loc":{"start":{"line":37,"column":12},"end":{"line":37,"column":59}},"type":"if","locations":[{"start":{"line":37,"column":12},"end":{"line":37,"column":59}},{"start":{},"end":{}}],"line":37},"6":{"loc":{"start":{"line":38,"column":15},"end":{"line":40,"column":9}},"type":"if","locations":[{"start":{"line":38,"column":15},"end":{"line":40,"column":9}},{"start":{},"end":{}}],"line":38},"7":{"loc":{"start":{"line":38,"column":19},"end":{"line":38,"column":119}},"type":"binary-expr","locations":[{"start":{"line":38,"column":19},"end":{"line":38,"column":44}},{"start":{"line":38,"column":48},"end":{"line":38,"column":60}},{"start":{"line":38,"column":64},"end":{"line":38,"column":90}},{"start":{"line":38,"column":94},"end":{"line":38,"column":119}}],"line":38},"8":{"loc":{"start":{"line":51,"column":4},"end":{"line":51,"column":52}},"type":"if","locations":[{"start":{"line":51,"column":4},"end":{"line":51,"column":52}},{"start":{},"end":{}}],"line":51},"9":{"loc":{"start":{"line":51,"column":8},"end":{"line":51,"column":39}},"type":"binary-expr","locations":[{"start":{"line":51,"column":8},"end":{"line":51,"column":12}},{"start":{"line":51,"column":16},"end":{"line":51,"column":39}}],"line":51},"10":{"loc":{"start":{"line":52,"column":4},"end":{"line":52,"column":64}},"type":"if","locations":[{"start":{"line":52,"column":4},"end":{"line":52,"column":64}},{"start":{},"end":{}}],"line":52},"11":{"loc":{"start":{"line":55,"column":8},"end":{"line":61,"column":9}},"type":"if","locations":[{"start":{"line":55,"column":8},"end":{"line":61,"column":9}},{"start":{"line":57,"column":15},"end":{"line":61,"column":9}}],"line":55},"12":{"loc":{"start":{"line":55,"column":12},"end":{"line":55,"column":46}},"type":"binary-expr","locations":[{"start":{"line":55,"column":12},"end":{"line":55,"column":17}},{"start":{"line":55,"column":21},"end":{"line":55,"column":46}}],"line":55},"13":{"loc":{"start":{"line":57,"column":15},"end":{"line":61,"column":9}},"type":"if","locations":[{"start":{"line":57,"column":15},"end":{"line":61,"column":9}},{"start":{"line":59,"column":15},"end":{"line":61,"column":9}}],"line":57},"14":{"loc":{"start":{"line":57,"column":19},"end":{"line":57,"column":89}},"type":"binary-expr","locations":[{"start":{"line":57,"column":19},"end":{"line":57,"column":44}},{"start":{"line":57,"column":48},"end":{"line":57,"column":60}},{"start":{"line":57,"column":64},"end":{"line":57,"column":89}}],"line":57},"15":{"loc":{"start":{"line":82,"column":4},"end":{"line":82,"column":67}},"type":"if","locations":[{"start":{"line":82,"column":4},"end":{"line":82,"column":67}},{"start":{},"end":{}}],"line":82},"16":{"loc":{"start":{"line":82,"column":8},"end":{"line":82,"column":49}},"type":"binary-expr","locations":[{"start":{"line":82,"column":8},"end":{"line":82,"column":17}},{"start":{"line":82,"column":21},"end":{"line":82,"column":49}}],"line":82},"17":{"loc":{"start":{"line":83,"column":4},"end":{"line":86,"column":5}},"type":"if","locations":[{"start":{"line":83,"column":4},"end":{"line":86,"column":5}},{"start":{},"end":{}}],"line":83},"18":{"loc":{"start":{"line":84,"column":28},"end":{"line":84,"column":67}},"type":"cond-expr","locations":[{"start":{"line":84,"column":54},"end":{"line":84,"column":62}},{"start":{"line":84,"column":65},"end":{"line":84,"column":67}}],"line":84},"19":{"loc":{"start":{"line":87,"column":24},"end":{"line":87,"column":110}},"type":"cond-expr","locations":[{"start":{"line":87,"column":97},"end":{"line":87,"column":105}},{"start":{"line":87,"column":108},"end":{"line":87,"column":110}}],"line":87},"20":{"loc":{"start":{"line":87,"column":25},"end":{"line":87,"column":93}},"type":"binary-expr","locations":[{"start":{"line":87,"column":25},"end":{"line":87,"column":33}},{"start":{"line":87,"column":37},"end":{"line":87,"column":65}},{"start":{"line":87,"column":69},"end":{"line":87,"column":93}}],"line":87},"21":{"loc":{"start":{"line":90,"column":8},"end":{"line":96,"column":9}},"type":"if","locations":[{"start":{"line":90,"column":8},"end":{"line":96,"column":9}},{"start":{"line":92,"column":15},"end":{"line":96,"column":9}}],"line":90},"22":{"loc":{"start":{"line":90,"column":12},"end":{"line":90,"column":46}},"type":"binary-expr","locations":[{"start":{"line":90,"column":12},"end":{"line":90,"column":17}},{"start":{"line":90,"column":21},"end":{"line":90,"column":46}}],"line":90},"23":{"loc":{"start":{"line":92,"column":15},"end":{"line":96,"column":9}},"type":"if","locations":[{"start":{"line":92,"column":15},"end":{"line":96,"column":9}},{"start":{"line":94,"column":15},"end":{"line":96,"column":9}}],"line":92},"24":{"loc":{"start":{"line":92,"column":19},"end":{"line":92,"column":103}},"type":"binary-expr","locations":[{"start":{"line":92,"column":19},"end":{"line":92,"column":44}},{"start":{"line":92,"column":48},"end":{"line":92,"column":74}},{"start":{"line":92,"column":78},"end":{"line":92,"column":103}}],"line":92},"25":{"loc":{"start":{"line":123,"column":8},"end":{"line":126,"column":9}},"type":"if","locations":[{"start":{"line":123,"column":8},"end":{"line":126,"column":9}},{"start":{},"end":{}}],"line":123},"26":{"loc":{"start":{"line":128,"column":8},"end":{"line":131,"column":9}},"type":"if","locations":[{"start":{"line":128,"column":8},"end":{"line":131,"column":9}},{"start":{},"end":{}}],"line":128},"27":{"loc":{"start":{"line":133,"column":8},"end":{"line":135,"column":9}},"type":"if","locations":[{"start":{"line":133,"column":8},"end":{"line":135,"column":9}},{"start":{},"end":{}}],"line":133},"28":{"loc":{"start":{"line":133,"column":12},"end":{"line":133,"column":54}},"type":"binary-expr","locations":[{"start":{"line":133,"column":12},"end":{"line":133,"column":26}},{"start":{"line":133,"column":30},"end":{"line":133,"column":54}}],"line":133},"29":{"loc":{"start":{"line":242,"column":41},"end":{"line":242,"column":100}},"type":"binary-expr","locations":[{"start":{"line":242,"column":41},"end":{"line":242,"column":92}},{"start":{"line":242,"column":96},"end":{"line":242,"column":100}}],"line":242},"30":{"loc":{"start":{"line":248,"column":33},"end":{"line":248,"column":65}},"type":"binary-expr","locations":[{"start":{"line":248,"column":33},"end":{"line":248,"column":53}},{"start":{"line":248,"column":57},"end":{"line":248,"column":65}}],"line":248},"31":{"loc":{"start":{"line":249,"column":28},"end":{"line":249,"column":52}},"type":"binary-expr","locations":[{"start":{"line":249,"column":28},"end":{"line":249,"column":43}},{"start":{"line":249,"column":47},"end":{"line":249,"column":52}}],"line":249},"32":{"loc":{"start":{"line":250,"column":42},"end":{"line":250,"column":76}},"type":"binary-expr","locations":[{"start":{"line":250,"column":42},"end":{"line":250,"column":71}},{"start":{"line":250,"column":75},"end":{"line":250,"column":76}}],"line":250},"33":{"loc":{"start":{"line":253,"column":27},"end":{"line":253,"column":52}},"type":"binary-expr","locations":[{"start":{"line":253,"column":27},"end":{"line":253,"column":41}},{"start":{"line":253,"column":45},"end":{"line":253,"column":52}}],"line":253},"34":{"loc":{"start":{"line":254,"column":31},"end":{"line":254,"column":58}},"type":"binary-expr","locations":[{"start":{"line":254,"column":31},"end":{"line":254,"column":49}},{"start":{"line":254,"column":53},"end":{"line":254,"column":58}}],"line":254},"35":{"loc":{"start":{"line":255,"column":36},"end":{"line":255,"column":65}},"type":"binary-expr","locations":[{"start":{"line":255,"column":36},"end":{"line":255,"column":59}},{"start":{"line":255,"column":63},"end":{"line":255,"column":65}}],"line":255},"36":{"loc":{"start":{"line":259,"column":40},"end":{"line":259,"column":80}},"type":"binary-expr","locations":[{"start":{"line":259,"column":40},"end":{"line":259,"column":67}},{"start":{"line":259,"column":71},"end":{"line":259,"column":80}}],"line":259},"37":{"loc":{"start":{"line":260,"column":38},"end":{"line":260,"column":78}},"type":"binary-expr","locations":[{"start":{"line":260,"column":38},"end":{"line":260,"column":65}},{"start":{"line":260,"column":69},"end":{"line":260,"column":78}}],"line":260},"38":{"loc":{"start":{"line":263,"column":28},"end":{"line":266,"column":17}},"type":"binary-expr","locations":[{"start":{"line":263,"column":28},"end":{"line":263,"column":64}},{"start":{"line":263,"column":68},"end":{"line":266,"column":17}}],"line":263},"39":{"loc":{"start":{"line":271,"column":43},"end":{"line":271,"column":102}},"type":"binary-expr","locations":[{"start":{"line":271,"column":43},"end":{"line":271,"column":94}},{"start":{"line":271,"column":98},"end":{"line":271,"column":102}}],"line":271},"40":{"loc":{"start":{"line":276,"column":33},"end":{"line":276,"column":91}},"type":"cond-expr","locations":[{"start":{"line":276,"column":64},"end":{"line":276,"column":84}},{"start":{"line":276,"column":87},"end":{"line":276,"column":91}}],"line":276},"41":{"loc":{"start":{"line":279,"column":36},"end":{"line":279,"column":61}},"type":"binary-expr","locations":[{"start":{"line":279,"column":36},"end":{"line":279,"column":56}},{"start":{"line":279,"column":60},"end":{"line":279,"column":61}}],"line":279},"42":{"loc":{"start":{"line":280,"column":32},"end":{"line":280,"column":62}},"type":"binary-expr","locations":[{"start":{"line":280,"column":32},"end":{"line":280,"column":57}},{"start":{"line":280,"column":61},"end":{"line":280,"column":62}}],"line":280},"43":{"loc":{"start":{"line":281,"column":28},"end":{"line":281,"column":54}},"type":"binary-expr","locations":[{"start":{"line":281,"column":28},"end":{"line":281,"column":49}},{"start":{"line":281,"column":53},"end":{"line":281,"column":54}}],"line":281},"44":{"loc":{"start":{"line":288,"column":27},"end":{"line":288,"column":61}},"type":"binary-expr","locations":[{"start":{"line":288,"column":27},"end":{"line":288,"column":48}},{"start":{"line":288,"column":52},"end":{"line":288,"column":61}}],"line":288},"45":{"loc":{"start":{"line":289,"column":25},"end":{"line":289,"column":42}},"type":"binary-expr","locations":[{"start":{"line":289,"column":25},"end":{"line":289,"column":37}},{"start":{"line":289,"column":41},"end":{"line":289,"column":42}}],"line":289},"46":{"loc":{"start":{"line":296,"column":31},"end":{"line":296,"column":59}},"type":"binary-expr","locations":[{"start":{"line":296,"column":31},"end":{"line":296,"column":51}},{"start":{"line":296,"column":55},"end":{"line":296,"column":59}}],"line":296},"47":{"loc":{"start":{"line":298,"column":32},"end":{"line":298,"column":61}},"type":"binary-expr","locations":[{"start":{"line":298,"column":32},"end":{"line":298,"column":53}},{"start":{"line":298,"column":57},"end":{"line":298,"column":61}}],"line":298},"48":{"loc":{"start":{"line":364,"column":56},"end":{"line":364,"column":87}},"type":"binary-expr","locations":[{"start":{"line":364,"column":56},"end":{"line":364,"column":74}},{"start":{"line":364,"column":78},"end":{"line":364,"column":87}}],"line":364},"49":{"loc":{"start":{"line":365,"column":56},"end":{"line":365,"column":87}},"type":"binary-expr","locations":[{"start":{"line":365,"column":56},"end":{"line":365,"column":74}},{"start":{"line":365,"column":78},"end":{"line":365,"column":87}}],"line":365},"50":{"loc":{"start":{"line":368,"column":44},"end":{"line":368,"column":115}},"type":"binary-expr","locations":[{"start":{"line":368,"column":44},"end":{"line":368,"column":62}},{"start":{"line":368,"column":66},"end":{"line":368,"column":115}}],"line":368},"51":{"loc":{"start":{"line":369,"column":44},"end":{"line":369,"column":115}},"type":"binary-expr","locations":[{"start":{"line":369,"column":44},"end":{"line":369,"column":62}},{"start":{"line":369,"column":66},"end":{"line":369,"column":115}}],"line":369},"52":{"loc":{"start":{"line":375,"column":40},"end":{"line":375,"column":64}},"type":"binary-expr","locations":[{"start":{"line":375,"column":40},"end":{"line":375,"column":54}},{"start":{"line":375,"column":58},"end":{"line":375,"column":64}}],"line":375},"53":{"loc":{"start":{"line":377,"column":41},"end":{"line":377,"column":61}},"type":"binary-expr","locations":[{"start":{"line":377,"column":41},"end":{"line":377,"column":56}},{"start":{"line":377,"column":60},"end":{"line":377,"column":61}}],"line":377},"54":{"loc":{"start":{"line":381,"column":12},"end":{"line":383,"column":13}},"type":"if","locations":[{"start":{"line":381,"column":12},"end":{"line":383,"column":13}},{"start":{},"end":{}}],"line":381},"55":{"loc":{"start":{"line":386,"column":12},"end":{"line":391,"column":13}},"type":"if","locations":[{"start":{"line":386,"column":12},"end":{"line":391,"column":13}},{"start":{},"end":{}}],"line":386},"56":{"loc":{"start":{"line":402,"column":12},"end":{"line":407,"column":13}},"type":"if","locations":[{"start":{"line":402,"column":12},"end":{"line":407,"column":13}},{"start":{},"end":{}}],"line":402},"57":{"loc":{"start":{"line":414,"column":29},"end":{"line":414,"column":46}},"type":"binary-expr","locations":[{"start":{"line":414,"column":29},"end":{"line":414,"column":40}},{"start":{"line":414,"column":44},"end":{"line":414,"column":46}}],"line":414},"58":{"loc":{"start":{"line":419,"column":29},"end":{"line":419,"column":57}},"type":"binary-expr","locations":[{"start":{"line":419,"column":29},"end":{"line":419,"column":40}},{"start":{"line":419,"column":44},"end":{"line":419,"column":57}}],"line":419},"59":{"loc":{"start":{"line":428,"column":51},"end":{"line":430,"column":22}},"type":"cond-expr","locations":[{"start":{"line":429,"column":18},"end":{"line":429,"column":57}},{"start":{"line":430,"column":18},"end":{"line":430,"column":22}}],"line":428},"60":{"loc":{"start":{"line":428,"column":51},"end":{"line":428,"column":127}},"type":"binary-expr","locations":[{"start":{"line":428,"column":51},"end":{"line":428,"column":89}},{"start":{"line":428,"column":93},"end":{"line":428,"column":127}}],"line":428},"61":{"loc":{"start":{"line":510,"column":25},"end":{"line":510,"column":54}},"type":"binary-expr","locations":[{"start":{"line":510,"column":25},"end":{"line":510,"column":49}},{"start":{"line":510,"column":53},"end":{"line":510,"column":54}}],"line":510},"62":{"loc":{"start":{"line":624,"column":12},"end":{"line":629,"column":13}},"type":"if","locations":[{"start":{"line":624,"column":12},"end":{"line":629,"column":13}},{"start":{},"end":{}}],"line":624},"63":{"loc":{"start":{"line":653,"column":31},"end":{"line":653,"column":59}},"type":"binary-expr","locations":[{"start":{"line":653,"column":31},"end":{"line":653,"column":51}},{"start":{"line":653,"column":55},"end":{"line":653,"column":59}}],"line":653},"64":{"loc":{"start":{"line":655,"column":32},"end":{"line":655,"column":61}},"type":"binary-expr","locations":[{"start":{"line":655,"column":32},"end":{"line":655,"column":53}},{"start":{"line":655,"column":57},"end":{"line":655,"column":61}}],"line":655},"65":{"loc":{"start":{"line":658,"column":41},"end":{"line":658,"column":100}},"type":"binary-expr","locations":[{"start":{"line":658,"column":41},"end":{"line":658,"column":92}},{"start":{"line":658,"column":96},"end":{"line":658,"column":100}}],"line":658},"66":{"loc":{"start":{"line":666,"column":40},"end":{"line":666,"column":80}},"type":"binary-expr","locations":[{"start":{"line":666,"column":40},"end":{"line":666,"column":67}},{"start":{"line":666,"column":71},"end":{"line":666,"column":80}}],"line":666},"67":{"loc":{"start":{"line":667,"column":38},"end":{"line":667,"column":78}},"type":"binary-expr","locations":[{"start":{"line":667,"column":38},"end":{"line":667,"column":65}},{"start":{"line":667,"column":69},"end":{"line":667,"column":78}}],"line":667},"68":{"loc":{"start":{"line":670,"column":28},"end":{"line":673,"column":17}},"type":"binary-expr","locations":[{"start":{"line":670,"column":28},"end":{"line":670,"column":64}},{"start":{"line":670,"column":68},"end":{"line":673,"column":17}}],"line":670},"69":{"loc":{"start":{"line":678,"column":43},"end":{"line":678,"column":102}},"type":"binary-expr","locations":[{"start":{"line":678,"column":43},"end":{"line":678,"column":94}},{"start":{"line":678,"column":98},"end":{"line":678,"column":102}}],"line":678},"70":{"loc":{"start":{"line":683,"column":33},"end":{"line":683,"column":91}},"type":"cond-expr","locations":[{"start":{"line":683,"column":64},"end":{"line":683,"column":84}},{"start":{"line":683,"column":87},"end":{"line":683,"column":91}}],"line":683},"71":{"loc":{"start":{"line":686,"column":33},"end":{"line":686,"column":65}},"type":"binary-expr","locations":[{"start":{"line":686,"column":33},"end":{"line":686,"column":53}},{"start":{"line":686,"column":57},"end":{"line":686,"column":65}}],"line":686},"72":{"loc":{"start":{"line":687,"column":28},"end":{"line":687,"column":52}},"type":"binary-expr","locations":[{"start":{"line":687,"column":28},"end":{"line":687,"column":43}},{"start":{"line":687,"column":47},"end":{"line":687,"column":52}}],"line":687},"73":{"loc":{"start":{"line":688,"column":42},"end":{"line":688,"column":76}},"type":"binary-expr","locations":[{"start":{"line":688,"column":42},"end":{"line":688,"column":71}},{"start":{"line":688,"column":75},"end":{"line":688,"column":76}}],"line":688},"74":{"loc":{"start":{"line":691,"column":27},"end":{"line":691,"column":52}},"type":"binary-expr","locations":[{"start":{"line":691,"column":27},"end":{"line":691,"column":41}},{"start":{"line":691,"column":45},"end":{"line":691,"column":52}}],"line":691},"75":{"loc":{"start":{"line":692,"column":31},"end":{"line":692,"column":58}},"type":"binary-expr","locations":[{"start":{"line":692,"column":31},"end":{"line":692,"column":49}},{"start":{"line":692,"column":53},"end":{"line":692,"column":58}}],"line":692},"76":{"loc":{"start":{"line":693,"column":36},"end":{"line":693,"column":65}},"type":"binary-expr","locations":[{"start":{"line":693,"column":36},"end":{"line":693,"column":59}},{"start":{"line":693,"column":63},"end":{"line":693,"column":65}}],"line":693},"77":{"loc":{"start":{"line":697,"column":36},"end":{"line":697,"column":61}},"type":"binary-expr","locations":[{"start":{"line":697,"column":36},"end":{"line":697,"column":56}},{"start":{"line":697,"column":60},"end":{"line":697,"column":61}}],"line":697},"78":{"loc":{"start":{"line":698,"column":32},"end":{"line":698,"column":62}},"type":"binary-expr","locations":[{"start":{"line":698,"column":32},"end":{"line":698,"column":57}},{"start":{"line":698,"column":61},"end":{"line":698,"column":62}}],"line":698},"79":{"loc":{"start":{"line":699,"column":28},"end":{"line":699,"column":54}},"type":"binary-expr","locations":[{"start":{"line":699,"column":28},"end":{"line":699,"column":49}},{"start":{"line":699,"column":53},"end":{"line":699,"column":54}}],"line":699},"80":{"loc":{"start":{"line":704,"column":27},"end":{"line":704,"column":61}},"type":"binary-expr","locations":[{"start":{"line":704,"column":27},"end":{"line":704,"column":48}},{"start":{"line":704,"column":52},"end":{"line":704,"column":61}}],"line":704},"81":{"loc":{"start":{"line":705,"column":25},"end":{"line":705,"column":42}},"type":"binary-expr","locations":[{"start":{"line":705,"column":25},"end":{"line":705,"column":37}},{"start":{"line":705,"column":41},"end":{"line":705,"column":42}}],"line":705},"82":{"loc":{"start":{"line":761,"column":12},"end":{"line":766,"column":13}},"type":"if","locations":[{"start":{"line":761,"column":12},"end":{"line":766,"column":13}},{"start":{},"end":{}}],"line":761},"83":{"loc":{"start":{"line":770,"column":12},"end":{"line":775,"column":13}},"type":"if","locations":[{"start":{"line":770,"column":12},"end":{"line":775,"column":13}},{"start":{},"end":{}}],"line":770},"84":{"loc":{"start":{"line":829,"column":12},"end":{"line":834,"column":13}},"type":"if","locations":[{"start":{"line":829,"column":12},"end":{"line":834,"column":13}},{"start":{},"end":{}}],"line":829},"85":{"loc":{"start":{"line":838,"column":12},"end":{"line":843,"column":13}},"type":"if","locations":[{"start":{"line":838,"column":12},"end":{"line":843,"column":13}},{"start":{},"end":{}}],"line":838},"86":{"loc":{"start":{"line":897,"column":12},"end":{"line":902,"column":13}},"type":"if","locations":[{"start":{"line":897,"column":12},"end":{"line":902,"column":13}},{"start":{},"end":{}}],"line":897},"87":{"loc":{"start":{"line":906,"column":12},"end":{"line":911,"column":13}},"type":"if","locations":[{"start":{"line":906,"column":12},"end":{"line":911,"column":13}},{"start":{},"end":{}}],"line":906},"88":{"loc":{"start":{"line":913,"column":12},"end":{"line":918,"column":13}},"type":"if","locations":[{"start":{"line":913,"column":12},"end":{"line":918,"column":13}},{"start":{},"end":{}}],"line":913},"89":{"loc":{"start":{"line":962,"column":29},"end":{"line":962,"column":101}},"type":"binary-expr","locations":[{"start":{"line":962,"column":29},"end":{"line":962,"column":49}},{"start":{"line":962,"column":53},"end":{"line":962,"column":73}},{"start":{"line":962,"column":77},"end":{"line":962,"column":91}},{"start":{"line":962,"column":95},"end":{"line":962,"column":101}}],"line":962},"90":{"loc":{"start":{"line":963,"column":32},"end":{"line":963,"column":96}},"type":"binary-expr","locations":[{"start":{"line":963,"column":32},"end":{"line":963,"column":55}},{"start":{"line":963,"column":59},"end":{"line":963,"column":82}},{"start":{"line":963,"column":86},"end":{"line":963,"column":96}}],"line":963},"91":{"loc":{"start":{"line":967,"column":12},"end":{"line":973,"column":13}},"type":"if","locations":[{"start":{"line":967,"column":12},"end":{"line":973,"column":13}},{"start":{},"end":{}}],"line":967},"92":{"loc":{"start":{"line":969,"column":16},"end":{"line":972,"column":17}},"type":"if","locations":[{"start":{"line":969,"column":16},"end":{"line":972,"column":17}},{"start":{},"end":{}}],"line":969},"93":{"loc":{"start":{"line":988,"column":12},"end":{"line":993,"column":13}},"type":"if","locations":[{"start":{"line":988,"column":12},"end":{"line":993,"column":13}},{"start":{},"end":{}}],"line":988},"94":{"loc":{"start":{"line":1007,"column":16},"end":{"line":1011,"column":17}},"type":"if","locations":[{"start":{"line":1007,"column":16},"end":{"line":1011,"column":17}},{"start":{"line":1009,"column":23},"end":{"line":1011,"column":17}}],"line":1007},"95":{"loc":{"start":{"line":1018,"column":12},"end":{"line":1027,"column":13}},"type":"if","locations":[{"start":{"line":1018,"column":12},"end":{"line":1027,"column":13}},{"start":{},"end":{}}],"line":1018},"96":{"loc":{"start":{"line":1030,"column":12},"end":{"line":1094,"column":13}},"type":"if","locations":[{"start":{"line":1030,"column":12},"end":{"line":1094,"column":13}},{"start":{"line":1045,"column":19},"end":{"line":1094,"column":13}}],"line":1030},"97":{"loc":{"start":{"line":1101,"column":16},"end":{"line":1126,"column":17}},"type":"if","locations":[{"start":{"line":1101,"column":16},"end":{"line":1126,"column":17}},{"start":{"line":1115,"column":23},"end":{"line":1126,"column":17}}],"line":1101},"98":{"loc":{"start":{"line":1115,"column":23},"end":{"line":1126,"column":17}},"type":"if","locations":[{"start":{"line":1115,"column":23},"end":{"line":1126,"column":17}},{"start":{"line":1123,"column":23},"end":{"line":1126,"column":17}}],"line":1115},"99":{"loc":{"start":{"line":1135,"column":12},"end":{"line":1141,"column":13}},"type":"if","locations":[{"start":{"line":1135,"column":12},"end":{"line":1141,"column":13}},{"start":{"line":1137,"column":19},"end":{"line":1141,"column":13}}],"line":1135},"100":{"loc":{"start":{"line":1137,"column":19},"end":{"line":1141,"column":13}},"type":"if","locations":[{"start":{"line":1137,"column":19},"end":{"line":1141,"column":13}},{"start":{"line":1139,"column":19},"end":{"line":1141,"column":13}}],"line":1137},"101":{"loc":{"start":{"line":1158,"column":27},"end":{"line":1158,"column":106}},"type":"cond-expr","locations":[{"start":{"line":1158,"column":87},"end":{"line":1158,"column":97}},{"start":{"line":1158,"column":100},"end":{"line":1158,"column":106}}],"line":1158},"102":{"loc":{"start":{"line":1158,"column":28},"end":{"line":1158,"column":83}},"type":"binary-expr","locations":[{"start":{"line":1158,"column":28},"end":{"line":1158,"column":49}},{"start":{"line":1158,"column":53},"end":{"line":1158,"column":83}}],"line":1158},"103":{"loc":{"start":{"line":1166,"column":22},"end":{"line":1168,"column":66}},"type":"cond-expr","locations":[{"start":{"line":1167,"column":22},"end":{"line":1167,"column":77}},{"start":{"line":1168,"column":22},"end":{"line":1168,"column":66}}],"line":1166},"104":{"loc":{"start":{"line":1283,"column":12},"end":{"line":1288,"column":13}},"type":"if","locations":[{"start":{"line":1283,"column":12},"end":{"line":1288,"column":13}},{"start":{},"end":{}}],"line":1283},"105":{"loc":{"start":{"line":1302,"column":44},"end":{"line":1304,"column":22}},"type":"cond-expr","locations":[{"start":{"line":1303,"column":18},"end":{"line":1303,"column":127}},{"start":{"line":1304,"column":18},"end":{"line":1304,"column":22}}],"line":1302},"106":{"loc":{"start":{"line":1302,"column":45},"end":{"line":1302,"column":93}},"type":"binary-expr","locations":[{"start":{"line":1302,"column":45},"end":{"line":1302,"column":63}},{"start":{"line":1302,"column":67},"end":{"line":1302,"column":77}},{"start":{"line":1302,"column":81},"end":{"line":1302,"column":93}}],"line":1302},"107":{"loc":{"start":{"line":1303,"column":26},"end":{"line":1303,"column":97}},"type":"binary-expr","locations":[{"start":{"line":1303,"column":26},"end":{"line":1303,"column":44}},{"start":{"line":1303,"column":48},"end":{"line":1303,"column":97}}],"line":1303},"108":{"loc":{"start":{"line":1303,"column":107},"end":{"line":1303,"column":125}},"type":"binary-expr","locations":[{"start":{"line":1303,"column":107},"end":{"line":1303,"column":119}},{"start":{"line":1303,"column":123},"end":{"line":1303,"column":125}}],"line":1303},"109":{"loc":{"start":{"line":1306,"column":44},"end":{"line":1308,"column":22}},"type":"cond-expr","locations":[{"start":{"line":1307,"column":18},"end":{"line":1307,"column":127}},{"start":{"line":1308,"column":18},"end":{"line":1308,"column":22}}],"line":1306},"110":{"loc":{"start":{"line":1306,"column":45},"end":{"line":1306,"column":93}},"type":"binary-expr","locations":[{"start":{"line":1306,"column":45},"end":{"line":1306,"column":63}},{"start":{"line":1306,"column":67},"end":{"line":1306,"column":77}},{"start":{"line":1306,"column":81},"end":{"line":1306,"column":93}}],"line":1306},"111":{"loc":{"start":{"line":1307,"column":26},"end":{"line":1307,"column":97}},"type":"binary-expr","locations":[{"start":{"line":1307,"column":26},"end":{"line":1307,"column":44}},{"start":{"line":1307,"column":48},"end":{"line":1307,"column":97}}],"line":1307},"112":{"loc":{"start":{"line":1307,"column":107},"end":{"line":1307,"column":125}},"type":"binary-expr","locations":[{"start":{"line":1307,"column":107},"end":{"line":1307,"column":119}},{"start":{"line":1307,"column":123},"end":{"line":1307,"column":125}}],"line":1307},"113":{"loc":{"start":{"line":1346,"column":32},"end":{"line":1346,"column":44}},"type":"binary-expr","locations":[{"start":{"line":1346,"column":32},"end":{"line":1346,"column":36}},{"start":{"line":1346,"column":40},"end":{"line":1346,"column":44}}],"line":1346},"114":{"loc":{"start":{"line":1347,"column":39},"end":{"line":1347,"column":85}},"type":"cond-expr","locations":[{"start":{"line":1347,"column":67},"end":{"line":1347,"column":78}},{"start":{"line":1347,"column":81},"end":{"line":1347,"column":85}}],"line":1347},"115":{"loc":{"start":{"line":1349,"column":38},"end":{"line":1349,"column":56}},"type":"binary-expr","locations":[{"start":{"line":1349,"column":38},"end":{"line":1349,"column":48}},{"start":{"line":1349,"column":52},"end":{"line":1349,"column":56}}],"line":1349},"116":{"loc":{"start":{"line":1350,"column":38},"end":{"line":1350,"column":56}},"type":"binary-expr","locations":[{"start":{"line":1350,"column":38},"end":{"line":1350,"column":48}},{"start":{"line":1350,"column":52},"end":{"line":1350,"column":56}}],"line":1350},"117":{"loc":{"start":{"line":1357,"column":39},"end":{"line":1357,"column":58}},"type":"binary-expr","locations":[{"start":{"line":1357,"column":39},"end":{"line":1357,"column":50}},{"start":{"line":1357,"column":54},"end":{"line":1357,"column":58}}],"line":1357},"118":{"loc":{"start":{"line":1368,"column":43},"end":{"line":1368,"column":66}},"type":"binary-expr","locations":[{"start":{"line":1368,"column":43},"end":{"line":1368,"column":58}},{"start":{"line":1368,"column":62},"end":{"line":1368,"column":66}}],"line":1368},"119":{"loc":{"start":{"line":1369,"column":38},"end":{"line":1371,"column":64}},"type":"cond-expr","locations":[{"start":{"line":1370,"column":18},"end":{"line":1370,"column":22}},{"start":{"line":1371,"column":19},"end":{"line":1371,"column":63}}],"line":1369},"120":{"loc":{"start":{"line":1371,"column":19},"end":{"line":1371,"column":63}},"type":"binary-expr","locations":[{"start":{"line":1371,"column":19},"end":{"line":1371,"column":38}},{"start":{"line":1371,"column":42},"end":{"line":1371,"column":63}}],"line":1371},"121":{"loc":{"start":{"line":1372,"column":52},"end":{"line":1374,"column":59}},"type":"cond-expr","locations":[{"start":{"line":1373,"column":18},"end":{"line":1373,"column":22}},{"start":{"line":1374,"column":19},"end":{"line":1374,"column":58}}],"line":1372},"122":{"loc":{"start":{"line":1374,"column":19},"end":{"line":1374,"column":58}},"type":"binary-expr","locations":[{"start":{"line":1374,"column":19},"end":{"line":1374,"column":53}},{"start":{"line":1374,"column":57},"end":{"line":1374,"column":58}}],"line":1374},"123":{"loc":{"start":{"line":1387,"column":34},"end":{"line":1387,"column":48}},"type":"binary-expr","locations":[{"start":{"line":1387,"column":34},"end":{"line":1387,"column":40}},{"start":{"line":1387,"column":44},"end":{"line":1387,"column":48}}],"line":1387},"124":{"loc":{"start":{"line":1390,"column":37},"end":{"line":1392,"column":102}},"type":"cond-expr","locations":[{"start":{"line":1391,"column":18},"end":{"line":1391,"column":22}},{"start":{"line":1392,"column":19},"end":{"line":1392,"column":101}}],"line":1390},"125":{"loc":{"start":{"line":1392,"column":19},"end":{"line":1392,"column":101}},"type":"cond-expr","locations":[{"start":{"line":1392,"column":82},"end":{"line":1392,"column":91}},{"start":{"line":1392,"column":94},"end":{"line":1392,"column":101}}],"line":1392},"126":{"loc":{"start":{"line":1393,"column":41},"end":{"line":1395,"column":52}},"type":"cond-expr","locations":[{"start":{"line":1394,"column":18},"end":{"line":1394,"column":22}},{"start":{"line":1395,"column":19},"end":{"line":1395,"column":51}}],"line":1393},"127":{"loc":{"start":{"line":1396,"column":46},"end":{"line":1398,"column":54}},"type":"cond-expr","locations":[{"start":{"line":1397,"column":18},"end":{"line":1397,"column":22}},{"start":{"line":1398,"column":19},"end":{"line":1398,"column":53}}],"line":1396},"128":{"loc":{"start":{"line":1398,"column":19},"end":{"line":1398,"column":53}},"type":"binary-expr","locations":[{"start":{"line":1398,"column":19},"end":{"line":1398,"column":47}},{"start":{"line":1398,"column":51},"end":{"line":1398,"column":53}}],"line":1398},"129":{"loc":{"start":{"line":1399,"column":53},"end":{"line":1401,"column":96}},"type":"cond-expr","locations":[{"start":{"line":1400,"column":18},"end":{"line":1400,"column":22}},{"start":{"line":1401,"column":19},"end":{"line":1401,"column":95}}],"line":1399},"130":{"loc":{"start":{"line":1401,"column":19},"end":{"line":1401,"column":95}},"type":"binary-expr","locations":[{"start":{"line":1401,"column":19},"end":{"line":1401,"column":54}},{"start":{"line":1401,"column":58},"end":{"line":1401,"column":95}}],"line":1401},"131":{"loc":{"start":{"line":1405,"column":43},"end":{"line":1405,"column":97}},"type":"cond-expr","locations":[{"start":{"line":1405,"column":75},"end":{"line":1405,"column":90}},{"start":{"line":1405,"column":93},"end":{"line":1405,"column":97}}],"line":1405},"132":{"loc":{"start":{"line":1414,"column":12},"end":{"line":1423,"column":13}},"type":"if","locations":[{"start":{"line":1414,"column":12},"end":{"line":1423,"column":13}},{"start":{},"end":{}}],"line":1414},"133":{"loc":{"start":{"line":1419,"column":36},"end":{"line":1421,"column":84}},"type":"cond-expr","locations":[{"start":{"line":1420,"column":22},"end":{"line":1420,"column":32}},{"start":{"line":1421,"column":23},"end":{"line":1421,"column":83}}],"line":1419},"134":{"loc":{"start":{"line":1419,"column":37},"end":{"line":1419,"column":90}},"type":"binary-expr","locations":[{"start":{"line":1419,"column":37},"end":{"line":1419,"column":67}},{"start":{"line":1419,"column":71},"end":{"line":1419,"column":90}}],"line":1419},"135":{"loc":{"start":{"line":1421,"column":23},"end":{"line":1421,"column":83}},"type":"cond-expr","locations":[{"start":{"line":1421,"column":56},"end":{"line":1421,"column":78}},{"start":{"line":1421,"column":81},"end":{"line":1421,"column":83}}],"line":1421},"136":{"loc":{"start":{"line":1436,"column":53},"end":{"line":1438,"column":67}},"type":"cond-expr","locations":[{"start":{"line":1437,"column":18},"end":{"line":1437,"column":22}},{"start":{"line":1438,"column":18},"end":{"line":1438,"column":67}}],"line":1436},"137":{"loc":{"start":{"line":1438,"column":33},"end":{"line":1438,"column":66}},"type":"binary-expr","locations":[{"start":{"line":1438,"column":33},"end":{"line":1438,"column":58}},{"start":{"line":1438,"column":62},"end":{"line":1438,"column":66}}],"line":1438},"138":{"loc":{"start":{"line":1446,"column":30},"end":{"line":1446,"column":76}},"type":"binary-expr","locations":[{"start":{"line":1446,"column":30},"end":{"line":1446,"column":52}},{"start":{"line":1446,"column":56},"end":{"line":1446,"column":76}}],"line":1446},"139":{"loc":{"start":{"line":1447,"column":50},"end":{"line":1449,"column":77}},"type":"cond-expr","locations":[{"start":{"line":1448,"column":18},"end":{"line":1448,"column":22}},{"start":{"line":1449,"column":19},"end":{"line":1449,"column":76}}],"line":1447},"140":{"loc":{"start":{"line":1449,"column":19},"end":{"line":1449,"column":76}},"type":"cond-expr","locations":[{"start":{"line":1449,"column":55},"end":{"line":1449,"column":64}},{"start":{"line":1449,"column":67},"end":{"line":1449,"column":76}}],"line":1449},"141":{"loc":{"start":{"line":1464,"column":51},"end":{"line":1468,"column":27}},"type":"cond-expr","locations":[{"start":{"line":1465,"column":18},"end":{"line":1465,"column":22}},{"start":{"line":1466,"column":19},"end":{"line":1468,"column":26}}],"line":1464},"142":{"loc":{"start":{"line":1466,"column":19},"end":{"line":1468,"column":26}},"type":"cond-expr","locations":[{"start":{"line":1467,"column":22},"end":{"line":1467,"column":61}},{"start":{"line":1468,"column":22},"end":{"line":1468,"column":26}}],"line":1466},"143":{"loc":{"start":{"line":1466,"column":19},"end":{"line":1466,"column":95}},"type":"binary-expr","locations":[{"start":{"line":1466,"column":19},"end":{"line":1466,"column":57}},{"start":{"line":1466,"column":61},"end":{"line":1466,"column":95}}],"line":1466},"144":{"loc":{"start":{"line":1510,"column":38},"end":{"line":1510,"column":88}},"type":"binary-expr","locations":[{"start":{"line":1510,"column":38},"end":{"line":1510,"column":54}},{"start":{"line":1510,"column":58},"end":{"line":1510,"column":88}}],"line":1510},"145":{"loc":{"start":{"line":1511,"column":39},"end":{"line":1511,"column":89}},"type":"binary-expr","locations":[{"start":{"line":1511,"column":39},"end":{"line":1511,"column":50}},{"start":{"line":1511,"column":54},"end":{"line":1511,"column":89}}],"line":1511},"146":{"loc":{"start":{"line":1512,"column":16},"end":{"line":1512,"column":62}},"type":"if","locations":[{"start":{"line":1512,"column":16},"end":{"line":1512,"column":62}},{"start":{},"end":{}}],"line":1512},"147":{"loc":{"start":{"line":1512,"column":20},"end":{"line":1512,"column":53}},"type":"binary-expr","locations":[{"start":{"line":1512,"column":20},"end":{"line":1512,"column":34}},{"start":{"line":1512,"column":38},"end":{"line":1512,"column":53}}],"line":1512},"148":{"loc":{"start":{"line":1530,"column":20},"end":{"line":1545,"column":21}},"type":"if","locations":[{"start":{"line":1530,"column":20},"end":{"line":1545,"column":21}},{"start":{"line":1536,"column":27},"end":{"line":1545,"column":21}}],"line":1530},"149":{"loc":{"start":{"line":1535,"column":24},"end":{"line":1535,"column":89}},"type":"if","locations":[{"start":{"line":1535,"column":24},"end":{"line":1535,"column":89}},{"start":{},"end":{}}],"line":1535},"150":{"loc":{"start":{"line":1544,"column":24},"end":{"line":1544,"column":89}},"type":"if","locations":[{"start":{"line":1544,"column":24},"end":{"line":1544,"column":89}},{"start":{},"end":{}}],"line":1544},"151":{"loc":{"start":{"line":1547,"column":20},"end":{"line":1611,"column":21}},"type":"if","locations":[{"start":{"line":1547,"column":20},"end":{"line":1611,"column":21}},{"start":{"line":1561,"column":27},"end":{"line":1611,"column":21}}],"line":1547},"152":{"loc":{"start":{"line":1547,"column":24},"end":{"line":1547,"column":47}},"type":"binary-expr","locations":[{"start":{"line":1547,"column":24},"end":{"line":1547,"column":37}},{"start":{"line":1547,"column":41},"end":{"line":1547,"column":47}}],"line":1547},"153":{"loc":{"start":{"line":1549,"column":79},"end":{"line":1549,"column":98}},"type":"binary-expr","locations":[{"start":{"line":1549,"column":79},"end":{"line":1549,"column":92}},{"start":{"line":1549,"column":96},"end":{"line":1549,"column":98}}],"line":1549},"154":{"loc":{"start":{"line":1561,"column":27},"end":{"line":1611,"column":21}},"type":"if","locations":[{"start":{"line":1561,"column":27},"end":{"line":1611,"column":21}},{"start":{"line":1578,"column":27},"end":{"line":1611,"column":21}}],"line":1561},"155":{"loc":{"start":{"line":1563,"column":79},"end":{"line":1563,"column":98}},"type":"binary-expr","locations":[{"start":{"line":1563,"column":79},"end":{"line":1563,"column":92}},{"start":{"line":1563,"column":96},"end":{"line":1563,"column":98}}],"line":1563},"156":{"loc":{"start":{"line":1578,"column":27},"end":{"line":1611,"column":21}},"type":"if","locations":[{"start":{"line":1578,"column":27},"end":{"line":1611,"column":21}},{"start":{"line":1593,"column":27},"end":{"line":1611,"column":21}}],"line":1578},"157":{"loc":{"start":{"line":1578,"column":31},"end":{"line":1578,"column":55}},"type":"binary-expr","locations":[{"start":{"line":1578,"column":31},"end":{"line":1578,"column":45}},{"start":{"line":1578,"column":49},"end":{"line":1578,"column":55}}
[...]
":{"loc":{"start":{"line":1918,"column":20},"end":{"line":1918,"column":60}},"type":"binary-expr","locations":[{"start":{"line":1918,"column":20},"end":{"line":1918,"column":44}},{"start":{"line":1918,"column":48},"end":{"line":1918,"column":60}}],"line":1918},"200":{"loc":{"start":{"line":1924,"column":16},"end":{"line":1926,"column":17}},"type":"if","locations":[{"start":{"line":1924,"column":16},"end":{"line":1926,"column":17}},{"start":{},"end":{}}],"line":1924},"201":{"loc":{"start":{"line":1924,"column":20},"end":{"line":1924,"column":52}},"type":"binary-expr","locations":[{"start":{"line":1924,"column":20},"end":{"line":1924,"column":36}},{"start":{"line":1924,"column":40},"end":{"line":1924,"column":52}}],"line":1924},"202":{"loc":{"start":{"line":1927,"column":16},"end":{"line":1929,"column":17}},"type":"if","locations":[{"start":{"line":1927,"column":16},"end":{"line":1929,"column":17}},{"start":{},"end":{}}],"line":1927}},"s":{"0":1,"1":1,"2":1,"3":1,"4":1,"5":22,"6":3,"7":19,"8":1,"9":18,"10":28,"11":7,"12":3,"13":21,"14":4,"15":11,"16":16,"17":2,"18":14,"19":1,"20":13,"21":13,"22":22,"23":5,"24":17,"25":7,"26":10,"27":13,"28":21,"29":2,"30":19,"31":1,"32":1,"33":2,"34":18,"35":18,"36":18,"37":25,"38":5,"39":20,"40":8,"41":12,"42":18,"43":1,"44":1,"45":1,"46":1,"47":1,"48":1,"49":1,"50":1,"51":1,"52":0,"53":0,"54":0,"55":0,"56":0,"57":0,"58":0,"59":0,"60":0,"61":0,"62":0,"63":0,"64":0,"65":0,"66":0,"67":0,"68":0,"69":0,"70":0,"71":0,"72":0,"73":0,"74":0,"75":0,"76":0,"77":0,"78":0,"79":0,"80":0,"81":0,"82":0,"83":0,"84":0,"85":0,"86":0,"87":0,"88":0,"89":0,"90":0,"91":0,"92":0,"93":0,"94":0,"95":0,"96":0,"97":0,"98":0,"99":0,"100":0,"101":0,"102":0,"103":0,"104":0,"105":0,"106":0,"107":0,"108":0,"109":0,"110":0,"111":0,"112":0,"113":0,"114":0,"115":0,"116":0,"117":0,"118":0,"119":0,"120":0,"121":0,"122":0,"123":0,"124":0,"125":0,"126":0,"127":0,"128":0,"129":0,"130":0,"131":0,"132":0,"133":0,"134":0,"135":0,"136":0,"137":0,"138":0,"139":0,"140":0,"141":0,"142":0,"143":0,"144":0,"145":0,"146":0,"147":0,"148":0,"149":0,"150":0,"151":0,"152":0,"153":0,"154":0,"155":0,"156":0,"157":0,"158":0,"159":0,"160":0,"161":0,"162":0,"163":0,"164":0,"165":0,"166":0,"167":0,"168":0,"169":0,"170":0,"171":0,"172":0,"173":0,"174":0,"175":0,"176":0,"177":0,"178":0,"179":0,"180":0,"181":0,"182":0,"183":0,"184":0,"185":0,"186":0,"187":0,"188":0,"189":0,"190":0,"191":0,"192":0,"193":0,"194":0,"195":0,"196":0,"197":0,"198":0,"199":0,"200":0,"201":0,"202":0,"203":0,"204":0,"205":0,"206":0,"207":0,"208":0,"209":0,"210":0,"211":0,"212":0,"213":0,"214":0,"215":0,"216":0,"217":0,"218":0,"219":0,"220":0,"221":0,"222":0,"223":0,"224":0,"225":0,"226":0,"227":0,"228":0,"229":0,"230":0,"231":0,"232":0,"233":0,"234":0,"235":0,"236":0,"237":0,"238":0,"239":0,"240":0,"241":0,"242":0,"243":0,"244":0,"245":0,"246":0,"247":0,"248":0,"249":0,"250":0,"251":0,"252":0,"253":0,"254":0,"255":0,"256":0,"257":0,"258":0,"259":0,"260":0,"261":0,"262":0,"263":0,"264":0,"265":0,"266":0,"267":0,"268":0,"269":0,"270":0,"271":0,"272":0,"273":0,"274":0,"275":0,"276":0,"277":0,"278":0,"279":0,"280":0,"281":0,"282":0,"283":0,"284":0,"285":0,"286":0,"287":0,"288":0,"289":0,"290":0,"291":0,"292":0,"293":0,"294":0,"295":0,"296":0,"297":0,"298":0,"299":0,"300":0,"301":0,"302":0,"303":0,"304":0,"305":0,"306":0,"307":0,"308":0,"309":0,"310":0,"311":0,"312":0,"313":0,"314":0,"315":0,"316":0,"317":0,"318":0,"319":0,"320":0,"321":0,"322":0,"323":0,"324":0,"325":0,"326":0,"327":0,"328":0,"329":0,"330":0,"331":0,"332":0,"333":0,"334":0,"335":0,"336":0,"337":0,"338":0,"339":0,"340":0,"341":0,"342":0,"343":0,"344":0,"345":0,"346":0,"347":0,"348":0,"349":0,"350":0,"351":0,"352":0,"353":0,"354":0,"355":0,"356":0,"357":0,"358":0,"359":0,"360":0,"361":0,"362":0,"363":0,"364":0,"365":0,"366":0,"367":0,"368":0,"369":0,"370":0,"371":0,"372":0,"373":0,"374":0,"375":0,"376":0,"377":0,"378":0,"379":0,"380":0,"381":0,"382":0,"383":0,"384":0,"385":0,"386":0,"387":0,"388":0,"389":0,"390":0,"391":0,"392":0,"393":0,"394":0,"395":0,"396":0,"397":0,"398":0,"399":0,"400":0,"401":0,"402":0,"403":0,"404":0,"405":0,"406":0,"407":0,"408":0,"409":0,"410":0,"411":0,"412":0,"413":0,"414":0,"415":0,"416":0,"417":0,"418":0,"419":0,"420":0,"421":0,"422":0,"423":0,"424":0,"425":0,"426":0,"427":0,"428":0,"429":0,"430":0,"431":0,"432":0,"433":0,"434":0,"435":0,"436":0,"437":0,"438":0,"439":0,"440":0,"441":0,"442":0,"443":0,"444":0,"445":0,"446":0,"447":0,"448":0,"449":0,"450":0,"451":0,"452":0,"453":0,"454":0,"455":0,"456":1,"457":1,"458":1,"459":1,"460":1,"461":1,"462":1,"463":1,"464":1},"f":{"0":22,"1":16,"2":21,"3":2,"4":1,"5":0,"6":0,"7":0,"8":0,"9":0,"10":0,"11":0,"12":0,"13":0,"14":0,"15":0,"16":0,"17":0,"18":0,"19":0,"20":0,"21":0,"22":0,"23":0,"24":0,"25":0,"26":0,"27":0,"28":0,"29":0,"30":0,"31":0,"32":0,"33":0},"b":{"0":[3,19],"1":[22,20],"2":[1,18],"3":[7,21],"4":[28,27],"5":[3,4],"6":[4,17],"7":[21,21,20,16],"8":[2,14],"9":[16,14],"10":[1,13],"11":[5,17],"12":[22,21],"13":[7,10],"14":[17,17,16],"15":[2,19],"16":[21,20],"17":[1,18],"18":[1,0],"19":[16,2],"20":[18,16,16],"21":[5,20],"22":[25,24],"23":[8,12],"24":[20,20,9],"25":[0,0],"26":[0,0],"27":[0,0],"28":[0,0],"29":[0,0],"30":[0,0],"31":[0,0],"32":[0,0],"33":[0,0],"34":[0,0],"35":[0,0],"36":[0,0],"37":[0,0],"38":[0,0],"39":[0,0],"40":[0,0],"41":[0,0],"42":[0,0],"43":[0,0],"44":[0,0],"45":[0,0],"46":[0,0],"47":[0,0],"48":[0,0],"49":[0,0],"50":[0,0],"51":[0,0],"52":[0,0],"53":[0,0],"54":[0,0],"55":[0,0],"56":[0,0],"57":[0,0],"58":[0,0],"59":[0,0],"60":[0,0],"61":[0,0],"62":[0,0],"63":[0,0],"64":[0,0],"65":[0,0],"66":[0,0],"67":[0,0],"68":[0,0],"69":[0,0],"70":[0,0],"71":[0,0],"72":[0,0],"73":[0,0],"74":[0,0],"75":[0,0],"76":[0,0],"77":[0,0],"78":[0,0],"79":[0,0],"80":[0,0],"81":[0,0],"82":[0,0],"83":[0,0],"84":[0,0],"85":[0,0],"86":[0,0],"87":[0,0],"88":[0,0],"89":[0,0,0,0],"90":[0,0,0],"91":[0,0],"92":[0,0],"93":[0,0],"94":[0,0],"95":[0,0],"96":[0,0],"97":[0,0],"98":[0,0],"99":[0,0],"100":[0,0],"101":[0,0],"102":[0,0],"103":[0,0],"104":[0,0],"105":[0,0],"106":[0,0,0],"107":[0,0],"108":[0,0],"109":[0,0],"110":[0,0,0],"111":[0,0],"112":[0,0],"113":[0,0],"114":[0,0],"115":[0,0],"116":[0,0],"117":[0,0],"118":[0,0],"119":[0,0],"120":[0,0],"121":[0,0],"122":[0,0],"123":[0,0],"124":[0,0],"125":[0,0],"126":[0,0],"127":[0,0],"128":[0,0],"129":[0,0],"130":[0,0],"131":[0,0],"132":[0,0],"133":[0,0],"134":[0,0],"135":[0,0],"136":[0,0],"137":[0,0],"138":[0,0],"139":[0,0],"140":[0,0],"141":[0,0],"142":[0,0],"143":[0,0],"144":[0,0],"145":[0,0],"146":[0,0],"147":[0,0],"148":[0,0],"149":[0,0],"150":[0,0],"151":[0,0],"152":[0,0],"153":[0,0],"154":[0,0],"155":[0,0],"156":[0,0],"157":[0,0],"158":[0,0,0],"159":[0,0],"160":[0,0,0],"161":[0,0],"162":[0,0],"163":[0,0],"164":[0,0],"165":[0,0],"166":[0,0],"167":[0,0],"168":[0,0],"169":[0,0],"170":[0,0],"171":[0,0],"172":[0,0],"173":[0,0],"174":[0,0],"175":[0,0],"176":[0,0],"177":[0,0],"178":[0,0],"179":[0,0],"180":[0,0],"181":[0,0],"182":[0,0],"183":[0,0],"184":[0,0],"185":[0,0],"186":[0,0],"187":[0,0],"188":[0,0,0,0,0],"189":[0,0],"190":[0,0],"191":[0,0],"192":[0,0],"193":[0,0,0],"194":[0,0],"195":[0,0,0],"196":[0,0],"197":[0,0,0],"198":[0,0],"199":[0,0],"200":[0,0],"201":[0,0],"202":[0,0]},"_coverageSchema":"1a1c01bbd47fc00a2c39e90264f33305004495a9","hash":"418583669549c55f1486d7c476c3e9d7d15f01d0"}
,"C:\\Projects\\ezHealthKonnect\\services\\auditService.js": {"path":"C:\\Projects\\ezHealthKonnect\\services\\auditService.js","statementMap":{"0":{"start":{"line":3,"column":11},"end":{"line":3,"column":24}},"1":{"start":{"line":4,"column":13},"end":{"line":4,"column":28}},"2":{"start":{"line":16,"column":22},"end":{"line":16,"column":72}},"3":{"start":{"line":17,"column":15},"end":{"line":17,"column":17}},"4":{"start":{"line":18,"column":0},"end":{"line":22,"column":1}},"5":{"start":{"line":19,"column":4},"end":{"line":19,"column":66}},"6":{"start":{"line":21,"column":4},"end":{"line":21,"column":172}},"7":{"start":{"line":29,"column":4},"end":{"line":34,"column":5}},"8":{"start":{"line":30,"column":24},"end":{"line":30,"column":35}},"9":{"start":{"line":31,"column":24},"end":{"line":31,"column":35}},"10":{"start":{"line":32,"column":22},"end":{"line":32,"column":33}},"11":{"start":{"line":33,"column":17},"end":{"line":33,"column":28}},"12":{"start":{"line":42,"column":18},"end":{"line":42,"column":34}},"13":{"start":{"line":43,"column":4},"end":{"line":43,"column":28}},"14":{"start":{"line":43,"column":15},"end":{"line":43,"column":28}},"15":{"start":{"line":44,"column":4},"end":{"line":44,"column":134}},"16":{"start":{"line":45,"column":4},"end":{"line":45,"column":65}},"17":{"start":{"line":56,"column":16},"end":{"line":56,"column":48}},"18":{"start":{"line":58,"column":19},"end":{"line":58,"column":69}},"19":{"start":{"line":59,"column":22},"end":{"line":59,"column":74}},"20":{"start":{"line":60,"column":28},"end":{"line":60,"column":82}},"21":{"start":{"line":62,"column":21},"end":{"line":62,"column":54}},"22":{"start":{"line":63,"column":4},"end":{"line":70,"column":5}},"23":{"start":{"line":64,"column":8},"end":{"line":69,"column":10}},"24":{"start":{"line":72,"column":4},"end":{"line":72,"column":60}},"25":{"start":{"line":77,"column":8},"end":{"line":77,"column":29}},"26":{"start":{"line":78,"column":8},"end":{"line":78,"column":35}},"27":{"start":{"line":80,"column":8},"end":{"line":87,"column":9}},"28":{"start":{"line":81,"column":12},"end":{"line":81,"column":58}},"29":{"start":{"line":82,"column":12},"end":{"line":82,"column":38}},"30":{"start":{"line":83,"column":12},"end":{"line":83,"column":60}},"31":{"start":{"line":85,"column":12},"end":{"line":85,"column":84}},"32":{"start":{"line":86,"column":12},"end":{"line":86,"column":72}},"33":{"start":{"line":90,"column":8},"end":{"line":90,"column":58}},"34":{"start":{"line":91,"column":8},"end":{"line":93,"column":9}},"35":{"start":{"line":92,"column":12},"end":{"line":92,"column":60}},"36":{"start":{"line":122,"column":25},"end":{"line":122,"column":48}},"37":{"start":{"line":124,"column":26},"end":{"line":141,"column":9}},"38":{"start":{"line":143,"column":8},"end":{"line":202,"column":9}},"39":{"start":{"line":145,"column":12},"end":{"line":168,"column":13}},"40":{"start":{"line":146,"column":16},"end":{"line":162,"column":19}},"41":{"start":{"line":164,"column":16},"end":{"line":164,"column":108}},"42":{"start":{"line":166,"column":16},"end":{"line":166,"column":92}},"43":{"start":{"line":167,"column":16},"end":{"line":167,"column":59}},"44":{"start":{"line":171,"column":28},"end":{"line":171,"column":64}},"45":{"start":{"line":172,"column":12},"end":{"line":176,"column":13}},"46":{"start":{"line":173,"column":16},"end":{"line":173,"column":77}},"47":{"start":{"line":175,"column":16},"end":{"line":175,"column":93}},"48":{"start":{"line":179,"column":12},"end":{"line":179,"column":81}},"49":{"start":{"line":182,"column":12},"end":{"line":182,"column":64}},"50":{"start":{"line":185,"column":12},"end":{"line":195,"column":13}},"51":{"start":{"line":186,"column":37},"end":{"line":186,"column":82}},"52":{"start":{"line":187,"column":36},"end":{"line":191,"column":17}},"53":{"start":{"line":192,"column":16},"end":{"line":192,"column":84}},"54":{"start":{"line":194,"column":16},"end":{"line":194,"column":94}},"55":{"start":{"line":199,"column":12},"end":{"line":201,"column":13}},"56":{"start":{"line":200,"column":16},"end":{"line":200,"column":84}},"57":{"start":{"line":217,"column":8},"end":{"line":228,"column":11}},"58":{"start":{"line":235,"column":8},"end":{"line":249,"column":11}},"59":{"start":{"line":253,"column":0},"end":{"line":253,"column":36}},"60":{"start":{"line":259,"column":0},"end":{"line":259,"column":43}},"61":{"start":{"line":260,"column":0},"end":{"line":260,"column":47}},"62":{"start":{"line":261,"column":0},"end":{"line":261,"column":59}},"63":{"start":{"line":262,"column":0},"end":{"line":262,"column":35}}},"fnMap":{"0":{"name":"atnaOutcomeIndicator","decl":{"start":{"line":28,"column":9},"end":{"line":28,"column":29}},"loc":{"start":{"line":28,"column":38},"end":{"line":35,"column":1}},"line":28},"1":{"name":"lookupTaxonomy","decl":{"start":{"line":41,"column":9},"end":{"line":41,"column":23}},"loc":{"start":{"line":41,"column":32},"end":{"line":46,"column":1}},"line":41},"2":{"name":"resolveEvent","decl":{"start":{"line":55,"column":9},"end":{"line":55,"column":21}},"loc":{"start":{"line":55,"column":33},"end":{"line":73,"column":1}},"line":55},"3":{"name":"(anonymous_3)","decl":{"start":{"line":76,"column":4},"end":{"line":76,"column":5}},"loc":{"start":{"line":76,"column":18},"end":{"line":94,"column":5}},"line":76},"4":{"name":"(anonymous_4)","decl":{"start":{"line":115,"column":4},"end":{"line":115,"column":5}},"loc":{"start":{"line":115,"column":30},"end":{"line":203,"column":5}},"line":115},"5":{"name":"(anonymous_5)","decl":{"start":{"line":216,"column":4},"end":{"line":216,"column":5}},"loc":{"start":{"line":216,"column":32},"end":{"line":229,"column":5}},"line":216},"6":{"name":"(anonymous_6)","decl":{"start":{"line":234,"column":4},"end":{"line":234,"column":5}},"loc":{"start":{"line":234,"column":26},"end":{"line":250,"column":5}},"line":234}},"branchMap":{"0":{"loc":{"start":{"line":29,"column":4},"end":{"line":34,"column":5}},"type":"switch","locations":[{"start":{"line":30,"column":8},"end":{"line":30,"column":35}},{"start":{"line":31,"column":8},"end":{"line":31,"column":35}},{"start":{"line":32,"column":8},"end":{"line":32,"column":33}},{"start":{"line":33,"column":8},"end":{"line":33,"column":28}}],"line":29},"1":{"loc":{"start":{"line":43,"column":4},"end":{"line":43,"column":28}},"type":"if","locations":[{"start":{"line":43,"column":4},"end":{"line":43,"column":28}},{"start":{},"end":{}}],"line":43},"2":{"loc":{"start":{"line":58,"column":19},"end":{"line":58,"column":69}},"type":"binary-expr","locations":[{"start":{"line":58,"column":19},"end":{"line":58,"column":35}},{"start":{"line":58,"column":39},"end":{"line":58,"column":56}},{"start":{"line":58,"column":60},"end":{"line":58,"column":69}}],"line":58},"3":{"loc":{"start":{"line":59,"column":22},"end":{"line":59,"column":74}},"type":"binary-expr","locations":[{"start":{"line":59,"column":22},"end":{"line":59,"column":41}},{"start":{"line":59,"column":45},"end":{"line":59,"column":65}},{"start":{"line":59,"column":69},"end":{"line":59,"column":74}}],"line":59},"4":{"loc":{"start":{"line":60,"column":28},"end":{"line":60,"column":82}},"type":"binary-expr","locations":[{"start":{"line":60,"column":28},"end":{"line":60,"column":53}},{"start":{"line":60,"column":57},"end":{"line":60,"column":76}},{"start":{"line":60,"column":80},"end":{"line":60,"column":82}}],"line":60},"5":{"loc":{"start":{"line":62,"column":27},"end":{"line":62,"column":51}},"type":"binary-expr","locations":[{"start":{"line":62,"column":27},"end":{"line":62,"column":45}},{"start":{"line":62,"column":49},"end":{"line":62,"column":51}}],"line":62},"6":{"loc":{"start":{"line":63,"column":4},"end":{"line":70,"column":5}},"type":"if","locations":[{"start":{"line":63,"column":4},"end":{"line":70,"column":5}},{"start":{},"end":{}}],"line":63},"7":{"loc":{"start":{"line":91,"column":8},"end":{"line":93,"column":9}},"type":"if","locations":[{"start":{"line":91,"column":8},"end":{"line":93,"column":9}},{"start":{},"end":{}}],"line":91},"8":{"loc":{"start":{"line":126,"column":21},"end":{"line":126,"column":45}},"type":"binary-expr","locations":[{"start":{"line":126,"column":21},"end":{"line":126,"column":37}},{"start":{"line":126,"column":41},"end":{"line":126,"column":45}}],"line":126},"9":{"loc":{"start":{"line":127,"column":24},"end":{"line":127,"column":51}},"type":"binary-expr","locations":[{"start":{"line":127,"column":24},"end":{"line":127,"column":43}},{"start":{"line":127,"column":47},"end":{"line":127,"column":51}}],"line":127},"10":{"loc":{"start":{"line":129,"column":25},"end":{"line":129,"column":55}},"type":"binary-expr","locations":[{"start":{"line":129,"column":25},"end":{"line":129,"column":45}},{"start":{"line":129,"column":49},"end":{"line":129,"column":55}}],"line":129},"11":{"loc":{"start":{"line":130,"column":23},"end":{"line":130,"column":49}},"type":"binary-expr","locations":[{"start":{"line":130,"column":23},"end":{"line":130,"column":41}},{"start":{"line":130,"column":45},"end":{"line":130,"column":49}}],"line":130},"12":{"loc":{"start":{"line":131,"column":24},"end":{"line":131,"column":51}},"type":"binary-expr","locations":[{"start":{"line":131,"column":24},"end":{"line":131,"column":43}},{"start":{"line":131,"column":47},"end":{"line":131,"column":51}}],"line":131},"13":{"loc":{"start":{"line":132,"column":24},"end":{"line":132,"column":51}},"type":"binary-expr","locations":[{"start":{"line":132,"column":24},"end":{"line":132,"column":43}},{"start":{"line":132,"column":47},"end":{"line":132,"column":51}}],"line":132},"14":{"loc":{"start":{"line":134,"column":24},"end":{"line":134,"column":51}},"type":"binary-expr","locations":[{"start":{"line":134,"column":24},"end":{"line":134,"column":43}},{"start":{"line":134,"column":47},"end":{"line":134,"column":51}}],"line":134},"15":{"loc":{"start":{"line":135,"column":24},"end":{"line":135,"column":51}},"type":"binary-expr","locations":[{"start":{"line":135,"column":24},"end":{"line":135,"column":43}},{"start":{"line":135,"column":47},"end":{"line":135,"column":51}}],"line":135},"16":{"loc":{"start":{"line":136,"column":24},"end":{"line":136,"column":51}},"type":"binary-expr","locations":[{"start":{"line":136,"column":24},"end":{"line":136,"column":43}},{"start":{"line":136,"column":47},"end":{"line":136,"column":51}}],"line":136},"17":{"loc":{"start":{"line":138,"column":27},"end":{"line":138,"column":57}},"type":"binary-expr","locations":[{"start":{"line":138,"column":27},"end":{"line":138,"column":49}},{"start":{"line":138,"column":53},"end":{"line":138,"column":57}}],"line":138},"18":{"loc":{"start":{"line":145,"column":12},"end":{"line":168,"column":13}},"type":"if","locations":[{"start":{"line":145,"column":12},"end":{"line":168,"column":13}},{"start":{"line":165,"column":19},"end":{"line":168,"column":13}}],"line":145},"19":{"loc":{"start":{"line":199,"column":12},"end":{"line":201,"column":13}},"type":"if","locations":[{"start":{"line":199,"column":12},"end":{"line":201,"column":13}},{"start":{},"end":{}}],"line":199},"20":{"loc":{"start":{"line":199,"column":16},"end":{"line":199,"column":89}},"type":"binary-expr","locations":[{"start":{"line":199,"column":16},"end":{"line":199,"column":51}},{"start":{"line":199,"column":55},"end":{"line":199,"column":89}}],"line":199},"21":{"loc":{"start":{"line":220,"column":24},"end":{"line":220,"column":56}},"type":"binary-expr","locations":[{"start":{"line":220,"column":24},"end":{"line":220,"column":41}},{"start":{"line":220,"column":45},"end":{"line":220,"column":56}}],"line":220},"22":{"loc":{"start":{"line":224,"column":20},"end":{"line":224,"column":43}},"type":"binary-expr","locations":[{"start":{"line":224,"column":20},"end":{"line":224,"column":37}},{"start":{"line":224,"column":41},"end":{"line":224,"column":43}}],"line":224}},"s":{"0":2,"1":2,"2":2,"3":2,"4":2,"5":2,"6":0,"7":11,"8":6,"9":2,"10":1,"11":2,"12":9,"13":9,"14":7,"15":2,"16":2,"17":7,"18":7,"19":7,"20":7,"21":7,"22":7,"23":6,"24":7,"25":2,"26":2,"27":2,"28":2,"29":2,"30":2,"31":0,"32":0,"33":2,"34":2,"35":0,"36":0,"37":0,"38":0,"39":0,"40":0,"41":0,"42":0,"43":0,"44":0,"45":0,"46":0,"47":0,"48":0,"49":0,"50":0,"51":0,"52":0,"53":0,"54":0,"55":0,"56":0,"57":0,"58":0,"59":2,"60":2,"61":2,"62":2,"63":2},"f":{"0":11,"1":9,"2":7,"3":2,"4":0,"5":0,"6":0},"b":{"0":[6,2,1,2],"1":[7,2],"2":[7,6,0],"3":[7,6,0],"4":[7,6,1],"5":[7,6],"6":[6,1],"7":[0,2],"8":[0,0],"9":[0,0],"10":[0,0],"11":[0,0],"12":[0,0],"13":[0,0],"14":[0,0],"15":[0,0],"16":[0,0],"17":[0,0],"18":[0,0],"19":[0,0],"20":[0,0],"21":[0,0],"22":[0,0]},"_coverageSchema":"1a1c01bbd47fc00a2c39e90264f33305004495a9","hash":"5f106a13b7a2ee7e7a33e48d8c7f1a45adb66db7"}
}
