{"C:\\Projects\\ezHealthKonnect\\controllers\\FhirReceiverController.js": {"path":"C:\\Projects\\ezHealthKonnect\\controllers\\FhirReceiverController.js","statementMap":{"0":{"start":{"line":6,"column":23},"end":{"line":6,"column":38}},"1":{"start":{"line":7,"column":17},"end":{"line":7,"column":46}},"2":{"start":{"line":15,"column":32},"end":{"line":15,"column":42}},"3":{"start":{"line":16,"column":29},"end":{"line":16,"column":37}},"4":{"start":{"line":17,"column":26},"end":{"line":17,"column":36}},"5":{"start":{"line":19,"column":8},"end":{"line":173,"column":9}},"6":{"start":{"line":20,"column":12},"end":{"line":20,"column":130}},"7":{"start":{"line":23,"column":26},"end":{"line":23,"column":66}},"8":{"start":{"line":24,"column":12},"end":{"line":33,"column":13}},"9":{"start":{"line":25,"column":16},"end":{"line":32,"column":19}},"10":{"start":{"line":36,"column":31},"end":{"line":36,"column":62}},"11":{"start":{"line":37,"column":12},"end":{"line":46,"column":13}},"12":{"start":{"line":38,"column":16},"end":{"line":45,"column":19}},"13":{"start":{"line":49,"column":12},"end":{"line":58,"column":13}},"14":{"start":{"line":50,"column":16},"end":{"line":57,"column":19}},"15":{"start":{"line":61,"column":31},"end":{"line":61,"column":78}},"16":{"start":{"line":62,"column":12},"end":{"line":71,"column":13}},"17":{"start":{"line":63,"column":16},"end":{"line":70,"column":19}},"18":{"start":{"line":74,"column":37},"end":{"line":74,"column":88}},"19":{"start":{"line":75,"column":12},"end":{"line":89,"column":13}},"20":{"start":{"line":77,"column":16},"end":{"line":86,"column":17}},"21":{"start":{"line":78,"column":20},"end":{"line":85,"column":23}},"22":{"start":{"line":80,"column":67},"end":{"line":84,"column":25}},"23":{"start":{"line":88,"column":16},"end":{"line":88,"column":86}},"24":{"start":{"line":92,"column":30},"end":{"line":92,"column":93}},"25":{"start":{"line":95,"column":12},"end":{"line":106,"column":15}},"26":{"start":{"line":105,"column":16},"end":{"line":105,"column":84}},"27":{"start":{"line":109,"column":30},"end":{"line":109,"column":79}},"28":{"start":{"line":111,"column":12},"end":{"line":136,"column":15}},"29":{"start":{"line":138,"column":12},"end":{"line":138,"column":94}},"30":{"start":{"line":145,"column":12},"end":{"line":161,"column":15}},"31":{"start":{"line":164,"column":12},"end":{"line":164,"column":59}},"32":{"start":{"line":165,"column":12},"end":{"line":172,"column":15}},"33":{"start":{"line":181,"column":58},"end":{"line":181,"column":68}},"34":{"start":{"line":182,"column":29},"end":{"line":182,"column":37}},"35":{"start":{"line":185,"column":8},"end":{"line":194,"column":9}},"36":{"start":{"line":186,"column":12},"end":{"line":193,"column":15}},"37":{"start":{"line":198,"column":8},"end":{"line":198,"column":46}},"38":{"start":{"line":205,"column":8},"end":{"line":214,"column":9}},"39":{"start":{"line":206,"column":27},"end":{"line":209,"column":13}},"40":{"start":{"line":210,"column":12},"end":{"line":210,"column":37}},"41":{"start":{"line":212,"column":12},"end":{"line":212,"column":61}},"42":{"start":{"line":213,"column":12},"end":{"line":213,"column":24}},"43":{"start":{"line":221,"column":27},"end":{"line":221,"column":60}},"44":{"start":{"line":224,"column":8},"end":{"line":226,"column":9}},"45":{"start":{"line":225,"column":12},"end":{"line":225,"column":37}},"46":{"start":{"line":228,"column":25},"end":{"line":228,"column":40}},"47":{"start":{"line":230,"column":8},"end":{"line":267,"column":9}},"48":{"start":{"line":232,"column":35},"end":{"line":232,"column":60}},"49":{"start":{"line":233,"column":16},"end":{"line":235,"column":17}},"50":{"start":{"line":234,"column":20},"end":{"line":234,"column":96}},"51":{"start":{"line":236,"column":30},"end":{"line":236,"column":53}},"52":{"start":{"line":237,"column":16},"end":{"line":239,"column":17}},"53":{"start":{"line":238,"column":20},"end":{"line":238,"column":77}},"54":{"start":{"line":240,"column":16},"end":{"line":240,"column":41}},"55":{"start":{"line":244,"column":34},"end":{"line":244,"column":59}},"56":{"start":{"line":245,"column":16},"end":{"line":247,"column":17}},"57":{"start":{"line":246,"column":20},"end":{"line":246,"column":85}},"58":{"start":{"line":249,"column":16},"end":{"line":249,"column":41}},"59":{"start":{"line":252,"column":31},"end":{"line":252,"column":55}},"60":{"start":{"line":253,"column":16},"end":{"line":255,"column":17}},"61":{"start":{"line":254,"column":20},"end":{"line":254,"column":72}},"62":{"start":{"line":256,"column":16},"end":{"line":256,"column":41}},"63":{"start":{"line":260,"column":16},"end":{"line":260,"column":82}},"64":{"start":{"line":263,"column":16},"end":{"line":263,"column":41}},"65":{"start":{"line":266,"column":16},"end":{"line":266,"column":83}},"66":{"start":{"line":274,"column":23},"end":{"line":274,"column":25}},"67":{"start":{"line":277,"column":8},"end":{"line":280,"column":9}},"68":{"start":{"line":278,"column":12},"end":{"line":278,"column":64}},"69":{"start":{"line":279,"column":12},"end":{"line":279,"column":44}},"70":{"start":{"line":282,"column":8},"end":{"line":284,"column":9}},"71":{"start":{"line":283,"column":12},"end":{"line":283,"column":64}},"72":{"start":{"line":287,"column":30},"end":{"line":287,"column":72}},"73":{"start":{"line":288,"column":8},"end":{"line":292,"column":9}},"74":{"start":{"line":289,"column":12},"end":{"line":291,"column":13}},"75":{"start":{"line":290,"column":16},"end":{"line":290,"column":101}},"76":{"start":{"line":299,"column":8},"end":{"line":302,"column":10}},"77":{"start":{"line":309,"column":8},"end":{"line":324,"column":9}},"78":{"start":{"line":311,"column":35},"end":{"line":311,"column":82}},"79":{"start":{"line":312,"column":33},"end":{"line":312,"column":67}},"80":{"start":{"line":314,"column":12},"end":{"line":317,"column":13}},"81":{"start":{"line":315,"column":16},"end":{"line":315,"column":79}},"82":{"start":{"line":316,"column":16},"end":{"line":316,"column":23}},"83":{"start":{"line":319,"column":12},"end":{"line":319,"column":66}},"84":{"start":{"line":320,"column":12},"end":{"line":320,"column":67}},"85":{"start":{"line":322,"column":12},"end":{"line":322,"column":69}},"86":{"start":{"line":337,"column":0},"end":{"line":337,"column":46}}},"fnMap":{"0":{"name":"(anonymous_0)","decl":{"start":{"line":14,"column":4},"end":{"line":14,"column":5}},"loc":{"start":{"line":14,"column":36},"end":{"line":174,"column":5}},"line":14},"1":{"name":"(anonymous_1)","decl":{"start":{"line":80,"column":59},"end":{"line":80,"column":60}},"loc":{"start":{"line":80,"column":67},"end":{"line":84,"column":25}},"line":80},"2":{"name":"(anonymous_2)","decl":{"start":{"line":104,"column":21},"end":{"line":104,"column":22}},"loc":{"start":{"line":104,"column":28},"end":{"line":106,"column":13}},"line":104},"3":{"name":"(anonymous_3)","decl":{"start":{"line":180,"column":4},"end":{"line":180,"column":5}},"loc":{"start":{"line":180,"column":35},"end":{"line":199,"column":5}},"line":180},"4":{"name":"(anonymous_4)","decl":{"start":{"line":204,"column":4},"end":{"line":204,"column":5}},"loc":{"start":{"line":204,"column":40},"end":{"line":215,"column":5}},"line":204},"5":{"name":"(anonymous_5)","decl":{"start":{"line":220,"column":4},"end":{"line":220,"column":5}},"loc":{"start":{"line":220,"column":55},"end":{"line":268,"column":5}},"line":220},"6":{"name":"(anonymous_6)","decl":{"start":{"line":273,"column":4},"end":{"line":273,"column":5}},"loc":{"start":{"line":273,"column":55},"end":{"line":303,"column":5}},"line":273},"7":{"name":"(anonymous_7)","decl":{"start":{"line":308,"column":4},"end":{"line":308,"column":5}},"loc":{"start":{"line":308,"column":44},"end":{"line":325,"column":5}},"line":308},"8":{"name":"(anonymous_8)","decl":{"start":{"line":330,"column":4},"end":{"line":330,"column":5}},"loc":{"start":{"line":330,"column":52},"end":{"line":334,"column":5}},"line":330}},"branchMap":{"0":{"loc":{"start":{"line":20,"column":79},"end":{"line":20,"column":117}},"type":"binary-expr","locations":[{"start":{"line":20,"column":79},"end":{"line":20,"column":104}},{"start":{"line":20,"column":108},"end":{"line":20,"column":117}}],"line":20},"1":{"loc":{"start":{"line":24,"column":12},"end":{"line":33,"column":13}},"type":"if","locations":[{"start":{"line":24,"column":12},"end":{"line":33,"column":13}},{"start":{},"end":{}}],"line":24},"2":{"loc":{"start":{"line":36,"column":31},"end":{"line":36,"column":62}},"type":"binary-expr","locations":[{"start":{"line":36,"column":31},"end":{"line":36,"column":56}},{"start":{"line":36,"column":60},"end":{"line":36,"column":62}}],"line":36},"3":{"loc":{"start":{"line":37,"column":12},"end":{"line":46,"column":13}},"type":"if","locations":[{"start":{"line":37,"column":12},"end":{"line":46,"column":13}},{"start":{},"end":{}}],"line":37},"4":{"loc":{"start":{"line":37,"column":16},"end":{"line":37,"column":69}},"type":"binary-expr","locations":[{"start":{"line":37,"column":16},"end":{"line":37,"column":32}},{"start":{"line":37,"column":36},"end":{"line":37,"column":69}}],"line":37},"5":{"loc":{"start":{"line":49,"column":12},"end":{"line":58,"column":13}},"type":"if","locations":[{"start":{"line":49,"column":12},"end":{"line":58,"column":13}},{"start":{},"end":{}}],"line":49},"6":{"loc":{"start":{"line":62,"column":12},"end":{"line":71,"column":13}},"type":"if","locations":[{"start":{"line":62,"column":12},"end":{"line":71,"column":13}},{"start":{},"end":{}}],"line":62},"7":{"loc":{"start":{"line":68,"column":37},"end":{"line":68,"column":80}},"type":"binary-expr","locations":[{"start":{"line":68,"column":37},"end":{"line":68,"column":53}},{"start":{"line":68,"column":57},"end":{"line":68,"column":80}}],"line":68},"8":{"loc":{"start":{"line":75,"column":12},"end":{"line":89,"column":13}},"type":"if","locations":[{"start":{"line":75,"column":12},"end":{"line":89,"column":13}},{"start":{},"end":{}}],"line":75},"9":{"loc":{"start":{"line":77,"column":16},"end":{"line":86,"column":17}},"type":"if","locations":[{"start":{"line":77,"column":16},"end":{"line":86,"column":17}},{"start":{},"end":{}}],"line":77},"10":{"loc":{"start":{"line":101,"column":27},"end":{"line":101,"column":65}},"type":"binary-expr","locations":[{"start":{"line":101,"column":27},"end":{"line":101,"column":33}},{"start":{"line":101,"column":37},"end":{"line":101,"column":65}}],"line":101},"11":{"loc":{"start":{"line":129,"column":30},"end":{"line":129,"column":68}},"type":"binary-expr","locations":[{"start":{"line":129,"column":30},"end":{"line":129,"column":36}},{"start":{"line":129,"column":40},"end":{"line":129,"column":68}}],"line":129},"12":{"loc":{"start":{"line":130,"column":33},"end":{"line":130,"column":71}},"type":"binary-expr","locations":[{"start":{"line":130,"column":33},"end":{"line":130,"column":58}},{"start":{"line":130,"column":62},"end":{"line":130,"column":71}}],"line":130},"13":{"loc":{"start":{"line":133,"column":35},"end":{"line":133,"column":58}},"type":"binary-expr","locations":[{"start":{"line":133,"column":35},"end":{"line":133,"column":50}},{"start":{"line":133,"column":54},"end":{"line":133,"column":58}}],"line":133},"14":{"loc":{"start":{"line":170,"column":33},"end":{"line":170,"column":73}},"type":"binary-expr","locations":[{"start":{"line":170,"column":33},"end":{"line":170,"column":46}},{"start":{"line":170,"column":50},"end":{"line":170,"column":73}}],"line":170},"15":{"loc":{"start":{"line":185,"column":8},"end":{"line":194,"column":9}},"type":"if","locations":[{"start":{"line":185,"column":8},"end":{"line":194,"column":9}},{"start":{},"end":{}}],"line":185},"16":{"loc":{"start":{"line":185,"column":12},"end":{"line":185,"column":88}},"type":"binary-expr","locations":[{"start":{"line":185,"column":12},"end":{"line":185,"column":54}},{"start":{"line":185,"column":58},"end":{"line":185,"column":88}}],"line":185},"17":{"loc":{"start":{"line":210,"column":19},"end":{"line":210,"column":36}},"type":"binary-expr","locations":[{"start":{"line":210,"column":19},"end":{"line":210,"column":28}},{"start":{"line":210,"column":32},"end":{"line":210,"column":36}}],"line":210},"18":{"loc":{"start":{"line":224,"column":8},"end":{"line":226,"column":9}},"type":"if","locations":[{"start":{"line":224,"column":8},"end":{"line":226,"column":9}},{"start":{},"end":{}}],"line":224},"19":{"loc":{"start":{"line":224,"column":12},"end":{"line":224,"column":46}},"type":"binary-expr","locations":[{"start":{"line":224,"column":12},"end":{"line":224,"column":23}},{"start":{"line":224,"column":27},"end":{"line":224,"column":46}}],"line":224},"20":{"loc":{"start":{"line":230,"column":8},"end":{"line":267,"column":9}},"type":"switch","locations":[{"start":{"line":231,"column":12},"end":{"line":240,"column":41}},{"start":{"line":242,"column":12},"end":{"line":249,"column":41}},{"start":{"line":251,"column":12},"end":{"line":256,"column":41}},{"start":{"line":258,"column":12},"end":{"line":260,"column":82}},{"start":{"line":262,"column":12},"end":{"line":263,"column":41}},{"start":{"line":265,"column":12},"end":{"line":266,"column":83}}],"line":230},"21":{"loc":{"start":{"line":233,"column":16},"end":{"line":235,"column":17}},"type":"if","locations":[{"start":{"line":233,"column":16},"end":{"line":235,"column":17}},{"start":{},"end":{}}],"line":233},"22":{"loc":{"start":{"line":233,"column":20},"end":{"line":233,"column":68}},"type":"binary-expr","locations":[{"start":{"line":233,"column":20},"end":{"line":233,"column":31}},{"start":{"line":233,"column":35},"end":{"line":233,"column":68}}],"line":233},"23":{"loc":{"start":{"line":237,"column":16},"end":{"line":239,"column":17}},"type":"if","locations":[{"start":{"line":237,"column":16},"end":{"line":239,"column":17}},{"start":{},"end":{}}],"line":237},"24":{"loc":{"start":{"line":245,"column":16},"end":{"line":247,"column":17}},"type":"if","locations":[{"start":{"line":245,"column":16},"end":{"line":247,"column":17}},{"start":{},"end":{}}],"line":245},"25":{"loc":{"start":{"line":245,"column":20},"end":{"line":245,"column":65}},"type":"binary-expr","locations":[{"start":{"line":245,"column":20},"end":{"line":245,"column":30}},{"start":{"line":245,"column":34},"end":{"line":245,"column":65}}],"line":245},"26":{"loc":{"start":{"line":253,"column":16},"end":{"line":255,"column":17}},"type":"if","locations":[{"start":{"line":253,"column":16},"end":{"line":255,"column":17}},{"start":{},"end":{}}],"line":253},"27":{"loc":{"start":{"line":253,"column":20},"end":{"line":253,"column":60}},"type":"binary-expr","locations":[{"start":{"line":253,"column":20},"end":{"line":253,"column":27}},{"start":{"line":253,"column":31},"end":{"line":253,"column":60}}],"line":253},"28":{"loc":{"start":{"line":277,"column":8},"end":{"line":280,"column":9}},"type":"if","locations":[{"start":{"line":277,"column":8},"end":{"line":280,"column":9}},{"start":{},"end":{}}],"line":277},"29":{"loc":{"start":{"line":277,"column":12},"end":{"line":277,"column":53}},"type":"binary-expr","locations":[{"start":{"line":277,"column":12},"end":{"line":277,"column":21}},{"start":{"line":277,"column":25},"end":{"line":277,"column":53}}],"line":277},"30":{"loc":{"start":{"line":282,"column":8},"end":{"line":284,"column":9}},"type":"if","locations":[{"start":{"line":282,"column":8},"end":{"line":284,"column":9}},{"start":{},"end":{}}],"line":282},"31":{"loc":{"start":{"line":288,"column":8},"end":{"line":292,"column":9}},"type":"if","locations":[{"start":{"line":288,"column":8},"end":{"line":292,"column":9}},{"start":{},"end":{}}],"line":288},"32":{"loc":{"start":{"line":288,"column":12},"end":{"line":288,"column":87}},"type":"binary-expr","locations":[{"start":{"line":288,"column":12},"end":{"line":288,"column":25}},{"start":{"line":288,"column":29},"end":{"line":288,"column":53}},{"start":{"line":288,"column":57},"end":{"line":288,"column":87}}],"line":288},"33":{"loc":{"start":{"line":289,"column":12},"end":{"line":291,"column":13}},"type":"if","locations":[{"start":{"line":289,"column":12},"end":{"line":291,"column":13}},{"start":{},"end":{}}],"line":289},"34":{"loc":{"start":{"line":314,"column":12},"end":{"line":317,"column":13}},"type":"if","locations":[{"start":{"line":314,"column":12},"end":{"line":317,"column":13}},{"start":{},"end":{}}],"line":314}},"s":{"0":1,"1":1,"2":2,"3":2,"4":2,"5":2,"6":2,"7":2,"8":2,"9":1,"10":1,"11":1,"12":0,"13":1,"14":0,"15":1,"16":1,"17":0,"18":1,"19":1,"20":0,"21":0,"22":0,"23":0,"24":1,"25":1,"26":0,"27":1,"28":1,"29":1,"30":1,"31":0,"32":0,"33":0,"34":0,"35":0,"36":0,"37":0,"38":5,"39":5,"40":4,"41":1,"42":1,"43":1,"44":1,"45":1,"46":0,"47":0,"48":0,"49":0,"50":0,"51":0,"52":0,"53":0,"54":0,"55":0,"56":0,"57":0,"58":0,"59":0,"60":0,"61":0,"62":0,"63":0,"64":0,"65":0,"66":1,"67":1,"68":0,"69":0,"70":1,"71":0,"72":1,"73":1,"74":0,"75":0,"76":1,"77":1,"78":1,"79":1,"80":1,"81":1,"82":1,"83":0,"84":0,"85":0,"86":1},"f":{"0":2,"1":0,"2":0,"3":0,"4":5,"5":1,"6":1,"7":1,"8":0},"b":{"0":[2,0],"1":[1,1],"2":[1,0],"3":[0,1],"4":[1,1],"5":[0,1],"6":[0,1],"7":[0,0],"8":[0,1],"9":[0,0],"10":[1,0],"11":[1,0],"12":[1,0],"13":[1,0],"14":[0,0],"15":[0,0],"16":[0,0],"17":[4,2],"18":[1,0],"19":[1,1],"20":[0,0,0,0,0,0],"21":[0,0],"22":[0,0],"23":[0,0],"24":[0,0],"25":[0,0],"26":[0,0],"27":[0,0],"28":[0,1],"29":[1,1],"30":[0,1],"31":[0,1],"32":[1,0,0],"33":[0,0],"34":[1,0]},"_coverageSchema":"1a1c01bbd47fc00a2c39e90264f33305004495a9","hash":"218843947e7f61e7537a8eec33a881603f37a5bb"}
,"C:\\Projects\\ezHealthKonnect\\middleware\\auth.js": {"path":"C:\\Projects\\ezHealthKonnect\\middleware\\auth.js","statementMap":{"0":{"start":{"line":2,"column":12},"end":{"line":2,"column":35}},"1":{"start":{"line":6,"column":4},"end":{"line":8,"column":5}},"2":{"start":{"line":7,"column":8},"end":{"line":7,"column":76}},"3":{"start":{"line":9,"column":4},"end":{"line":9,"column":11}},"4":{"start":{"line":14,"column":17},"end":{"line":14,"column":58}},"5":{"start":{"line":15,"column":4},"end":{"line":17,"column":5}},"6":{"start":{"line":16,"column":8},"end":{"line":16,"column":74}},"7":{"start":{"line":18,"column":4},"end":{"line":18,"column":11}},"8":{"start":{"line":24,"column":4},"end":{"line":26,"column":5}},"9":{"start":{"line":25,"column":8},"end":{"line":25,"column":80}},"10":{"start":{"line":27,"column":4},"end":{"line":27,"column":11}},"11":{"start":{"line":33,"column":4},"end":{"line":41,"column":6}},"12":{"start":{"line":34,"column":8},"end":{"line":36,"column":9}},"13":{"start":{"line":35,"column":12},"end":{"line":35,"column":80}},"14":{"start":{"line":37,"column":8},"end":{"line":39,"column":9}},"15":{"start":{"line":38,"column":12},"end":{"line":38,"column":100}},"16":{"start":{"line":40,"column":8},"end":{"line":40,"column":15}},"17":{"start":{"line":48,"column":18},"end":{"line":48,"column":88}},"18":{"start":{"line":50,"column":4},"end":{"line":58,"column":5}},"19":{"start":{"line":51,"column":8},"end":{"line":57,"column":9}},"20":{"start":{"line":52,"column":28},"end":{"line":52,"column":69}},"21":{"start":{"line":53,"column":12},"end":{"line":53,"column":31}},"22":{"start":{"line":54,"column":12},"end":{"line":54,"column":26}},"23":{"start":{"line":56,"column":12},"end":{"line":56,"column":81}},"24":{"start":{"line":61,"column":4},"end":{"line":64,"column":5}},"25":{"start":{"line":62,"column":8},"end":{"line":62,"column":36}},"26":{"start":{"line":63,"column":8},"end":{"line":63,"column":22}},"27":{"start":{"line":66,"column":4},"end":{"line":66,"column":70}},"28":{"start":{"line":69,"column":0},"end":{"line":75,"column":2}}},"fnMap":{"0":{"name":"requireAuth","decl":{"start":{"line":5,"column":9},"end":{"line":5,"column":20}},"loc":{"start":{"line":5,"column":37},"end":{"line":10,"column":1}},"line":5},"1":{"name":"requireAdmin","decl":{"start":{"line":13,"column":9},"end":{"line":13,"column":21}},"loc":{"start":{"line":13,"column":38},"end":{"line":19,"column":1}},"line":13},"2":{"name":"requireSuperAdmin","decl":{"start":{"line":23,"column":9},"end":{"line":23,"column":26}},"loc":{"start":{"line":23,"column":43},"end":{"line":28,"column":1}},"line":23},"3":{"name":"requireRole","decl":{"start":{"line":32,"column":9},"end":{"line":32,"column":20}},"loc":{"start":{"line":32,"column":31},"end":{"line":42,"column":1}},"line":32},"4":{"name":"(anonymous_4)","decl":{"start":{"line":33,"column":11},"end":{"line":33,"column":12}},"loc":{"start":{"line":33,"column":31},"end":{"line":41,"column":5}},"line":33},"5":{"name":"verifyToken","decl":{"start":{"line":47,"column":9},"end":{"line":47,"column":20}},"loc":{"start":{"line":47,"column":37},"end":{"line":67,"column":1}},"line":47}},"branchMap":{"0":{"loc":{"start":{"line":6,"column":4},"end":{"line":8,"column":5}},"type":"if","locations":[{"start":{"line":6,"column":4},"end":{"line":8,"column":5}},{"start":{},"end":{}}],"line":6},"1":{"loc":{"start":{"line":14,"column":17},"end":{"line":14,"column":58}},"type":"binary-expr","locations":[{"start":{"line":14,"column":17},"end":{"line":14,"column":33}},{"start":{"line":14,"column":37},"end":{"line":14,"column":58}}],"line":14},"2":{"loc":{"start":{"line":15,"column":4},"end":{"line":17,"column":5}},"type":"if","locations":[{"start":{"line":15,"column":4},"end":{"line":17,"column":5}},{"start":{},"end":{}}],"line":15},"3":{"loc":{"start":{"line":15,"column":8},"end":{"line":15,"column":61}},"type":"binary-expr","locations":[{"start":{"line":15,"column":8},"end":{"line":15,"column":13}},{"start":{"line":15,"column":18},"end":{"line":15,"column":34}},{"start":{"line":15,"column":38},"end":{"line":15,"column":60}}],"line":15},"4":{"loc":{"start":{"line":24,"column":4},"end":{"line":26,"column":5}},"type":"if","locations":[{"start":{"line":24,"column":4},"end":{"line":26,"column":5}},{"start":{},"end":{}}],"line":24},"5":{"loc":{"start":{"line":24,"column":8},"end":{"line":24,"column":68}},"type":"binary-expr","locations":[{"start":{"line":24,"column":8},"end":{"line":24,"column":25}},{"start":{"line":24,"column":29},"end":{"line":24,"column":68}}],"line":24},"6":{"loc":{"start":{"line":34,"column":8},"end":{"line":36,"column":9}},"type":"if","locations":[{"start":{"line":34,"column":8},"end":{"line":36,"column":9}},{"start":{},"end":{}}],"line":34},"7":{"loc":{"start":{"line":37,"column":8},"end":{"line":39,"column":9}},"type":"if","locations":[{"start":{"line":37,"column":8},"end":{"line":39,"column":9}},{"start":{},"end":{}}],"line":37},"8":{"loc":{"start":{"line":48,"column":18},"end":{"line":48,"column":88}},"type":"binary-expr","locations":[{"start":{"line":48,"column":18},"end":{"line":48,"column":69}},{"start":{"line":48,"column":73},"end":{"line":48,"column":88}}],"line":48},"9":{"loc":{"start":{"line":50,"column":4},"end":{"line":58,"column":5}},"type":"if","locations":[{"start":{"line":50,"column":4},"end":{"line":58,"column":5}},{"start":{},"end":{}}],"line":50},"10":{"loc":{"start":{"line":61,"column":4},"end":{"line":64,"column":5}},"type":"if","locations":[{"start":{"line":61,"column":4},"end":{"line":64,"column":5}},{"start":{},"end":{}}],"line":61},"11":{"loc":{"start":{"line":61,"column":8},"end":{"line":61,"column":39}},"type":"binary-expr","locations":[{"start":{"line":61,"column":8},"end":{"line":61,"column":19}},{"start":{"line":61,"column":23},"end":{"line":61,"column":39}}],"line":61}},"s":{"0":1,"1":2,"2":1,"3":1,"4":4,"5":4,"6":2,"7":2,"8":2,"9":1,"10":1,"11":3,"12":3,"13":1,"14":2,"15":1,"16":1,"17":5,"18":5,"19":3,"20":3,"21":2,"22":2,"23":1,"24":2,"25":1,"26":1,"27":1,"28":1},"f":{"0":2,"1":4,"2":2,"3":3,"4":3,"5":5},"b":{"0":[1,1],"1":[4,3],"2":[2,2],"3":[4,3,2],"4":[1,1],"5":[2,2],"6":[1,2],"7":[1,1],"8":[5,3],"9":[3,2],"10":[1,1],"11":[2,2]},"_coverageSchema":"1a1c01bbd47fc00a2c39e90264f33305004495a9","hash":"62f41482530bd2c861e3c08fe18c0012f4f72014"}
,"C:\\Projects\\ezHealthKonnect\\middleware\\rateLimiter.js": {"path":"C:\\Projects\\ezHealthKonnect\\middleware\\rateLimiter.js","statementMap":{"0":{"start":{"line":16,"column":8},"end":{"line":16,"column":33}},"1":{"start":{"line":17,"column":8},"end":{"line":17,"column":23}},"2":{"start":{"line":18,"column":8},"end":{"line":18,"column":77}},"3":{"start":{"line":18,"column":40},"end":{"line":18,"column":75}},"4":{"start":{"line":19,"column":8},"end":{"line":19,"column":30}},"5":{"start":{"line":23,"column":8},"end":{"line":23,"column":77}},"6":{"start":{"line":23,"column":46},"end":{"line":23,"column":61}},"7":{"start":{"line":24,"column":8},"end":{"line":26,"column":9}},"8":{"start":{"line":25,"column":12},"end":{"line":25,"column":38}},"9":{"start":{"line":30,"column":20},"end":{"line":30,"column":30}},"10":{"start":{"line":31,"column":8},"end":{"line":35,"column":9}},"11":{"start":{"line":32,"column":12},"end":{"line":34,"column":13}},"12":{"start":{"line":33,"column":16},"end":{"line":33,"column":38}},"13":{"start":{"line":40,"column":8},"end":{"line":60,"column":10}},"14":{"start":{"line":41,"column":24},"end":{"line":41,"column":39}},"15":{"start":{"line":42,"column":24},"end":{"line":42,"column":34}},"16":{"start":{"line":43,"column":24},"end":{"line":43,"column":42}},"17":{"start":{"line":44,"column":12},"end":{"line":47,"column":13}},"18":{"start":{"line":45,"column":16},"end":{"line":45,"column":67}},"19":{"start":{"line":46,"column":16},"end":{"line":46,"column":42}},"20":{"start":{"line":48,"column":12},"end":{"line":48,"column":29}},"21":{"start":{"line":50,"column":12},"end":{"line":57,"column":13}},"22":{"start":{"line":51,"column":38},"end":{"line":51,"column":90}},"23":{"start":{"line":52,"column":16},"end":{"line":52,"column":62}},"24":{"start":{"line":53,"column":16},"end":{"line":56,"column":19}},"25":{"start":{"line":59,"column":12},"end":{"line":59,"column":19}},"26":{"start":{"line":64,"column":0},"end":{"line":64,"column":29}}},"fnMap":{"0":{"name":"(anonymous_0)","decl":{"start":{"line":15,"column":4},"end":{"line":15,"column":5}},"loc":{"start":{"line":15,"column":42},"end":{"line":27,"column":5}},"line":15},"1":{"name":"(anonymous_1)","decl":{"start":{"line":18,"column":31},"end":{"line":18,"column":32}},"loc":{"start":{"line":18,"column":40},"end":{"line":18,"column":75}},"line":18},"2":{"name":"(anonymous_2)","decl":{"start":{"line":23,"column":40},"end":{"line":23,"column":41}},"loc":{"start":{"line":23,"column":46},"end":{"line":23,"column":61}},"line":23},"3":{"name":"(anonymous_3)","decl":{"start":{"line":29,"column":4},"end":{"line":29,"column":5}},"loc":{"start":{"line":29,"column":15},"end":{"line":36,"column":5}},"line":29},"4":{"name":"(anonymous_4)","decl":{"start":{"line":39,"column":4},"end":{"line":39,"column":5}},"loc":{"start":{"line":39,"column":17},"end":{"line":61,"column":5}},"line":39},"5":{"name":"(anonymous_5)","decl":{"start":{"line":40,"column":15},"end":{"line":40,"column":16}},"loc":{"start":{"line":40,"column":35},"end":{"line":60,"column":9}},"line":40}},"branchMap":{"0":{"loc":{"start":{"line":18,"column":21},"end":{"line":18,"column":76}},"type":"binary-expr","locations":[{"start":{"line":18,"column":21},"end":{"line":18,"column":26}},{"start":{"line":18,"column":31},"end":{"line":18,"column":75}}],"line":18},"1":{"loc":{"start":{"line":18,"column":40},"end":{"line":18,"column":75}},"type":"binary-expr","locations":[{"start":{"line":18,"column":40},"end":{"line":18,"column":52}},{"start":{"line":18,"column":56},"end":{"line":18,"column":62}},{"start":{"line":18,"column":66},"end":{"line":18,"column":75}}],"line":18},"2":{"loc":{"start":{"line":24,"column":8},"end":{"line":26,"column":9}},"type":"if","locations":[{"start":{"line":24,"column":8},"end":{"line":26,"column":9}},{"start":{},"end":{}}],"line":24},"3":{"loc":{"start":{"line":32,"column":12},"end":{"line":34,"column":13}},"type":"if","locations":[{"start":{"line":32,"column":12},"end":{"line":34,"column":13}},{"start":{},"end":{}}],"line":32},"4":{"loc":{"start":{"line":44,"column":12},"end":{"line":47,"column":13}},"type":"if","locations":[{"start":{"line":44,"column":12},"end":{"line":47,"column":13}},{"start":{},"end":{}}],"line":44},"5":{"loc":{"start":{"line":44,"column":16},"end":{"line":44,"column":46}},"type":"binary-expr","locations":[{"start":{"line":44,"column":16},"end":{"line":44,"column":22}},{"start":{"line":44,"column":26},"end":{"line":44,"column":46}}],"line":44},"6":{"loc":{"start":{"line":50,"column":12},"end":{"line":57,"column":13}},"type":"if","locations":[{"start":{"line":50,"column":12},"end":{"line":57,"column":13}},{"start":{},"end":{}}],"line":50}},"s":{"0":5,"1":5,"2":5,"3":12,"4":5,"5":5,"6":0,"7":5,"8":5,"9":0,"10":0,"11":0,"12":0,"13":5,"14":14,"15":14,"16":14,"17":14,"18":8,"19":8,"20":14,"21":14,"22":3,"23":3,"24":3,"25":11,"26":1},"f":{"0":5,"1":12,"2":0,"3":0,"4":5,"5":14},"b":{"0":[5,4],"1":[12,12,0],"2":[5,0],"3":[0,0],"4":[8,6],"5":[14,7],"6":[3,11]},"_coverageSchema":"1a1c01bbd47fc00a2c39e90264f33305004495a9","hash":"2f4208eb3a75d084d0b165d133bf4bb07c5b19d1"}
,"C:\\Projects\\ezHealthKonnect\\services\\HL7MessageAnalyzer.js": {"path":"C:\\Projects\\ezHealthKonnect\\services\\HL7MessageAnalyzer.js","statementMap":{"0":{"start":{"line":6,"column":8},"end":{"line":6,"column":36}},"1":{"start":{"line":7,"column":8},"end":{"line":7,"column":39}},"2":{"start":{"line":10,"column":8},"end":{"line":17,"column":10}},"3":{"start":{"line":24,"column":25},"end":{"line":24,"column":74}},"4":{"start":{"line":27,"column":8},"end":{"line":29,"column":9}},"5":{"start":{"line":28,"column":12},"end":{"line":28,"column":52}},"6":{"start":{"line":31,"column":25},"end":{"line":46,"column":9}},"7":{"start":{"line":49,"column":8},"end":{"line":49,"column":51}},"8":{"start":{"line":52,"column":8},"end":{"line":55,"column":9}},"9":{"start":{"line":53,"column":29},"end":{"line":53,"column":67}},"10":{"start":{"line":54,"column":12},"end":{"line":54,"column":48}},"11":{"start":{"line":57,"column":8},"end":{"line":57,"column":24}},"12":{"start":{"line":64,"column":8},"end":{"line":78,"column":9}},"13":{"start":{"line":65,"column":31},"end":{"line":65,"column":69}},"14":{"start":{"line":66,"column":12},"end":{"line":66,"column":46}},"15":{"start":{"line":66,"column":29},"end":{"line":66,"column":46}},"16":{"start":{"line":68,"column":27},"end":{"line":68,"column":48}},"17":{"start":{"line":69,"column":12},"end":{"line":73,"column":13}},"18":{"start":{"line":70,"column":41},"end":{"line":70,"column":50}},"19":{"start":{"line":71,"column":30},"end":{"line":71,"column":57}},"20":{"start":{"line":72,"column":16},"end":{"line":72,"column":45}},"21":{"start":{"line":74,"column":12},"end":{"line":74,"column":29}},"22":{"start":{"line":76,"column":12},"end":{"line":76,"column":74}},"23":{"start":{"line":77,"column":12},"end":{"line":77,"column":29}},"24":{"start":{"line":85,"column":8},"end":{"line":99,"column":9}},"25":{"start":{"line":86,"column":31},"end":{"line":86,"column":69}},"26":{"start":{"line":87,"column":12},"end":{"line":87,"column":46}},"27":{"start":{"line":87,"column":29},"end":{"line":87,"column":46}},"28":{"start":{"line":89,"column":27},"end":{"line":89,"column":48}},"29":{"start":{"line":90,"column":12},"end":{"line":94,"column":13}},"30":{"start":{"line":91,"column":41},"end":{"line":91,"column":50}},"31":{"start":{"line":92,"column":30},"end":{"line":92,"column":57}},"32":{"start":{"line":93,"column":16},"end":{"line":93,"column":45}},"33":{"start":{"line":95,"column":12},"end":{"line":95,"column":29}},"34":{"start":{"line":97,"column":12},"end":{"line":97,"column":75}},"35":{"start":{"line":98,"column":12},"end":{"line":98,"column":29}},"36":{"start":{"line":106,"column":8},"end":{"line":115,"column":9}},"37":{"start":{"line":107,"column":31},"end":{"line":107,"column":69}},"38":{"start":{"line":108,"column":12},"end":{"line":108,"column":46}},"39":{"start":{"line":108,"column":29},"end":{"line":108,"column":46}},"40":{"start":{"line":110,"column":27},"end":{"line":110,"column":48}},"41":{"start":{"line":111,"column":12},"end":{"line":111,"column":42}},"42":{"start":{"line":113,"column":12},"end":{"line":113,"column":70}},"43":{"start":{"line":114,"column":12},"end":{"line":114,"column":29}},"44":{"start":{"line":122,"column":8},"end":{"line":136,"column":9}},"45":{"start":{"line":123,"column":31},"end":{"line":123,"column":69}},"46":{"start":{"line":124,"column":12},"end":{"line":124,"column":41}},"47":{"start":{"line":124,"column":29},"end":{"line":124,"column":41}},"48":{"start":{"line":126,"column":27},"end":{"line":126,"column":48}},"49":{"start":{"line":127,"column":12},"end":{"line":131,"column":13}},"50":{"start":{"line":128,"column":39},"end":{"line":128,"column":48}},"51":{"start":{"line":129,"column":30},"end":{"line":129,"column":55}},"52":{"start":{"line":130,"column":16},"end":{"line":130,"column":40}},"53":{"start":{"line":132,"column":12},"end":{"line":132,"column":24}},"54":{"start":{"line":134,"column":12},"end":{"line":134,"column":72}},"55":{"start":{"line":135,"column":12},"end":{"line":135,"column":24}},"56":{"start":{"line":143,"column":8},"end":{"line":152,"column":9}},"57":{"start":{"line":144,"column":31},"end":{"line":144,"column":69}},"58":{"start":{"line":145,"column":12},"end":{"line":145,"column":46}},"59":{"start":{"line":145,"column":29},"end":{"line":145,"column":46}},"60":{"start":{"line":147,"column":27},"end":{"line":147,"column":48}},"61":{"start":{"line":148,"column":12},"end":{"line":148,"column":42}},"62":{"start":{"line":150,"column":12},"end":{"line":150,"column":75}},"63":{"start":{"line":151,"column":12},"end":{"line":151,"column":29}},"64":{"start":{"line":159,"column":8},"end":{"line":173,"column":9}},"65":{"start":{"line":160,"column":31},"end":{"line":160,"column":69}},"66":{"start":{"line":161,"column":12},"end":{"line":161,"column":46}},"67":{"start":{"line":161,"column":29},"end":{"line":161,"column":46}},"68":{"start":{"line":163,"column":27},"end":{"line":163,"column":48}},"69":{"start":{"line":164,"column":12},"end":{"line":168,"column":13}},"70":{"start":{"line":165,"column":38},"end":{"line":165,"column":47}},"71":{"start":{"line":166,"column":30},"end":{"line":166,"column":54}},"72":{"start":{"line":167,"column":16},"end":{"line":167,"column":45}},"73":{"start":{"line":169,"column":12},"end":{"line":169,"column":29}},"74":{"start":{"line":171,"column":12},"end":{"line":171,"column":72}},"75":{"start":{"line":172,"column":12},"end":{"line":172,"column":29}},"76":{"start":{"line":180,"column":29},"end":{"line":180,"column":65}},"77":{"start":{"line":181,"column":28},"end":{"line":181,"column":63}},"78":{"start":{"line":182,"column":29},"end":{"line":182,"column":65}},"79":{"start":{"line":185,"column":8},"end":{"line":185,"column":48}},"80":{"start":{"line":185,"column":34},"end":{"line":185,"column":48}},"81":{"start":{"line":188,"column":8},"end":{"line":190,"column":9}},"82":{"start":{"line":189,"column":12},"end":{"line":189,"column":28}},"83":{"start":{"line":193,"column":8},"end":{"line":199,"column":9}},"84":{"start":{"line":195,"column":12},"end":{"line":197,"column":13}},"85":{"start":{"line":196,"column":16},"end":{"line":196,"column":30}},"86":{"start":{"line":198,"column":12},"end":{"line":198,"column":28}},"87":{"start":{"line":201,"column":8},"end":{"line":201,"column":21}},"88":{"start":{"line":208,"column":8},"end":{"line":227,"column":9}},"89":{"start":{"line":209,"column":31},"end":{"line":209,"column":69}},"90":{"start":{"line":210,"column":12},"end":{"line":210,"column":46}},"91":{"start":{"line":210,"column":29},"end":{"line":210,"column":46}},"92":{"start":{"line":213,"column":27},"end":{"line":213,"column":48}},"93":{"start":{"line":214,"column":12},"end":{"line":221,"column":13}},"94":{"start":{"line":215,"column":39},"end":{"line":215,"column":48}},"95":{"start":{"line":216,"column":16},"end":{"line":216,"column":75}},"96":{"start":{"line":216,"column":55},"end":{"line":216,"column":75}},"97":{"start":{"line":217,"column":16},"end":{"line":217,"column":73}},"98":{"start":{"line":217,"column":54},"end":{"line":217,"column":73}},"99":{"start":{"line":218,"column":16},"end":{"line":218,"column":71}},"100":{"start":{"line":218,"column":53},"end":{"line":218,"column":71}},"101":{"start":{"line":219,"column":16},"end":{"line":219,"column":73}},"102":{"start":{"line":219,"column":53},"end":{"line":219,"column":73}},"103":{"start":{"line":220,"column":16},"end":{"line":220,"column":73}},"104":{"start":{"line":220,"column":54},"end":{"line":220,"column":73}},"105":{"start":{"line":223,"column":12},"end":{"line":223,"column":29}},"106":{"start":{"line":225,"column":12},"end":{"line":225,"column":71}},"107":{"start":{"line":226,"column":12},"end":{"line":226,"column":29}},"108":{"start":{"line":234,"column":8},"end":{"line":257,"column":9}},"109":{"start":{"line":235,"column":31},"end":{"line":235,"column":69}},"110":{"start":{"line":236,"column":12},"end":{"line":236,"column":47}},"111":{"start":{"line":236,"column":29},"end":{"line":236,"column":47}},"112":{"start":{"line":238,"column":27},"end":{"line":238,"column":48}},"113":{"start":{"line":239,"column":12},"end":{"line":252,"column":13}},"114":{"start":{"line":240,"column":39},"end":{"line":240,"column":48}},"115":{"start":{"line":241,"column":16},"end":{"line":251,"column":17}},"116":{"start":{"line":243,"column":33},"end":{"line":243,"column":60}},"117":{"start":{"line":244,"column":34},"end":{"line":244,"column":65}},"118":{"start":{"line":245,"column":32},"end":{"line":245,"column":59}},"119":{"start":{"line":246,"column":33},"end":{"line":246,"column":65}},"120":{"start":{"line":247,"column":35},"end":{"line":247,"column":68}},"121":{"start":{"line":248,"column":35},"end":{"line":248,"column":68}},"122":{"start":{"line":250,"column":20},"end":{"line":250,"column":76}},"123":{"start":{"line":253,"column":12},"end":{"line":253,"column":30}},"124":{"start":{"line":255,"column":12},"end":{"line":255,"column":71}},"125":{"start":{"line":256,"column":12},"end":{"line":256,"column":30}},"126":{"start":{"line":264,"column":25},"end":{"line":264,"column":55}},"127":{"start":{"line":265,"column":32},"end":{"line":265,"column":34}},"128":{"start":{"line":267,"column":8},"end":{"line":275,"column":11}},"129":{"start":{"line":268,"column":12},"end":{"line":274,"column":13}},"130":{"start":{"line":269,"column":36},"end":{"line":269,"column":56}},"131":{"start":{"line":270,"column":16},"end":{"line":272,"column":17}},"132":{"start":{"line":271,"column":20},"end":{"line":271,"column":53}},"133":{"start":{"line":273,"column":16},"end":{"line":273,"column":47}},"134":{"start":{"line":277,"column":8},"end":{"line":277,"column":31}},"135":{"start":{"line":284,"column":8},"end":{"line":292,"column":10}},"136":{"start":{"line":299,"column":22},"end":{"line":304,"column":9}},"137":{"start":{"line":306,"column":29},"end":{"line":306,"column":65}},"138":{"start":{"line":307,"column":28},"end":{"line":307,"column":63}},"139":{"start":{"line":308,"column":25},"end":{"line":308,"column":57}},"140":{"start":{"line":311,"column":8},"end":{"line":315,"column":9}},"141":{"start":{"line":312,"column":12},"end":{"line":312,"column":83}},"142":{"start":{"line":313,"column":12},"end":{"line":313,"column":68}},"143":{"start":{"line":314,"column":12},"end":{"line":314,"column":70}},"144":{"start":{"line":318,"column":8},"end":{"line":324,"column":9}},"145":{"start":{"line":319,"column":12},"end":{"line":319,"column":62}},"146":{"start":{"line":320,"column":12},"end":{"line":320,"column":62}},"147":{"start":{"line":321,"column":15},"end":{"line":324,"column":9}},"148":{"start":{"line":322,"column":12},"end":{"line":322,"column":57}},"149":{"start":{"line":323,"column":12},"end":{"line":323,"column":57}},"150":{"start":{"line":327,"column":8},"end":{"line":331,"column":9}},"151":{"start":{"line":328,"column":12},"end":{"line":328,"column":85}},"152":{"start":{"line":329,"column":12},"end":{"line":329,"column":61}},"153":{"start":{"line":330,"column":12},"end":{"line":330,"column":71}},"154":{"start":{"line":333,"column":8},"end":{"line":333,"column":21}},"155":{"start":{"line":340,"column":25},"end":{"line":340,"column":55}},"156":{"start":{"line":341,"column":8},"end":{"line":341,"column":79}},"157":{"start":{"line":341,"column":40},"end":{"line":341,"column":77}},"158":{"start":{"line":348,"column":8},"end":{"line":348,"column":34}},"159":{"start":{"line":348,"column":22},"end":{"line":348,"column":34}},"160":{"start":{"line":349,"column":23},"end":{"line":349,"column":41}},"161":{"start":{"line":350,"column":8},"end":{"line":350,"column":42}},"162":{"start":{"line":358,"column":19},"end":{"line":358,"column":20}},"163":{"start":{"line":359,"column":8},"end":{"line":363,"column":9}},"164":{"start":{"line":359,"column":21},"end":{"line":359,"column":22}},"165":{"start":{"line":360,"column":25},"end":{"line":360,"column":49}},"166":{"start":{"line":361,"column":12},"end":{"line":361,"column":47}},"167":{"start":{"line":362,"column":12},"end":{"line":362,"column":31}},"168":{"start":{"line":364,"column":8},"end":{"line":364,"column":53}},"169":{"start":{"line":371,"column":8},"end":{"line":371,"column":35}},"170":{"start":{"line":372,"column":8},"end":{"line":372,"column":32}},"171":{"start":{"line":379,"column":8},"end":{"line":383,"column":10}},"172":{"start":{"line":387,"column":0},"end":{"line":387,"column":36}}},"fnMap":{"0":{"name":"(anonymous_0)","decl":{"start":{"line":5,"column":4},"end":{"line":5,"column":5}},"loc":{"start":{"line":5,"column":18},"end":{"line":18,"column":5}},"line":5},"1":{"name":"(anonymous_1)","decl":{"start":{"line":23,"column":4},"end":{"line":23,"column":5}},"loc":{"start":{"line":23,"column":49},"end":{"line":58,"column":5}},"line":23},"2":{"name":"(anonymous_2)","decl":{"start":{"line":63,"column":4},"end":{"line":63,"column":5}},"loc":{"start":{"line":63,"column":35},"end":{"line":79,"column":5}},"line":63},"3":{"name":"(anonymous_3)","decl":{"start":{"line":84,"column":4},"end":{"line":84,"column":5}},"loc":{"start":{"line":84,"column":36},"end":{"line":100,"column":5}},"line":84},"4":{"name":"(anonymous_4)","decl":{"start":{"line":105,"column":4},"end":{"line":105,"column":5}},"loc":{"start":{"line":105,"column":32},"end":{"line":116,"column":5}},"line":105},"5":{"name":"(anonymous_5)","decl":{"start":{"line":121,"column":4},"end":{"line":121,"column":5}},"loc":{"start":{"line":121,"column":33},"end":{"line":137,"column":5}},"line":121},"6":{"name":"(anonymous_6)","decl":{"start":{"line":142,"column":4},"end":{"line":142,"column":5}},"loc":{"start":{"line":142,"column":36},"end":{"line":153,"column":5}},"line":142},"7":{"name":"(anonymous_7)","decl":{"start":{"line":158,"column":4},"end":{"line":158,"column":5}},"loc":{"start":{"line":158,"column":34},"end":{"line":174,"column":5}},"line":158},"8":{"name":"(anonymous_8)","decl":{"start":{"line":179,"column":4},"end":{"line":179,"column":5}},"loc":{"start":{"line":179,"column":33},"end":{"line":202,"column":5}},"line":179},"9":{"name":"(anonymous_9)","decl":{"start":{"line":207,"column":4},"end":{"line":207,"column":5}},"loc":{"start":{"line":207,"column":33},"end":{"line":228,"column":5}},"line":207},"10":{"name":"(anonymous_10)","decl":{"start":{"line":233,"column":4},"end":{"line":233,"column":5}},"loc":{"start":{"line":233,"column":33},"end":{"line":258,"column":5}},"line":233},"11":{"name":"(anonymous_11)","decl":{"start":{"line":263,"column":4},"end":{"line":263,"column":5}},"loc":{"start":{"line":263,"column":32},"end":{"line":278,"column":5}},"line":263},"12":{"name":"(anonymous_12)","decl":{"start":{"line":267,"column":25},"end":{"line":267,"column":26}},"loc":{"start":{"line":267,"column":36},"end":{"line":275,"column":9}},"line":267},"13":{"name":"(anonymous_13)","decl":{"start":{"line":283,"column":4},"end":{"line":283,"column":5}},"loc":{"start":{"line":283,"column":32},"end":{"line":293,"column":5}},"line":283},"14":{"name":"(anonymous_14)","decl":{"start":{"line":298,"column":4},"end":{"line":298,"column":5}},"loc":{"start":{"line":298,"column":37},"end":{"line":334,"column":5}},"line":298},"15":{"name":"(anonymous_15)","decl":{"start":{"line":339,"column":4},"end":{"line":339,"column":5}},"loc":{"start":{"line":339,"column":44},"end":{"line":342,"column":5}},"line":339},"16":{"name":"(anonymous_16)","decl":{"start":{"line":341,"column":29},"end":{"line":341,"column":30}},"loc":{"start":{"line":341,"column":40},"end":{"line":341,"column":77}},"line":341},"17":{"name":"(anonymous_17)","decl":{"start":{"line":347,"column":4},"end":{"line":347,"column":5}},"loc":{"start":{"line":347,"column":38},"end":{"line":351,"column":5}},"line":347},"18":{"name":"(anonymous_18)","decl":{"start":{"line":356,"column":4},"end":{"line":356,"column":5}},"loc":{"start":{"line":356,"column":36},"end":{"line":365,"column":5}},"line":356},"19":{"name":"(anonymous_19)","decl":{"start":{"line":370,"column":4},"end":{"line":370,"column":5}},"loc":{"start":{"line":370,"column":17},"end":{"line":373,"column":5}},"line":370},"20":{"name":"(anonymous_20)","decl":{"start":{"line":378,"column":4},"end":{"line":378,"column":5}},"loc":{"start":{"line":378,"column":20},"end":{"line":384,"column":5}},"line":378}},"branchMap":{"0":{"loc":{"start":{"line":23,"column":31},"end":{"line":23,"column":47}},"type":"default-arg","locations":[{"start":{"line":23,"column":43},"end":{"line":23,"column":47}}],"line":23},"1":{"loc":{"start":{"line":24,"column":25},"end":{"line":24,"column":74}},"type":"binary-expr","locations":[{"start":{"line":24,"column":25},"end":{"line":24,"column":34}},{"start":{"line":24,"column":38},"end":{"line":24,"column":74}}],"line":24},"2":{"loc":{"start":{"line":27,"column":8},"end":{"line":29,"column":9}},"type":"if","locations":[{"start":{"line":27,"column":8},"end":{"line":29,"column":9}},{"start":{},"end":{}}],"line":27},"3":{"loc":{"start":{"line":32,"column":23},"end":{"line":32,"column":44}},"type":"binary-expr","locations":[{"start":{"line":32,"column":23},"end":{"line":32,"column":32}},{"start":{"line":32,"column":36},"end":{"line":32,"column":44}}],"line":32},"4":{"loc":{"start":{"line":52,"column":8},"end":{"line":55,"column":9}},"type":"if","locations":[{"start":{"line":52,"column":8},"end":{"line":55,"column":9}},{"start":{},"end":{}}],"line":52},"5":{"loc":{"start":{"line":66,"column":12},"end":{"line":66,"column":46}},"type":"if","locations":[{"start":{"line":66,"column":12},"end":{"line":66,"column":46}},{"start":{},"end":{}}],"line":66},"6":{"loc":{"start":{"line":69,"column":12},"end":{"line":73,"column":13}},"type":"if","locations":[{"start":{"line":69,"column":12},"end":{"line":73,"column":13}},{"start":{},"end":{}}],"line":69},"7":{"loc":{"start":{"line":72,"column":23},"end":{"line":72,"column":44}},"type":"binary-expr","locations":[{"start":{"line":72,"column":23},"end":{"line":72,"column":31}},{"start":{"line":72,"column":35},"end":{"line":72,"column":44}}],"line":72},"8":{"loc":{"start":{"line":87,"column":12},"end":{"line":87,"column":46}},"type":"if","locations":[{"start":{"line":87,"column":12},"end":{"line":87,"column":46}},{"start":{},"end":{}}],"line":87},"9":{"loc":{"start":{"line":90,"column":12},"end":{"line":94,"column":13}},"type":"if","locations":[{"start":{"line":90,"column":12},"end":{"line":94,"column":13}},{"start":{},"end":{}}],"line":90},"10":{"loc":{"start":{"line":93,"column":23},"end":{"line":93,"column":44}},"type":"binary-expr","locations":[{"start":{"line":93,"column":23},"end":{"line":93,"column":31}},{"start":{"line":93,"column":35},"end":{"line":93,"column":44}}],"line":93},"11":{"loc":{"start":{"line":108,"column":12},"end":{"line":108,"column":46}},"type":"if","locations":[{"start":{"line":108,"column":12},"end":{"line":108,"column":46}},{"start":{},"end":{}}],"line":108},"12":{"loc":{"start":{"line":111,"column":19},"end":{"line":111,"column":41}},"type":"binary-expr","locations":[{"start":{"line":111,"column":19},"end":{"line":111,"column":28}},{"start":{"line":111,"column":32},"end":{"line":111,"column":41}}],"line":111},"13":{"loc":{"start":{"line":124,"column":12},"end":{"line":124,"column":41}},"type":"if","locations":[{"start":{"line":124,"column":12},"end":{"line":124,"column":41}},{"start":{},"end":{}}],"line":124},"14":{"loc":{"start":{"line":127,"column":12},"end":{"line":131,"column":13}},"type":"if","locations":[{"start":{"line":127,"column":12},"end":{"line":131,"column":13}},{"start":{},"end":{}}],"line":127},"15":{"loc":{"start":{"line":130,"column":23},"end":{"line":130,"column":39}},"type":"binary-expr","locations":[{"start":{"line":130,"column":23},"end":{"line":130,"column":31}},{"start":{"line":130,"column":35},"end":{"line":130,"column":39}}],"line":130},"16":{"loc":{"start":{"line":145,"column":12},"end":{"line":145,"column":46}},"type":"if","locations":[{"start":{"line":145,"column":12},"end":{"line":145,"column":46}},{"start":{},"end":{}}],"line":145},"17":{"loc":{"start":{"line":148,"column":19},"end":{"line":148,"column":41}},"type":"binary-expr","locations":[{"start":{"line":148,"column":19},"end":{"line":148,"column":28}},{"start":{"line":148,"column":32},"end":{"line":148,"column":41}}],"line":148},"18":{"loc":{"start":{"line":161,"column":12},"end":{"line":161,"column":46}},"type":"if","locations":[{"start":{"line":161,"column":12},"end":{"line":161,"column":46}},{"start":{},"end":{}}],"line":161},"19":{"loc":{"start":{"line":164,"column":12},"end":{"line":168,"column":13}},"type":"if","locations":[{"start":{"line":164,"column":12},"end":{"line":168,"column":13}},{"start":{},"end":{}}],"line":164},"20":{"loc":{"start":{"line":167,"column":23},"end":{"line":167,"column":44}},"type":"binary-expr","locations":[{"start":{"line":167,"column":23},"end":{"line":167,"column":31}},{"start":{"line":167,"column":35},"end":{"line":167,"column":44}}],"line":167},"21":{"loc":{"start":{"line":185,"column":8},"end":{"line":185,"column":48}},"type":"if","locations":[{"start":{"line":185,"column":8},"end":{"line":185,"column":48}},{"start":{},"end":{}}],"line":185},"22":{"loc":{"start":{"line":188,"column":8},"end":{"line":190,"column":9}},"type":"if","locations":[{"start":{"line":188,"column":8},"end":{"line":190,"column":9}},{"start":{},"end":{}}],"line":188},"23":{"loc":{"start":{"line":188,"column":12},"end":{"line":188,"column":81}},"type":"binary-expr","locations":[{"start":{"line":188,"column":12},"end":{"line":188,"column":33}},{"start":{"line":188,"column":37},"end":{"line":188,"column":81}}],"line":188},"24":{"loc":{"start":{"line":193,"column":8},"end":{"line":199,"column":9}},"type":"if","locations":[{"start":{"line":193,"column":8},"end":{"line":199,"column":9}},{"start":{},"end":{}}],"line":193},"25":{"loc":{"start":{"line":195,"column":12},"end":{"line":197,"column":13}},"type":"if","locations":[{"start":{"line":195,"column":12},"end":{"line":197,"column":13}},{"start":{},"end":{}}],"line":195},"26":{"loc":{"start":{"line":195,"column":16},"end":{"line":195,"column":78}},"type":"binary-expr","locations":[{"start":{"line":195,"column":16},"end":{"line":195,"column":43}},{"start":{"line":195,"column":47},"end":{"line":195,"column":78}}],"line":195},"27":{"loc":{"start":{"line":210,"column":12},"end":{"line":210,"column":46}},"type":"if","locations":[{"start":{"line":210,"column":12},"end":{"line":210,"column":46}},{"start":{},"end":{}}],"line":210},"28":{"loc":{"start":{"line":214,"column":12},"end":{"line":221,"column":13}},"type":"if","locations":[{"start":{"line":214,"column":12},"end":{"line":221,"column":13}},{"start":{},"end":{}}],"line":214},"29":{"loc":{"start":{"line":216,"column":16},"end":{"line":216,"column":75}},"type":"if","locations":[{"start":{"line":216,"column":16},"end":{"line":216,"column":75}},{"start":{},"end":{}}],"line":216},"30":{"loc":{"start":{"line":217,"column":16},"end":{"line":217,"column":73}},"type":"if","locations":[{"start":{"line":217,"column":16},"end":{"line":217,"column":73}},{"start":{},"end":{}}],"line":217},"31":{"loc":{"start":{"line":218,"column":16},"end":{"line":218,"column":71}},"type":"if","locations":[{"start":{"line":218,"column":16},"end":{"line":218,"column":71}},{"start":{},"end":{}}],"line":218},"32":{"loc":{"start":{"line":219,"column":16},"end":{"line":219,"column":73}},"type":"if","locations":[{"start":{"line":219,"column":16},"end":{"line":219,"column":73}},{"start":{},"end":{}}],"line":219},"33":{"loc":{"start":{"line":220,"column":16},"end":{"line":220,"column":73}},"type":"if","locations":[{"start":{"line":220,"column":16},"end":{"line":220,"column":73}},{"start":{},"end":{}}],"line":220},"34":{"loc":{"start":{"line":236,"column":12},"end":{"line":236,"column":47}},"type":"if","locations":[{"start":{"line":236,"column":12},"end":{"line":236,"column":47}},{"start":{},"end":{}}],"line":236},"35":{"loc":{"start":{"line":239,"column":12},"end":{"line":252,"column":13}},"type":"if","locations":[{"start":{"line":239,"column":12},"end":{"line":252,"column":13}},{"start":{},"end":{}}],"line":239},"36":{"loc":{"start":{"line":241,"column":16},"end":{"line":251,"column":17}},"type":"if","locations":[{"start":{"line":241,"column":16},"end":{"line":251,"column":17}},{"start":{},"end":{}}],"line":241},"37":{"loc":{"start":{"line":246,"column":33},"end":{"line":246,"column":65}},"type":"binary-expr","locations":[{"start":{"line":246,"column":33},"end":{"line":246,"column":60}},{"start":{"line":246,"column":64},"end":{"line":246,"column":65}}],"line":246},"38":{"loc":{"start":{"line":247,"column":35},"end":{"line":247,"column":68}},"type":"binary-expr","locations":[{"start":{"line":247,"column":35},"end":{"line":247,"column":63}},{"start":{"line":247,"column":67},"end":{"line":247,"column":68}}],"line":247},"39":{"loc":{"start":{"line":248,"column":35},"end":{"line":248,"column":68}},"type":"binary-expr","locations":[{"start":{"line":248,"column":35},"end":{"line":248,"column":63}},{"start":{"line":248,"column":67},"end":{"line":248,"column":68}}],"line":248},"40":{"loc":{"start":{"line":268,"column":12},"end":{"line":274,"column":13}},"type":"if","locations":[{"start":{"line":268,"column":12},"end":{"line":274,"column":13}},{"start":{},"end":{}}],"line":268},"41":{"loc":{"start":{"line":270,"column":16},"end":{"line":272,"column":17}},"type":"if","locations":[{"start":{"line":270,"column":16},"end":{"line":272,"column":17}},{"start":{},"end":{}}],"line":270},"42":{"loc":{"start":{"line":311,"column":8},"end":{"line":315,"column":9}},"type":"if","locations":[{"start":{"line":311,"column":8},"end":{"line":315,"column":9}},{"start":{},"end":{}}],"line":311},"43":{"loc":{"start":{"line":318,"column":8},"end":{"line":324,"column":9}},"type":"if","locations":[{"start":{"line":318,"column":8},"end":{"line":324,"column":9}},{"start":{"line":321,"column":15},"end":{"line":324,"column":9}}],"line":318},"44":{"loc":{"start":{"line":321,"column":15},"end":{"line":324,"column":9}},"type":"if","locations":[{"start":{"line":321,"column":15},"end":{"line":324,"column":9}},{"start":{},"end":{}}],"line":321},"45":{"loc":{"start":{"line":327,"column":8},"end":{"line":331,"column":9}},"type":"if","locations":[{"start":{"line":327,"column":8},"end":{"line":331,"column":9}},{"start":{},"end":{}}],"line":327},"46":{"loc":{"start":{"line":348,"column":8},"end":{"line":348,"column":34}},"type":"if","locations":[{"start":{"line":348,"column":8},"end":{"line":348,"column":34}},{"start":{},"end":{}}],"line":348},"47":{"loc":{"start":{"line":350,"column":15},"end":{"line":350,"column":41}},"type":"binary-expr","locations":[{"start":{"line":350,"column":15},"end":{"line":350,"column":33}},{"start":{"line":350,"column":37},"end":{"line":350,"column":41}}],"line":350}},"s":{"0":25,"1":25,"2":25,"3":4,"4":4,"5":1,"6":3,"7":3,"8":3,"9":0,"10":0,"11":3,"12":19,"13":19,"14":19,"15":0,"16":19,"17":19,"18":19,"19":19,"20":19,"21":0,"22":0,"23":0,"24":12,"25":12,"26":12,"27":0,"28":12,"29":12,"30":12,"31":12,"32":12,"33":0,"34":0,"35":0,"36":11,"37":11,"38":11,"39":0,"40":11,"41":11,"42":0,"43":0,"44":5,"45":5,"46":5,"47":1,"48":4,"49":4,"50":4,"51":4,"52":4,"53":0,"54":0,"55":0,"56":20,"57":20,"58":20,"59":5,"60":15,"61":15,"62":0,"63":0,"64":4,"65":4,"66":4,"67":0,"68":4,"69":4,"70":4,"71":4,"72":4,"73":0,"74":0,"75":0,"76":8,"77":8,"78":8,"79":8,"80":1,"81":7,"82":4,"83":3,"84":2,"85":1,"86":1,"87":1,"88":5,"89":5,"90":5,"91":0,"92":5,"93":5,"94":5,"95":5,"96":4,"97":1,"98":0,"99":1,"100":0,"101":1,"102":0,"103":1,"104":0,"105":1,"106":0,"107":0,"108":4,"109":4,"110":4,"111":0,"112":4,"113":4,"114":4,"115":4,"116":4,"117":4,"118":4,"119":4,"120":4,"121":4,"122":4,"123":0,"124":0,"125":0,"126":4,"127":4,"128":4,"129":16,"130":16,"131":16,"132":16,"133":16,"134":4,"135":4,"136":7,"137":7,"138":7,"139":7,"140":7,"141":1,"142":1,"143":1,"144":7,"145":5,"146":5,"147":2,"148":2,"149":2,"150":7,"151":2,"152":2,"153":2,"154":7,"155":83,"156":83,"157":176,"158":3,"159":1,"160":2,"161":2,"162":0,"163":0,"164":0,"165":0,"166":0,"167":0,"168":0,"169":1,"170":1,"171":2,"172":1},"f":{"0":25,"1":4,"2":19,"3":12,"4":11,"5":5,"6":20,"7":4,"8":8,"9":5,"10":4,"11":4,"12":16,"13":4,"14":7,"15":83,"16":176,"17":3,"18":0,"19":1,"20":2},"b":{"0":[0],"1":[4,0],"2":[1,3],"3":[3,0],"4":[0,3],"5":[0,19],"6":[19,0],"7":[19,0],"8":[0,12],"9":[12,0],"10":[12,0],"11":[0,11],"12":[11,0],"13":[1,4],"14":[4,0],"15":[4,0],"16":[5,15],"17":[15,0],"18":[0,4],"19":[4,0],"20":[4,0],"21":[1,7],"22":[4,3],"23":[7,4],"24":[2,1],"25":[1,1],"26":[2,1],"27":[0,5],"28":[5,0],"29":[4,1],"30":[0,1],"31":[0,1],"32":[0,1],"33":[0,1],"34":[0,4],"35":[4,0],"36":[4,0],"37":[4,0],"38":[4,0],"39":[4,0],"40":[16,0],"41":[16,0],"42":[1,6],"43":[5,2],"44":[2,0],"45":[2,5],"46":[1,2],"47":[2,1]},"_coverageSchema":"1a1c01bbd47fc00a2c39e90264f33305004495a9","hash":"9b3f863917ce0600360a547daa451996e0d9282c"}
,"C:\\Projects\\ezHealthKonnect\\services\\InterfaceTableManager.js": {"path":"C:\\Projects\\ezHealthKonnect\\services\\InterfaceTableManager.js","statementMap":{"0":{"start":{"line":4,"column":15},"end":{"line":4,"column":32}},"1":{"start":{"line":5,"column":30},"end":{"line":5,"column":57}},"2":{"start":{"line":9,"column":8},"end":{"line":9,"column":54}},"3":{"start":{"line":10,"column":8},"end":{"line":10,"column":36}},"4":{"start":{"line":11,"column":8},"end":{"line":11,"column":59}},"5":{"start":{"line":12,"column":8},"end":{"line":12,"column":44}},"6":{"start":{"line":13,"column":8},"end":{"line":29,"column":10}},"7":{"start":{"line":38,"column":23},"end":{"line":38,"column":53}},"8":{"start":{"line":39,"column":8},"end":{"line":39,"column":41}},"9":{"start":{"line":46,"column":26},"end":{"line":46,"column":65}},"10":{"start":{"line":49,"column":8},"end":{"line":51,"column":9}},"11":{"start":{"line":50,"column":12},"end":{"line":50,"column":29}},"12":{"start":{"line":53,"column":8},"end":{"line":78,"column":9}},"13":{"start":{"line":55,"column":32},"end":{"line":55,"column":70}},"14":{"start":{"line":57,"column":12},"end":{"line":64,"column":13}},"15":{"start":{"line":58,"column":16},"end":{"line":58,"column":108}},"16":{"start":{"line":59,"column":16},"end":{"line":59,"column":72}},"17":{"start":{"line":62,"column":16},"end":{"line":62,"column":85}},"18":{"start":{"line":63,"column":16},"end":{"line":63,"column":61}},"19":{"start":{"line":67,"column":12},"end":{"line":71,"column":15}},"20":{"start":{"line":73,"column":12},"end":{"line":73,"column":29}},"21":{"start":{"line":76,"column":12},"end":{"line":76,"column":85}},"22":{"start":{"line":77,"column":12},"end":{"line":77,"column":24}},"23":{"start":{"line":85,"column":22},"end":{"line":91,"column":9}},"24":{"start":{"line":93,"column":23},"end":{"line":96,"column":10}},"25":{"start":{"line":98,"column":8},"end":{"line":98,"column":32}},"26":{"start":{"line":105,"column":22},"end":{"line":111,"column":9}},"27":{"start":{"line":113,"column":24},"end":{"line":116,"column":10}},"28":{"start":{"line":118,"column":32},"end":{"line":118,"column":63}},"29":{"start":{"line":118,"column":49},"end":{"line":118,"column":62}},"30":{"start":{"line":119,"column":31},"end":{"line":119,"column":98}},"31":{"start":{"line":119,"column":67},"end":{"line":119,"column":97}},"32":{"start":{"line":121,"column":8},"end":{"line":125,"column":10}},"33":{"start":{"line":132,"column":8},"end":{"line":132,"column":104}},"34":{"start":{"line":134,"column":34},"end":{"line":159,"column":9}},"35":{"start":{"line":161,"column":32},"end":{"line":161,"column":34}},"36":{"start":{"line":162,"column":8},"end":{"line":166,"column":9}},"37":{"start":{"line":163,"column":12},"end":{"line":165,"column":13}},"38":{"start":{"line":164,"column":16},"end":{"line":164,"column":104}},"39":{"start":{"line":168,"column":8},"end":{"line":172,"column":9}},"40":{"start":{"line":169,"column":29},"end":{"line":169,"column":86}},"41":{"start":{"line":170,"column":12},"end":{"line":170,"column":58}},"42":{"start":{"line":171,"column":12},"end":{"line":171,"column":105}},"43":{"start":{"line":179,"column":27},"end":{"line":179,"column":68}},"44":{"start":{"line":181,"column":8},"end":{"line":185,"column":9}},"45":{"start":{"line":182,"column":12},"end":{"line":182,"column":123}},"46":{"start":{"line":183,"column":12},"end":{"line":183,"column":80}},"47":{"start":{"line":184,"column":12},"end":{"line":184,"column":24}},"48":{"start":{"line":187,"column":8},"end":{"line":187,"column":21}},"49":{"start":{"line":194,"column":31},"end":{"line":194,"column":86}},"50":{"start":{"line":195,"column":33},"end":{"line":195,"column":60}},"51":{"start":{"line":197,"column":8},"end":{"line":208,"column":11}},"52":{"start":{"line":199,"column":12},"end":{"line":199,"column":84}},"53":{"start":{"line":202,"column":12},"end":{"line":204,"column":13}},"54":{"start":{"line":203,"column":16},"end":{"line":203,"column":82}},"55":{"start":{"line":207,"column":12},"end":{"line":207,"column":67}},"56":{"start":{"line":210,"column":8},"end":{"line":210,"column":88}},"57":{"start":{"line":217,"column":8},"end":{"line":281,"column":10}},"58":{"start":{"line":304,"column":24},"end":{"line":304,"column":52}},"59":{"start":{"line":305,"column":8},"end":{"line":307,"column":9}},"60":{"start":{"line":306,"column":12},"end":{"line":306,"column":27}},"61":{"start":{"line":308,"column":26},"end":{"line":308,"column":96}},"62":{"start":{"line":309,"column":26},"end":{"line":309,"column":54}},"63":{"start":{"line":310,"column":8},"end":{"line":310,"column":75}},"64":{"start":{"line":317,"column":8},"end":{"line":323,"column":10}},"65":{"start":{"line":330,"column":28},"end":{"line":341,"column":9}},"66":{"start":{"line":343,"column":8},"end":{"line":346,"column":11}},"67":{"start":{"line":353,"column":26},"end":{"line":353,"column":110}},"68":{"start":{"line":355,"column":26},"end":{"line":368,"column":9}},"69":{"start":{"line":370,"column":29},"end":{"line":381,"column":9}},"70":{"start":{"line":383,"column":23},"end":{"line":386,"column":10}},"71":{"start":{"line":388,"column":8},"end":{"line":388,"column":87}},"72":{"start":{"line":389,"column":8},"end":{"line":389,"column":31}},"73":{"start":{"line":405,"column":30},"end":{"line":405,"column":32}},"74":{"start":{"line":406,"column":27},"end":{"line":406,"column":29}},"75":{"start":{"line":409,"column":8},"end":{"line":424,"column":9}},"76":{"start":{"line":410,"column":30},"end":{"line":417,"column":13}},"77":{"start":{"line":418,"column":12},"end":{"line":423,"column":13}},"78":{"start":{"line":419,"column":16},"end":{"line":419,"column":56}},"79":{"start":{"line":421,"column":16},"end":{"line":421,"column":57}},"80":{"start":{"line":422,"column":16},"end":{"line":422,"column":45}},"81":{"start":{"line":426,"column":8},"end":{"line":429,"column":9}},"82":{"start":{"line":427,"column":12},"end":{"line":427,"column":68}},"83":{"start":{"line":428,"column":12},"end":{"line":428,"column":58}},"84":{"start":{"line":431,"column":8},"end":{"line":434,"column":9}},"85":{"start":{"line":432,"column":12},"end":{"line":432,"column":61}},"86":{"start":{"line":433,"column":12},"end":{"line":433,"column":45}},"87":{"start":{"line":436,"column":8},"end":{"line":439,"column":9}},"88":{"start":{"line":437,"column":12},"end":{"line":437,"column":59}},"89":{"start":{"line":438,"column":12},"end":{"line":438,"column":41}},"90":{"start":{"line":441,"column":28},"end":{"line":441,"column":102}},"91":{"start":{"line":442,"column":8},"end":{"line":442,"column":45}},"92":{"start":{"line":446,"column":26},"end":{"line":446,"column":65}},"93":{"start":{"line":449,"column":29},"end":{"line":449,"column":36}},"94":{"start":{"line":452,"column":8},"end":{"line":471,"column":9}},"95":{"start":{"line":453,"column":12},"end":{"line":453,"column":89}},"96":{"start":{"line":454,"column":12},"end":{"line":470,"column":14}},"97":{"start":{"line":474,"column":8},"end":{"line":474,"column":53}},"98":{"start":{"line":485,"column":12},"end":{"line":485,"column":19}},"99":{"start":{"line":487,"column":23},"end":{"line":487,"column":41}},"100":{"start":{"line":488,"column":66},"end":{"line":488,"column":130}},"101":{"start":{"line":489,"column":27},"end":{"line":489,"column":102}},"102":{"start":{"line":491,"column":33},"end":{"line":491,"column":110}},"103":{"start":{"line":492,"column":28},"end":{"line":492,"column":86}},"104":{"start":{"line":493,"column":31},"end":{"line":493,"column":115}},"105":{"start":{"line":496,"column":28},"end":{"line":496,"column":327}},"106":{"start":{"line":503,"column":8},"end":{"line":505,"column":44}},"107":{"start":{"line":508,"column":30},"end":{"line":514,"column":9}},"108":{"start":{"line":516,"column":27},"end":{"line":520,"column":9}},"109":{"start":{"line":522,"column":40},"end":{"line":531,"column":10}},"110":{"start":{"line":533,"column":27},"end":{"line":533,"column":57}},"111":{"start":{"line":534,"column":27},"end":{"line":534,"column":56}},"112":{"start":{"line":536,"column":8},"end":{"line":551,"column":10}},"113":{"start":{"line":558,"column":26},"end":{"line":558,"column":65}},"114":{"start":{"line":560,"column":8},"end":{"line":562,"column":9}},"115":{"start":{"line":561,"column":12},"end":{"line":561,"column":24}},"116":{"start":{"line":564,"column":27},"end":{"line":576,"column":9}},"117":{"start":{"line":578,"column":23},"end":{"line":580,"column":10}},"118":{"start":{"line":582,"column":8},"end":{"line":586,"column":10}},"119":{"start":{"line":593,"column":22},"end":{"line":600,"column":9}},"120":{"start":{"line":602,"column":8},"end":{"line":604,"column":11}},"121":{"start":{"line":608,"column":0},"end":{"line":608,"column":45}}},"fnMap":{"0":{"name":"(anonymous_0)","decl":{"start":{"line":8,"column":4},"end":{"line":8,"column":5}},"loc":{"start":{"line":8,"column":18},"end":{"line":30,"column":5}},"line":8},"1":{"name":"(anonymous_1)","decl":{"start":{"line":35,"column":4},"end":{"line":35,"column":5}},"loc":{"start":{"line":35,"column":39},"end":{"line":40,"column":5}},"line":35},"2":{"name":"(anonymous_2)","decl":{"start":{"line":45,"column":4},"end":{"line":45,"column":5}},"loc":{"start":{"line":45,"column":59},"end":{"line":79,"column":5}},"line":45},"3":{"name":"(anonymous_3)","decl":{"start":{"line":84,"column":4},"end":{"line":84,"column":5}},"loc":{"start":{"line":84,"column":38},"end":{"line":99,"column":5}},"line":84},"4":{"name":"(anonymous_4)","decl":{"start":{"line":104,"column":4},"end":{"line":104,"column":5}},"loc":{"start":{"line":104,"column":41},"end":{"line":126,"column":5}},"line":104},"5":{"name":"(anonymous_5)","decl":{"start":{"line":118,"column":44},"end":{"line":118,"column":45}},"loc":{"start":{"line":118,"column":49},"end":{"line":118,"column":62}},"line":118},"6":{"name":"(anonymous_6)","decl":{"start":{"line":119,"column":60},"end":{"line":119,"column":61}},"loc":{"start":{"line":119,"column":67},"end":{"line":119,"column":97}},"line":119},"7":{"name":"(anonymous_7)","decl":{"start":{"line":131,"column":4},"end":{"line":131,"column":5}},"loc":{"start":{"line":131,"column":56},"end":{"line":173,"column":5}},"line":131},"8":{"name":"(anonymous_8)","decl":{"start":{"line":178,"column":4},"end":{"line":178,"column":5}},"loc":{"start":{"line":178,"column":44},"end":{"line":188,"column":5}},"line":178},"9":{"name":"(anonymous_9)","decl":{"start":{"line":193,"column":4},"end":{"line":193,"column":5}},"loc":{"start":{"line":193,"column":55},"end":{"line":211,"column":5}},"line":193},"10":{"name":"(anonymous_10)","decl":{"start":{"line":197,"column":50},"end":{"line":197,"column":51}},"loc":{"start":{"line":197,"column":63},"end":{"line":208,"column":9}},"line":197},"11":{"name":"(anonymous_11)","decl":{"start":{"line":216,"column":4},"end":{"line":216,"column":5}},"loc":{"start":{"line":216,"column":28},"end":{"line":282,"column":5}},"line":216},"12":{"name":"(anonymous_12)","decl":{"start":{"line":303,"column":4},"end":{"line":303,"column":5}},"loc":{"start":{"line":303,"column":38},"end":{"line":311,"column":5}},"line":303},"13":{"name":"(anonymous_13)","decl":{"start":{"line":316,"column":4},"end":{"line":316,"column":5}},"loc":{"start":{"line":316,"column":27},"end":{"line":324,"column":5}},"line":316},"14":{"name":"(anonymous_14)","decl":{"start":{"line":329,"column":4},"end":{"line":329,"column":5}},"loc":{"start":{"line":329,"column":64},"end":{"line":347,"column":5}},"line":329},"15":{"name":"(anonymous_15)","decl":{"start":{"line":352,"column":4},"end":{"line":352,"column":5}},"loc":{"start":{"line":352,"column":50},"end":{"line":390,"column":5}},"line":352},"16":{"name":"(anonymous_16)","decl":{"start":{"line":404,"column":4},"end":{"line":404,"column":5}},"loc":{"start":{"line":404,"column":69},"end":{"line":443,"column":5}},"line":404},"17":{"name":"(anonymous_17)","decl":{"start":{"line":445,"column":4},"end":{"line":445,"column":5}},"loc":{"start":{"line":445,"column":58},"end":{"line":552,"column":5}},"line":445},"18":{"name":"(anonymous_18)","decl":{"start":{"line":557,"column":4},"end":{"line":557,"column":5}},"loc":{"start":{"line":557,"column":46},"end":{"line":587,"column":5}},"line":557},"19":{"name":"(anonymous_19)","decl":{"start":{"line":592,"column":4},"end":{"line":592,"column":5}},"loc":{"start":{"line":592,"column":32},"end":{"line":605,"column":5}},"line":592}},"branchMap":{"0":{"loc":{"start":{"line":49,"column":8},"end":{"line":51,"column":9}},"type":"if","locations":[{"start":{"line":49,"column":8},"end":{"line":51,"column":9}},{"start":{},"end":{}}],"line":49},"1":{"loc":{"start":{"line":57,"column":12},"end":{"line":64,"column":13}},"type":"if","locations":[{"start":{"line":57,"column":12},"end":{"line":64,"column":13}},{"start":{"line":60,"column":19},"end":{"line":64,"column":13}}],"line":57},"2":{"loc":{"start":{"line":163,"column":12},"end":{"line":165,"column":13}},"type":"if","locations":[{"start":{"line":163,"column":12},"end":{"line":165,"column":13}},{"start":{},"end":{}}],"line":163},"3":{"loc":{"start":{"line":168,"column":8},"end":{"line":172,"column":9}},"type":"if","locations":[{"start":{"line":168,"column":8},"end":{"line":172,"column":9}},{"start":{},"end":{}}],"line":168},"4":{"loc":{"start":{"line":181,"column":8},"end":{"line":185,"column":9}},"type":"if","locations":[{"start":{"line":181,"column":8},"end":{"line":185,"column":9}},{"start":{},"end":{}}],"line":181},"5":{"loc":{"start":{"line":305,"column":8},"end":{"line":307,"column":9}},"type":"if","locations":[{"start":{"line":305,"column":8},"end":{"line":307,"column":9}},{"start":{},"end":{}}],"line":305},"6":{"loc":{"start":{"line":310,"column":15},"end":{"line":310,"column":74}},"type":"cond-expr","locations":[{"start":{"line":310,"column":40},"end":{"line":310,"column":49}},{"start":{"line":310,"column":52},"end":{"line":310,"column":74}}],"line":310},"7":{"loc":{"start":{"line":353,"column":71},"end":{"line":353,"column":109}},"type":"binary-expr","locations":[{"start":{"line":353,"column":71},"end":{"line":353,"column":96}},{"start":{"line":353,"column":100},"end":{"line":353,"column":109}}],"line":353},"8":{"loc":{"start":{"line":373,"column":20},"end":{"line":373,"column":52}},"type":"binary-expr","locations":[{"start":{"line":373,"column":20},"end":{"line":373,"column":38}},{"start":{"line":373,"column":42},"end":{"line":373,"column":52}}],"line":373},"9":{"loc":{"start":{"line":379,"column":30},"end":{"line":379,"column":68}},"type":"binary-expr","locations":[{"start":{"line":379,"column":30},"end":{"line":379,"column":57}},{"start":{"line":379,"column":61},"end":{"line":379,"column":68}}],"line":379},"10":{"loc":{"start":{"line":380,"column":25},"end":{"line":380,"column":61}},"type":"binary-expr","locations":[{"start":{"line":380,"column":25},"end":{"line":380,"column":47}},{"start":{"line":380,"column":51},"end":{"line":380,"column":61}}],"line":380},"11":{"loc":{"start":{"line":404,"column":21},"end":{"line":404,"column":67}},"type":"default-arg","locations":[{"start":{"line":404,"column":65},"end":{"line":404,"column":67}}],"line":404},"12":{"loc":{"start":{"line":409,"column":8},"end":{"line":424,"column":9}},"type":"if","locations":[{"start":{"line":409,"column":8},"end":{"line":424,"column":9}},{"start":{},"end":{}}],"line":409},"13":{"loc":{"start":{"line":418,"column":12},"end":{"line":423,"column":13}},"type":"if","locations":[{"start":{"line":418,"column":12},"end":{"line":423,"column":13}},{"start":{"line":420,"column":19},"end":{"line":423,"column":13}}],"line":418},"14":{"loc":{"start":{"line":426,"column":8},"end":{"line":429,"column":9}},"type":"if","locations":[{"start":{"line":426,"column":8},"end":{"line":429,"column":9}},{"start":{},"end":{}}],"line":426},"15":{"loc":{"start":{"line":431,"column":8},"end":{"line":434,"column":9}},"type":"if","locations":[{"start":{"line":431,"column":8},"end":{"line":434,"column":9}},{"start":{},"end":{}}],"line":431},"16":{"loc":{"start":{"line":436,"column":8},"end":{"line":439,"column":9}},"type":"if","locations":[{"start":{"line":436,"column":8},"end":{"line":439,"column":9}},{"start":{},"end":{}}],"line":436},"17":{"loc":{"start":{"line":441,"column":28},"end":{"line":441,"column":102}},"type":"cond-expr","locations":[{"start":{"line":441,"column":57},"end":{"line":441,"column":97}},{"start":{"line":441,"column":100},"end":{"line":441,"column":102}}],"line":441},"18":{"loc":{"start":{"line":445,"column":44},"end":{"line":445,"column":56}},"type":"default-arg","locations":[{"start":{"line":445,"column":54},"end":{"line":445,"column":56}}],"line":445},"19":{"loc":{"start":{"line":449,"column":16},"end":{"line":449,"column":24}},"type":"default-arg","locations":[{"start":{"line":449,"column":23},"end":{"line":449,"column":24}}],"line":449},"20":{"loc":{"start":{"line":452,"column":8},"end":{"line":471,"column":9}},"type":"if","locations":[{"start":{"line":452,"column":8},"end":{"line":471,"column":9}},{"start":{},"end":{}}],"line":452},"21":{"loc":{"start":{"line":477,"column":12},"end":{"line":477,"column":22}},"type":"default-arg","locations":[{"start":{"line":477,"column":20},"end":{"line":477,"column":22}}],"line":477},"22":{"loc":{"start":{"line":482,"column":12},"end":{"line":482,"column":34}},"type":"default-arg","locations":[{"start":{"line":482,"column":21},"end":{"line":482,"column":34}}],"line":482},"23":{"loc":{"start":{"line":483,"column":12},"end":{"line":483,"column":30}},"type":"default-arg","locations":[{"start":{"line":483,"column":24},"end":{"line":483,"column":30}}],"line":483},"24":{"loc":{"start":{"line":492,"column":28},"end":{"line":492,"column":86}},"type":"cond-expr","locations":[{"start":{"line":492,"column":64},"end":{"line":492,"column":70}},{"start":{"line":492,"column":73},"end":{"line":492,"column":86}}],"line":492},"25":{"loc":{"start":{"line":493,"column":31},"end":{"line":493,"column":115}},"type":"cond-expr","locations":[{"start":{"line":493,"column":83},"end":{"line":493,"column":106}},{"start":{"line":493,"column":109},"end":{"line":493,"column":115}}],"line":493},"26":{"loc":{"start":{"line":503,"column":25},"end":{"line":505,"column":43}},"type":"cond-expr","locations":[{"start":{"line":504,"column":14},"end":{"line":504,"column":85}},{"start":{"line":505,"column":14},"end":{"line":505,"column":43}}],"line":503},"27":{"loc":{"start":{"line":560,"column":8},"end":{"line":562,"column":9}},"type":"if","locations":[{"start":{"line":560,"column":8},"end":{"line":562,"column":9}},{"start":{},"end":{}}],"line":560}},"s":{"0":1,"1":1,"2":1,"3":1,"4":1,"5":1,"6":1,"7":3,"8":3,"9":0,"10":0,"11":0,"12":0,"13":0,"14":0,"15":0,"16":0,"17":0,"18":0,"19":0,"20":0,"21":0,"22":0,"23":0,"24":0,"25":0,"26":0,"27":0,"28":0,"29":0,"30":0,"31":0,"32":0,"33":0,"34":0,"35":0,"36":0,"37":0,"38":0,"39":0,"40":0,"41":0,"42":0,"43":0,"44":0,"45":0,"46":0,"47":0,"48":0,"49":0,"50":0,"51":0,"52":0,"53":0,"54":0,"55":0,"56":0,"57":1,"58":0,"59":0,"60":0,"61":0,"62":0,"63":0,"64":0,"65":0,"66":0,"67":0,"68":0,"69":0,"70":0,"71":0,"72":0,"73":10,"74":10,"75":10,"76":7,"77":7,"78":6,"79":1,"80":1,"81":10,"82":2,"83":2,"84":10,"85":1,"86":1,"87":10,"88":1,"89":1,"90":10,"91":10,"92":0,"93":0,"94":0,"95":0,"96":0,"97":0,"98":0,"99":0,"100":0,"101":0,"102":0,"103":0,"104":0,"105":0,"106":0,"107":0,"108":0,"109":0,"110":0,"111":0,"112":0,"113":0,"114":0,"115":0,"116":0,"117":0,"118":0,"119":0,"120":0,"121":1},"f":{"0":1,"1":3,"2":0,"3":0,"4":0,"5":0,"6":0,"7":0,"8":0,"9":0,"10":0,"11":1,"12":0,"13":0,"14":0,"15":0,"16":10,"17":0,"18":0,"19":0},"b":{"0":[0,0],"1":[0,0],"2":[0,0],"3":[0,0],"4":[0,0],"5":[0,0],"6":[0,0],"7":[0,0],"8":[0,0],"9":[0,0],"10":[0,0],"11":[1],"12":[7,3],"13":[6,1],"14":[2,8],"15":[1,9],"16":[1,9],"17":[8,2],"18":[0],"19":[0],"20":[0,0],"21":[0],"22":[0],"23":[0],"24":[0,0],"25":[0,0],"26":[0,0],"27":[0,0]},"_coverageSchema":"1a1c01bbd47fc00a2c39e90264f33305004495a9","hash":"192290544058869d901f4c8118d13504912679ef"}
,"C:\\Projects\\ezHealthKonnect\\services\\WizardMappingService.js": {"path":"C:\\Projects\\ezHealthKonnect\\services\\WizardMappingService.js","statementMap":{"0":{"start":{"line":7,"column":8},"end":{"line":7,"column":67}},"1":{"start":{"line":8,"column":8},"end":{"line":8,"column":39}},"2":{"start":{"line":15,"column":8},"end":{"line":24,"column":9}},"3":{"start":{"line":17,"column":37},"end":{"line":17,"column":66}},"4":{"start":{"line":18,"column":12},"end":{"line":21,"column":13}},"5":{"start":{"line":19,"column":16},"end":{"line":19,"column":70}},"6":{"start":{"line":20,"column":16},"end":{"line":20,"column":45}},"7":{"start":{"line":23,"column":12},"end":{"line":23,"column":85}},"8":{"start":{"line":26,"column":8},"end":{"line":35,"column":9}},"9":{"start":{"line":28,"column":32},"end":{"line":28,"column":56}},"10":{"start":{"line":29,"column":12},"end":{"line":32,"column":13}},"11":{"start":{"line":30,"column":16},"end":{"line":30,"column":65}},"12":{"start":{"line":31,"column":16},"end":{"line":31,"column":40}},"13":{"start":{"line":34,"column":12},"end":{"line":34,"column":80}},"14":{"start":{"line":37,"column":8},"end":{"line":55,"column":9}},"15":{"start":{"line":39,"column":29},"end":{"line":39,"column":42}},"16":{"start":{"line":40,"column":25},"end":{"line":49,"column":14}},"17":{"start":{"line":50,"column":12},"end":{"line":50,"column":80}},"18":{"start":{"line":51,"column":12},"end":{"line":51,"column":24}},"19":{"start":{"line":53,"column":12},"end":{"line":53,"column":76}},"20":{"start":{"line":54,"column":12},"end":{"line":54,"column":93}},"21":{"start":{"line":62,"column":8},"end":{"line":72,"column":9}},"22":{"start":{"line":63,"column":12},"end":{"line":63,"column":46}},"23":{"start":{"line":65,"column":12},"end":{"line":65,"column":75}},"24":{"start":{"line":66,"column":12},"end":{"line":71,"column":14}},"25":{"start":{"line":82,"column":23},"end":{"line":82,"column":48}},"26":{"start":{"line":84,"column":8},"end":{"line":149,"column":9}},"27":{"start":{"line":85,"column":12},"end":{"line":85,"column":40}},"28":{"start":{"line":86,"column":12},"end":{"line":86,"column":97}},"29":{"start":{"line":89,"column":36},"end":{"line":93,"column":13}},"30":{"start":{"line":96,"column":40},"end":{"line":100,"column":13}},"31":{"start":{"line":103,"column":35},"end":{"line":106,"column":13}},"32":{"start":{"line":109,"column":36},"end":{"l
[...]
n":30},"end":{"line":308,"column":34}},"59":{"start":{"line":309,"column":30},"end":{"line":309,"column":34}},"60":{"start":{"line":310,"column":32},"end":{"line":310,"column":34}},"61":{"start":{"line":312,"column":19},"end":{"line":312,"column":60}},"62":{"start":{"line":313,"column":4},"end":{"line":341,"column":5}},"63":{"start":{"line":314,"column":8},"end":{"line":340,"column":9}},"64":{"start":{"line":315,"column":25},"end":{"line":315,"column":58}},"65":{"start":{"line":316,"column":24},"end":{"line":316,"column":41}},"66":{"start":{"line":318,"column":12},"end":{"line":339,"column":13}},"67":{"start":{"line":319,"column":16},"end":{"line":319,"column":56}},"68":{"start":{"line":321,"column":42},"end":{"line":321,"column":61}},"69":{"start":{"line":322,"column":16},"end":{"line":328,"column":17}},"70":{"start":{"line":323,"column":20},"end":{"line":327,"column":23}},"71":{"start":{"line":329,"column":19},"end":{"line":339,"column":13}},"72":{"start":{"line":330,"column":16},"end":{"line":330,"column":56}},"73":{"start":{"line":331,"column":42},"end":{"line":331,"column":61}},"74":{"start":{"line":332,"column":16},"end":{"line":338,"column":17}},"75":{"start":{"line":333,"column":20},"end":{"line":337,"column":23}},"76":{"start":{"line":343,"column":4},"end":{"line":343,"column":77}},"77":{"start":{"line":347,"column":25},"end":{"line":347,"column":74}},"78":{"start":{"line":348,"column":25},"end":{"line":348,"column":74}},"79":{"start":{"line":349,"column":27},"end":{"line":349,"column":59}},"80":{"start":{"line":353,"column":29},"end":{"line":353,"column":91}},"81":{"start":{"line":355,"column":31},"end":{"line":359,"column":5}},"82":{"start":{"line":356,"column":47},"end":{"line":356,"column":60}},"83":{"start":{"line":357,"column":47},"end":{"line":357,"column":60}},"84":{"start":{"line":362,"column":27},"end":{"line":368,"column":5}},"85":{"start":{"line":366,"column":12},"end":{"line":366,"column":63}},"86":{"start":{"line":371,"column":17},"end":{"line":371,"column":26}},"87":{"start":{"line":372,"column":33},"end":{"line":377,"column":6}},"88":{"start":{"line":373,"column":20},"end":{"line":373,"column":45}},"89":{"start":{"line":374,"column":8},"end":{"line":374,"column":40}},"90":{"start":{"line":374,"column":27},"end":{"line":374,"column":40}},"91":{"start":{"line":375,"column":8},"end":{"line":375,"column":22}},"92":{"start":{"line":376,"column":8},"end":{"line":376,"column":20}},"93":{"start":{"line":379,"column":25},"end":{"line":379,"column":52}},"94":{"start":{"line":381,"column":4},"end":{"line":392,"column":6}},"95":{"start":{"line":404,"column":4},"end":{"line":404,"column":84}},"96":{"start":{"line":404,"column":55},"end":{"line":404,"column":84}},"97":{"start":{"line":405,"column":19},"end":{"line":405,"column":40}},"98":{"start":{"line":406,"column":4},"end":{"line":410,"column":5}},"99":{"start":{"line":407,"column":8},"end":{"line":409,"column":9}},"100":{"start":{"line":408,"column":12},"end":{"line":408,"column":32}},"101":{"start":{"line":411,"column":4},"end":{"line":411,"column":18}},"102":{"start":{"line":414,"column":0},"end":{"line":425,"column":2}}},"fnMap":{"0":{"name":"isSensitiveKey","decl":{"start":{"line":93,"column":9},"end":{"line":93,"column":23}},"loc":{"start":{"line":93,"column":29},"end":{"line":111,"column":1}},"line":93},"1":{"name":"sanitizeConfig","decl":{"start":{"line":117,"column":9},"end":{"line":117,"column":23}},"loc":{"start":{"line":117,"column":48},"end":{"line":143,"column":1}},"line":117},"2":{"name":"buildRequiredFieldsManifest","decl":{"start":{"line":151,"column":9},"end":{"line":151,"column":36}},"loc":{"start":{"line":151,"column":61},"end":{"line":200,"column":1}},"line":151},"3":{"name":"(anonymous_3)","decl":{"start":{"line":185,"column":29},"end":{"line":185,"column":30}},"loc":{"start":{"line":185,"column":42},"end":{"line":199,"column":5}},"line":185},"4":{"name":"(anonymous_4)","decl":{"start":{"line":188,"column":93},"end":{"line":188,"column":94}},"loc":{"start":{"line":188,"column":98},"end":{"line":188,"column":113}},"line":188},"5":{"name":"buildPreviewSteps","decl":{"start":{"line":206,"column":9},"end":{"line":206,"column":26}},"loc":{"start":{"line":206,"column":43},"end":{"line":241,"column":1}},"line":206},"6":{"name":"sanitizePipelineConfig","decl":{"start":{"line":265,"column":9},"end":{"line":265,"column":31}},"loc":{"start":{"line":265,"column":42},"end":{"line":292,"column":1}},"line":265},"7":{"name":"(anonymous_7)","decl":{"start":{"line":271,"column":58},"end":{"line":271,"column":59}},"loc":{"start":{"line":271,"column":79},"end":{"line":286,"column":5}},"line":271},"8":{"name":"(anonymous_8)","decl":{"start":{"line":272,"column":55},"end":{"line":272,"column":56}},"loc":{"start":{"line":272,"column":63},"end":{"line":284,"column":9}},"line":272},"9":{"name":"(anonymous_9)","decl":{"start":{"line":281,"column":41},"end":{"line":281,"column":42}},"loc":{"start":{"line":281,"column":46},"end":{"line":281,"column":67}},"line":281},"10":{"name":"extractPipelineConnectorInfo","decl":{"start":{"line":307,"column":9},"end":{"line":307,"column":37}},"loc":{"start":{"line":307,"column":57},"end":{"line":344,"column":1}},"line":307},"11":{"name":"sanitizeInterfaceForTemplate","decl":{"start":{"line":346,"column":9},"end":{"line":346,"column":37}},"loc":{"start":{"line":346,"column":69},"end":{"line":393,"column":1}},"line":346},"12":{"name":"(anonymous_12)","decl":{"start":{"line":356,"column":42},"end":{"line":356,"column":43}},"loc":{"start":{"line":356,"column":47},"end":{"line":356,"column":60}},"line":356},"13":{"name":"(anonymous_13)","decl":{"start":{"line":357,"column":42},"end":{"line":357,"column":43}},"loc":{"start":{"line":357,"column":47},"end":{"line":357,"column":60}},"line":357},"14":{"name":"(anonymous_14)","decl":{"start":{"line":365,"column":56},"end":{"line":365,"column":57}},"loc":{"start":{"line":366,"column":12},"end":{"line":366,"column":63}},"line":366},"15":{"name":"(anonymous_15)","decl":{"start":{"line":372,"column":55},"end":{"line":372,"column":56}},"loc":{"start":{"line":372,"column":60},"end":{"line":377,"column":5}},"line":372},"16":{"name":"mergeTemplateWithUserValues","decl":{"start":{"line":403,"column":9},"end":{"line":403,"column":36}},"loc":{"start":{"line":403,"column":65},"end":{"line":412,"column":1}},"line":403}},"branchMap":{"0":{"loc":{"start":{"line":98,"column":8},"end":{"line":100,"column":9}},"type":"if","locations":[{"start":{"line":98,"column":8},"end":{"line":100,"column":9}},{"start":{},"end":{}}],"line":98},"1":{"loc":{"start":{"line":98,"column":12},"end":{"line":98,"column":88}},"type":"binary-expr","locations":[{"start":{"line":98,"column":12},"end":{"line":98,"column":26}},{"start":{"line":98,"column":30},"end":{"line":98,"column":58}},{"start":{"line":98,"column":62},"end":{"line":98,"column":88}}],"line":98},"2":{"loc":{"start":{"line":105,"column":8},"end":{"line":107,"column":9}},"type":"if","locations":[{"start":{"line":105,"column":8},"end":{"line":107,"column":9}},{"start":{},"end":{}}],"line":105},"3":{"loc":{"start":{"line":117,"column":32},"end":{"line":117,"column":46}},"type":"default-arg","locations":[{"start":{"line":117,"column":44},"end":{"line":117,"column":46}}],"line":117},"4":{"loc":{"start":{"line":118,"column":4},"end":{"line":120,"column":5}},"type":"if","locations":[{"start":{"line":118,"column":4},"end":{"line":120,"column":5}},{"start":{},"end":{}}],"line":118},"5":{"loc":{"start":{"line":118,"column":8},"end":{"line":118,"column":70}},"type":"binary-expr","locations":[{"start":{"line":118,"column":8},"end":{"line":118,"column":15}},{"start":{"line":118,"column":19},"end":{"line":118,"column":45}},{"start":{"line":118,"column":49},"end":{"line":118,"column":70}}],"line":118},"6":{"loc":{"start":{"line":126,"column":24},"end":{"line":126,"column":63}},"type":"cond-expr","locations":[{"start":{"line":126,"column":36},"end":{"line":126,"column":57}},{"start":{"line":126,"column":60},"end":{"line":126,"column":63}}],"line":126},"7":{"loc":{"start":{"line":128,"column":8},"end":{"line":139,"column":9}},"type":"if","locations":[{"start":{"line":128,"column":8},"end":{"line":139,"column":9}},{"start":{"line":132,"column":15},"end":{"line":139,"column":9}}],"line":128},"8":{"loc":{"start":{"line":132,"column":15},"end":{"line":139,"column":9}},"type":"if","locations":[{"start":{"line":132,"column":15},"end":{"line":139,"column":9}},{"start":{"line":137,"column":15},"end":{"line":139,"column":9}}],"line":132},"9":{"loc":{"start":{"line":132,"column":19},"end":{"line":132,"column":78}},"type":"binary-expr","locations":[{"start":{"line":132,"column":19},"end":{"line":132,"column":24}},{"start":{"line":132,"column":28},"end":{"line":132,"column":53}},{"start":{"line":132,"column":57},"end":{"line":132,"column":78}}],"line":132},"10":{"loc":{"start":{"line":188,"column":21},"end":{"line":188,"column":142}},"type":"binary-expr","locations":[{"start":{"line":188,"column":21},"end":{"line":188,"column":36}},{"start":{"line":188,"column":40},"end":{"line":188,"column":142}}],"line":188},"11":{"loc":{"start":{"line":226,"column":23},"end":{"line":226,"column":61}},"type":"binary-expr","locations":[{"start":{"line":226,"column":23},"end":{"line":226,"column":55}},{"start":{"line":226,"column":59},"end":{"line":226,"column":61}}],"line":226},"12":{"loc":{"start":{"line":228,"column":32},"end":{"line":228,"column":49}},"type":"binary-expr","locations":[{"start":{"line":228,"column":32},"end":{"line":228,"column":43}},{"start":{"line":228,"column":47},"end":{"line":228,"column":49}}],"line":228},"13":{"loc":{"start":{"line":229,"column":29},"end":{"line":229,"column":62}},"type":"binary-expr","locations":[{"start":{"line":229,"column":29},"end":{"line":229,"column":43}},{"start":{"line":229,"column":47},"end":{"line":229,"column":56}},{"start":{"line":229,"column":60},"end":{"line":229,"column":62}}],"line":229},"14":{"loc":{"start":{"line":231,"column":26},"end":{"line":231,"column":61}},"type":"binary-expr","locations":[{"start":{"line":231,"column":26},"end":{"line":231,"column":40}},{"start":{"line":231,"column":44},"end":{"line":231,"column":53}},{"start":{"line":231,"column":57},"end":{"line":231,"column":61}}],"line":231},"15":{"loc":{"start":{"line":232,"column":26},"end":{"line":232,"column":50}},"type":"binary-expr","locations":[{"start":{"line":232,"column":26},"end":{"line":232,"column":42}},{"start":{"line":232,"column":46},"end":{"line":232,"column":50}}],"line":232},"16":{"loc":{"start":{"line":266,"column":4},"end":{"line":268,"column":5}},"type":"if","locations":[{"start":{"line":266,"column":4},"end":{"line":268,"column":5}},{"start":{},"end":{}}],"line":266},"17":{"loc":{"start":{"line":266,"column":8},"end":{"line":266,"column":62}},"type":"binary-expr","locations":[{"start":{"line":266,"column":8},"end":{"line":266,"column":17}},{"start":{"line":266,"column":21},"end":{"line":266,"column":62}}],"line":266},"18":{"loc":{"start":{"line":267,"column":36},"end":{"line":267,"column":50}},"type":"binary-expr","locations":[{"start":{"line":267,"column":36},"end":{"line":267,"column":44}},{"start":{"line":267,"column":48},"end":{"line":267,"column":50}}],"line":267},"19":{"loc":{"start":{"line":272,"column":32},"end":{"line":272,"column":49}},"type":"binary-expr","locations":[{"start":{"line":272,"column":32},"end":{"line":272,"column":43}},{"start":{"line":272,"column":47},"end":{"line":272,"column":49}}],"line":272},"20":{"loc":{"start":{"line":273,"column":29},"end":{"line":273,"column":62}},"type":"binary-expr","locations":[{"start":{"line":273,"column":29},"end":{"line":273,"column":43}},{"start":{"line":273,"column":47},"end":{"line":273,"column":56}},{"start":{"line":273,"column":60},"end":{"line":273,"column":62}}],"line":273},"21":{"loc":{"start":{"line":276,"column":12},"end":{"line":276,"column":65}},"type":"if","locations":[{"start":{"line":276,"column":12},"end":{"line":276,"column":65}},{"start":{},"end":{}}],"line":276},"22":{"loc":{"start":{"line":277,"column":12},"end":{"line":277,"column":77}},"type":"if","locations":[{"start":{"line":277,"column":12},"end":{"line":277,"column":77}},{"start":{},"end":{}}],"line":277},"23":{"loc":{"start":{"line":277,"column":16},"end":{"line":277,"column":63}},"type":"binary-expr","locations":[{"start":{"line":277,"column":16},"end":{"line":277,"column":28}},{"start":{"line":277,"column":32},"end":{"line":277,"column":63}}],"line":277},"24":{"loc":{"start":{"line":279,"column":30},"end":{"line":279,"column":90}},"type":"binary-expr","locations":[{"start":{"line":279,"column":30},"end":{"line":279,"column":44}},{"start":{"line":279,"column":48},"end":{"line":279,"column":57}},{"start":{"line":279,"column":61},"end":{"line":279,"column":69}},{"start":{"line":279,"column":73},"end":{"line":279,"column":90}}],"line":279},"25":{"loc":{"start":{"line":312,"column":19},"end":{"line":312,"column":60}},"type":"binary-expr","locations":[{"start":{"line":312,"column":19},"end":{"line":312,"column":54}},{"start":{"line":312,"column":58},"end":{"line":312,"column":60}}],"line":312},"26":{"loc":{"start":{"line":314,"column":28},"end":{"line":314,"column":45}},"type":"binary-expr","locations":[{"start":{"line":314,"column":28},"end":{"line":314,"column":39}},{"start":{"line":314,"column":43},"end":{"line":314,"column":45}}],"line":314},"27":{"loc":{"start":{"line":315,"column":25},"end":{"line":315,"column":58}},"type":"binary-expr","locations":[{"start":{"line":315,"column":25},"end":{"line":315,"column":39}},{"start":{"line":315,"column":43},"end":{"line":315,"column":52}},{"start":{"line":315,"column":56},"end":{"line":315,"column":58}}],"line":315},"28":{"loc":{"start":{"line":316,"column":24},"end":{"line":316,"column":41}},"type":"binary-expr","locations":[{"start":{"line":316,"column":24},"end":{"line":316,"column":35}},{"start":{"line":316,"column":39},"end":{"line":316,"column":41}}],"line":316},"29":{"loc":{"start":{"line":318,"column":12},"end":{"line":339,"column":13}},"type":"if","locations":[{"start":{"line":318,"column":12},"end":{"line":339,"column":13}},{"start":{"line":329,"column":19},"end":{"line":339,"column":13}}],"line":318},"30":{"loc":{"start":{"line":318,"column":16},"end":{"line":318,"column":65}},"type":"binary-expr","locations":[{"start":{"line":318,"column":16},"end":{"line":318,"column":44}},{"start":{"line":318,"column":48},"end":{"line":318,"column":65}}],"line":318},"31":{"loc":{"start":{"line":322,"column":16},"end":{"line":328,"column":17}},"type":"if","locations":[{"start":{"line":322,"column":16},"end":{"line":328,"column":17}},{"start":{},"end":{}}],"line":322},"32":{"loc":{"start":{"line":324,"column":35},"end":{"line":324,"column":72}},"type":"binary-expr","locations":[{"start":{"line":324,"column":35},"end":{"line":324,"column":49}},{"start":{"line":324,"column":53},"end":{"line":324,"column":72}}],"line":324},"33":{"loc":{"start":{"line":329,"column":19},"end":{"line":339,"column":13}},"type":"if","locations":[{"start":{"line":329,"column":19},"end":{"line":339,"column":13}},{"start":{},"end":{}}],"line":329},"34":{"loc":{"start":{"line":329,"column":23},"end":{"line":329,"column":73}},"type":"binary-expr","locations":[{"start":{"line":329,"column":23},"end":{"line":329,"column":52}},{"start":{"line":329,"column":56},"end":{"line":329,"column":73}}],"line":329},"35":{"loc":{"start":{"line":332,"column":16},"end":{"line":338,"column":17}},"type":"if","locations":[{"start":{"line":332,"column":16},"end":{"line":338,"column":17}},{"start":{},"end":{}}],"line":332},"36":{"loc":{"start":{"line":334,"column":35},"end":{"line":334,"column":73}},"type":"binary-expr","locations":[{"start":{"line":334,"column":35},"end":{"line":334,"column":49}},{"start":{"line":334,"column":53},"end":{"line":334,"column":73}}],"line":334},"37":{"loc":{"start":{"line":347,"column":40},"end":{"line":347,"column":73}},"type":"binary-expr","locations":[{"start":{"line":347,"column":40},"end":{"line":347,"column":67}},{"start":{"line":347,"column":71},"end":{"line":347,"column":73}}],"line":347},"38":{"loc":{"start":{"line":348,"column":40},"end":{"line":348,"column":73}},"type":"binary-expr","locations":[{"start":{"line":348,"column":40},"end":{"line":348,"column":67}},{"start":{"line":348,"column":71},"end":{"line":348,"column":73}}],"line":348},"39":{"loc":{"start":{"line":374,"column":8},"end":{"line":374,"column":40}},"type":"if","locations":[{"start":{"line":374,"column":8},"end":{"line":374,"column":40}},{"start":{},"end":{}}],"line":374},"40":{"loc":{"start":{"line":383,"column":31},"end":{"line":383,"column":114}},"type":"binary-expr","locations":[{"start":{"line":383,"column":31},"end":{"line":383,"column":66}},{"start":{"line":383,"column":70},"end":{"line":383,"column":106}},{"start":{"line":383,"column":110},"end":{"line":383,"column":114}}],"line":383},"41":{"loc":{"start":{"line":385,"column":31},"end":{"line":385,"column":114}},"type":"binary-expr","locations":[{"start":{"line":385,"column":31},"end":{"line":385,"column":66}},{"start":{"line":385,"column":70},"end":{"line":385,"column":106}},{"start":{"line":385,"column":110},"end":{"line":385,"column":114}}],"line":385},"42":{"loc":{"start":{"line":388,"column":22},"end":{"line":388,"column":49}},"type":"binary-expr","locations":[{"start":{"line":388,"column":22},"end":{"line":388,"column":41}},{"start":{"line":388,"column":45},"end":{"line":388,"column":49}}],"line":388},"43":{"loc":{"start":{"line":404,"column":4},"end":{"line":404,"column":84}},"type":"if","locations":[{"start":{"line":404,"column":4},"end":{"line":404,"column":84}},{"start":{},"end":{}}],"line":404},"44":{"loc":{"start":{"line":404,"column":8},"end":{"line":404,"column":53}},"type":"binary-expr","locations":[{"start":{"line":404,"column":8},"end":{"line":404,"column":19}},{"start":{"line":404,"column":23},"end":{"line":404,"column":53}}],"line":404},"45":{"loc":{"start":{"line":407,"column":8},"end":{"line":409,"column":9}},"type":"if","locations":[{"start":{"line":407,"column":8},"end":{"line":409,"column":9}},{"start":{},"end":{}}],"line":407},"46":{"loc":{"start":{"line":407,"column":12},"end":{"line":407,"column":65}},"type":"binary-expr","locations":[{"start":{"line":407,"column":12},"end":{"line":407,"column":31}},{"start":{"line":407,"column":35},"end":{"line":407,"column":49}},{"start":{"line":407,"column":53},"end":{"line":407,"column":65}}],"line":407}},"s":{"0":1,"1":1,"2":72,"3":72,"4":1548,"5":3,"6":69,"7":1451,"8":63,"9":6,"10":17,"11":2,"12":15,"13":15,"14":15,"15":19,"16":19,"17":13,"18":13,"19":6,"20":1,"21":1,"22":1,"23":5,"24":15,"25":10,"26":10,"27":9,"28":9,"29":3,"30":9,"31":8,"32":8,"33":8,"34":8,"35":8,"36":16,"37":4,"38":4,"39":8,"40":1,"41":7,"42":2,"43":5,"44":5,"45":4,"46":5,"47":5,"48":1,"49":4,"50":1,"51":3,"52":3,"53":3,"54":4,"55":3,"56":4,"57":5,"58":3,"59":3,"60":3,"61":3,"62":3,"63":2,"64":2,"65":2,"66":2,"67":1,"68":1,"69":1,"70":1,"71":1,"72":0,"73":0,"74":0,"75":0,"76":3,"77":3,"78":3,"79":3,"80":3,"81":3,"82":3,"83":2,"84":3,"85":1,"86":3,"87":3,"88":6,"89":6,"90":0,"91":6,"92":6,"93":3,"94":3,"95":3,"96":1,"97":2,"98":2,"99":3,"100":2,"101":2,"102":1},"f":{"0":72,"1":17,"2":10,"3":9,"4":3,"5":8,"6":7,"7":4,"8":5,"9":4,"10":3,"11":3,"12":3,"13":2,"14":1,"15":6,"16":3},"b":{"0":[3,1545],"1":[1548,1546,1546],"2":[63,1388],"3":[13],"4":[2,15],"5":[17,16,15],"6":[7,12],"7":[13,6],"8":[1,5],"9":[6,6,2],"10":[9,1],"11":[8,2],"12":[16,12],"13":[4,0,0],"14":[4,1,1],"15":[4,1],"16":[2,5],"17":[7,6],"18":[2,1],"19":[4,0],"20":[5,0,0],"21":[1,4],"22":[1,3],"23":[4,3],"24":[3,0,0,0],"25":[3,0],"26":[2,0],"27":[2,0,0],"28":[2,0],"29":[1,1],"30":[2,2],"31":[1,0],"32":[1,0],"33":[0,1],"34":[1,0],"35":[0,0],"36":[0,0],"37":[3,1],"38":[3,2],"39":[0,6],"40":[3,2,1],"41":[3,2,2],"42":[3,2],"43":[1,2],"44":[3,2],"45":[2,1],"46":[3,3,3]},"_coverageSchema":"1a1c01bbd47fc00a2c39e90264f33305004495a9","hash":"6b7a8f2a16d01550cf17dc89f696047a5826707c"}
}
