TN:
SF:controllers\FhirReceiverController.js
FN:14,(anonymous_0)
FN:80,(anonymous_1)
FN:104,(anonymous_2)
FN:180,(anonymous_3)
FN:204,(anonymous_4)
FN:220,(anonymous_5)
FN:273,(anonymous_6)
FN:308,(anonymous_7)
FN:330,(anonymous_8)
FNF:9
FNH:5
FNDA:2,(anonymous_0)
FNDA:0,(anonymous_1)
FNDA:0,(anonymous_2)
FNDA:0,(anonymous_3)
FNDA:5,(anonymous_4)
FNDA:1,(anonymous_5)
FNDA:1,(anonymous_6)
FNDA:1,(anonymous_7)
FNDA:0,(anonymous_8)
DA:6,1
DA:7,1
DA:15,2
DA:16,2
DA:17,2
DA:19,2
DA:20,2
DA:23,2
DA:24,2
DA:25,1
DA:36,1
DA:37,1
DA:38,0
DA:49,1
DA:50,0
DA:61,1
DA:62,1
DA:63,0
DA:74,1
DA:75,1
DA:77,0
DA:78,0
DA:80,0
DA:88,0
DA:92,1
DA:95,1
DA:105,0
DA:109,1
DA:111,1
DA:138,1
DA:145,1
DA:164,0
DA:165,0
DA:181,0
DA:182,0
DA:185,0
DA:186,0
DA:198,0
DA:205,5
DA:206,5
DA:210,4
DA:212,1
DA:213,1
DA:221,1
DA:224,1
DA:225,1
DA:228,0
DA:230,0
DA:232,0
DA:233,0
DA:234,0
DA:236,0
DA:237,0
DA:238,0
DA:240,0
DA:244,0
DA:245,0
DA:246,0
DA:249,0
DA:252,0
DA:253,0
DA:254,0
DA:256,0
DA:260,0
DA:263,0
DA:266,0
DA:274,1
DA:277,1
DA:278,0
DA:279,0
DA:282,1
DA:283,0
DA:287,1
DA:288,1
DA:289,0
DA:290,0
DA:299,1
DA:309,1
DA:311,1
DA:312,1
DA:314,1
DA:315,1
DA:316,1
DA:319,0
DA:320,0
DA:322,0
DA:337,1
LF:87
LH:44
BRDA:20,0,0,2
BRDA:20,0,1,0
BRDA:24,1,0,1
BRDA:24,1,1,1
BRDA:36,2,0,1
BRDA:36,2,1,0
BRDA:37,3,0,0
BRDA:37,3,1,1
BRDA:37,4,0,1
BRDA:37,4,1,1
BRDA:49,5,0,0
BRDA:49,5,1,1
BRDA:62,6,0,0
BRDA:62,6,1,1
BRDA:68,7,0,0
BRDA:68,7,1,0
BRDA:75,8,0,0
BRDA:75,8,1,1
BRDA:77,9,0,0
BRDA:77,9,1,0
BRDA:101,10,0,1
BRDA:101,10,1,0
BRDA:129,11,0,1
BRDA:129,11,1,0
BRDA:130,12,0,1
BRDA:130,12,1,0
BRDA:133,13,0,1
BRDA:133,13,1,0
BRDA:170,14,0,0
BRDA:170,14,1,0
BRDA:185,15,0,0
BRDA:185,15,1,0
BRDA:185,16,0,0
BRDA:185,16,1,0
BRDA:210,17,0,4
BRDA:210,17,1,2
BRDA:224,18,0,1
BRDA:224,18,1,0
BRDA:224,19,0,1
BRDA:224,19,1,1
BRDA:230,20,0,0
BRDA:230,20,1,0
BRDA:230,20,2,0
BRDA:230,20,3,0
BRDA:230,20,4,0
BRDA:230,20,5,0
BRDA:233,21,0,0
BRDA:233,21,1,0
BRDA:233,22,0,0
BRDA:233,22,1,0
BRDA:237,23,0,0
BRDA:237,23,1,0
BRDA:245,24,0,0
BRDA:245,24,1,0
BRDA:245,25,0,0
BRDA:245,25,1,0
BRDA:253,26,0,0
BRDA:253,26,1,0
BRDA:253,27,0,0
BRDA:253,27,1,0
BRDA:277,28,0,0
BRDA:277,28,1,1
BRDA:277,29,0,1
BRDA:277,29,1,1
BRDA:282,30,0,0
BRDA:282,30,1,1
BRDA:288,31,0,0
BRDA:288,31,1,1
BRDA:288,32,0,1
BRDA:288,32,1,0
BRDA:288,32,2,0
BRDA:289,33,0,0
BRDA:289,33,1,0
BRDA:314,34,0,1
BRDA:314,34,1,0
BRF:75
BRH:26
end_of_record
TN:
SF:middleware\auth.js
FN:5,requireAuth
FN:13,requireAdmin
FN:23,requireSuperAdmin
FN:32,requireRole
FN:33,(anonymous_4)
FN:47,verifyToken
FNF:6
FNH:6
FNDA:2,requireAuth
FNDA:4,requireAdmin
FNDA:2,requireSuperAdmin
FNDA:3,requireRole
FNDA:3,(anonymous_4)
FNDA:5,verifyToken
DA:2,1
DA:6,2
DA:7,1
DA:9,1
DA:14,4
DA:15,4
DA:16,2
DA:18,2
DA:24,2
DA:25,1
DA:27,1
DA:33,3
DA:34,3
DA:35,1
DA:37,2
DA:38,1
DA:40,1
DA:48,5
DA:50,5
DA:51,3
DA:52,3
DA:53,2
DA:54,2
DA:56,1
DA:61,2
DA:62,1
DA:63,1
DA:66,1
DA:69,1
LF:29
LH:29
BRDA:6,0,0,1
BRDA:6,0,1,1
BRDA:14,1,0,4
BRDA:14,1,1,3
BRDA:15,2,0,2
BRDA:15,2,1,2
BRDA:15,3,0,4
BRDA:15,3,1,3
BRDA:15,3,2,2
BRDA:24,4,0,1
BRDA:24,4,1,1
BRDA:24,5,0,2
BRDA:24,5,1,2
BRDA:34,6,0,1
BRDA:34,6,1,2
BRDA:37,7,0,1
BRDA:37,7,1,1
BRDA:48,8,0,5
BRDA:48,8,1,3
BRDA:50,9,0,3
BRDA:50,9,1,2
BRDA:61,10,0,1
BRDA:61,10,1,1
BRDA:61,11,0,2
BRDA:61,11,1,2
BRF:25
BRH:25
end_of_record
TN:
SF:middleware\rateLimiter.js
FN:15,(anonymous_0)
FN:18,(anonymous_1)
FN:23,(anonymous_2)
FN:29,(anonymous_3)
FN:39,(anonymous_4)
FN:40,(anonymous_5)
FNF:6
FNH:4
FNDA:5,(anonymous_0)
FNDA:12,(anonymous_1)
FNDA:0,(anonymous_2)
FNDA:0,(anonymous_3)
FNDA:5,(anonymous_4)
FNDA:14,(anonymous_5)
DA:16,5
DA:17,5
DA:18,12
DA:19,5
DA:23,5
DA:24,5
DA:25,5
DA:30,0
DA:31,0
DA:32,0
DA:33,0
DA:40,5
DA:41,14
DA:42,14
DA:43,14
DA:44,14
DA:45,8
DA:46,8
DA:48,14
DA:50,14
DA:51,3
DA:52,3
DA:53,3
DA:59,11
DA:64,1
LF:25
LH:21
BRDA:18,0,0,5
BRDA:18,0,1,4
BRDA:18,1,0,12
BRDA:18,1,1,12
BRDA:18,1,2,0
BRDA:24,2,0,5
BRDA:24,2,1,0
BRDA:32,3,0,0
BRDA:32,3,1,0
BRDA:44,4,0,8
BRDA:44,4,1,6
BRDA:44,5,0,14
BRDA:44,5,1,7
BRDA:50,6,0,3
BRDA:50,6,1,11
BRF:15
BRH:11
end_of_record
TN:
SF:services\HL7MessageAnalyzer.js
FN:5,(anonymous_0)
FN:23,(anonymous_1)
FN:63,(anonymous_2)
FN:84,(anonymous_3)
FN:105,(anonymous_4)
FN:121,(anonymous_5)
FN:142,(anonymous_6)
FN:158,(anonymous_7)
FN:179,(anonymous_8)
FN:207,(anonymous_9)
FN:233,(anonymous_10)
FN:263,(anonymous_11)
FN:267,(anonymous_12)
FN:283,(anonymous_13)
FN:298,(anonymous_14)
FN:339,(anonymous_15)
FN:341,(anonymous_16)
FN:347,(anonymous_17)
FN:356,(anonymous_18)
FN:370,(anonymous_19)
FN:378,(anonymous_20)
FNF:21
FNH:20
FNDA:25,(anonymous_0)
FNDA:4,(anonymous_1)
FNDA:19,(anonymous_2)
FNDA:12,(anonymous_3)
FNDA:11,(anonymous_4)
FNDA:5,(anonymous_5)
FNDA:20,(anonymous_6)
FNDA:4,(anonymous_7)
FNDA:8,(anonymous_8)
FNDA:5,(anonymous_9)
FNDA:4,(anonymous_10)
FNDA:4,(anonymous_11)
FNDA:16,(anonymous_12)
FNDA:4,(anonymous_13)
FNDA:7,(anonymous_14)
FNDA:83,(anonymous_15)
FNDA:176,(anonymous_16)
FNDA:3,(anonymous_17)
FNDA:0,(anonymous_18)
FNDA:1,(anonymous_19)
FNDA:2,(anonymous_20)
DA:6,25
DA:7,25
DA:10,25
DA:24,4
DA:27,4
DA:28,1
DA:31,3
DA:49,3
DA:52,3
DA:53,0
DA:54,0
DA:57,3
DA:64,19
DA:65,19
DA:66,19
DA:68,19
DA:69,19
DA:70,19
DA:71,19
DA:72,19
DA:74,0
DA:76,0
DA:77,0
DA:85,12
DA:86,12
DA:87,12
DA:89,12
DA:90,12
DA:91,12
DA:92,12
DA:93,12
DA:95,0
DA:97,0
DA:98,0
DA:106,11
DA:107,11
DA:108,11
DA:110,11
DA:111,11
DA:113,0
DA:114,0
DA:122,5
DA:123,5
DA:124,5
DA:126,4
DA:127,4
DA:128,4
DA:129,4
DA:130,4
DA:132,0
DA:134,0
DA:135,0
DA:143,20
DA:144,20
DA:145,20
DA:147,15
DA:148,15
DA:150,0
DA:151,0
DA:159,4
DA:160,4
DA:161,4
DA:163,4
DA:164,4
DA:165,4
DA:166,4
DA:167,4
DA:169,0
DA:171,0
DA:172,0
DA:180,8
DA:181,8
DA:182,8
DA:185,8
DA:188,7
DA:189,4
DA:193,3
DA:195,2
DA:196,1
DA:198,1
DA:201,1
DA:208,5
DA:209,5
DA:210,5
DA:213,5
DA:214,5
DA:215,5
DA:216,5
DA:217,1
DA:218,1
DA:219,1
DA:220,1
DA:223,1
DA:225,0
DA:226,0
DA:234,4
DA:235,4
DA:236,4
DA:238,4
DA:239,4
DA:240,4
DA:241,4
DA:243,4
DA:244,4
DA:245,4
DA:246,4
DA:247,4
DA:248,4
DA:250,4
DA:253,0
DA:255,0
DA:256,0
DA:264,4
DA:265,4
DA:267,4
DA:268,16
DA:269,16
DA:270,16
DA:271,16
DA:273,16
DA:277,4
DA:284,4
DA:299,7
DA:306,7
DA:307,7
DA:308,7
DA:311,7
DA:312,1
DA:313,1
DA:314,1
DA:318,7
DA:319,5
DA:320,5
DA:321,2
DA:322,2
DA:323,2
DA:327,7
DA:328,2
DA:329,2
DA:330,2
DA:333,7
DA:340,83
DA:341,176
DA:348,3
DA:349,2
DA:350,2
DA:358,0
DA:359,0
DA:360,0
DA:361,0
DA:362,0
DA:364,0
DA:371,1
DA:372,1
DA:379,2
DA:387,1
LF:156
LH:127
BRDA:23,0,0,0
BRDA:24,1,0,4
BRDA:24,1,1,0
BRDA:27,2,0,1
BRDA:27,2,1,3
BRDA:32,3,0,3
BRDA:32,3,1,0
BRDA:52,4,0,0
BRDA:52,4,1,3
BRDA:66,5,0,0
BRDA:66,5,1,19
BRDA:69,6,0,19
BRDA:69,6,1,0
BRDA:72,7,0,19
BRDA:72,7,1,0
BRDA:87,8,0,0
BRDA:87,8,1,12
BRDA:90,9,0,12
BRDA:90,9,1,0
BRDA:93,10,0,12
BRDA:93,10,1,0
BRDA:108,11,0,0
BRDA:108,11,1,11
BRDA:111,12,0,11
BRDA:111,12,1,0
BRDA:124,13,0,1
BRDA:124,13,1,4
BRDA:127,14,0,4
BRDA:127,14,1,0
BRDA:130,15,0,4
BRDA:130,15,1,0
BRDA:145,16,0,5
BRDA:145,16,1,15
BRDA:148,17,0,15
BRDA:148,17,1,0
BRDA:161,18,0,0
BRDA:161,18,1,4
BRDA:164,19,0,4
BRDA:164,19,1,0
BRDA:167,20,0,4
BRDA:167,20,1,0
BRDA:185,21,0,1
BRDA:185,21,1,7
BRDA:188,22,0,4
BRDA:188,22,1,3
BRDA:188,23,0,7
BRDA:188,23,1,4
BRDA:193,24,0,2
BRDA:193,24,1,1
BRDA:195,25,0,1
BRDA:195,25,1,1
BRDA:195,26,0,2
BRDA:195,26,1,1
BRDA:210,27,0,0
BRDA:210,27,1,5
BRDA:214,28,0,5
BRDA:214,28,1,0
BRDA:216,29,0,4
BRDA:216,29,1,1
BRDA:217,30,0,0
BRDA:217,30,1,1
BRDA:218,31,0,0
BRDA:218,31,1,1
BRDA:219,32,0,0
BRDA:219,32,1,1
BRDA:220,33,0,0
BRDA:220,33,1,1
BRDA:236,34,0,0
BRDA:236,34,1,4
BRDA:239,35,0,4
BRDA:239,35,1,0
BRDA:241,36,0,4
BRDA:241,36,1,0
BRDA:246,37,0,4
BRDA:246,37,1,0
BRDA:247,38,0,4
BRDA:247,38,1,0
BRDA:248,39,0,4
BRDA:248,39,1,0
BRDA:268,40,0,16
BRDA:268,40,1,0
BRDA:270,41,0,16
BRDA:270,41,1,0
BRDA:311,42,0,1
BRDA:311,42,1,6
BRDA:318,43,0,5
BRDA:318,43,1,2
BRDA:321,44,0,2
BRDA:321,44,1,0
BRDA:327,45,0,2
BRDA:327,45,1,5
BRDA:348,46,0,1
BRDA:348,46,1,2
BRDA:350,47,0,2
BRDA:350,47,1,1
BRF:95
BRH:62
end_of_record
TN:
SF:services\InterfaceTableManager.js
FN:8,(anonymous_0)
FN:35,(anonymous_1)
FN:45,(anonymous_2)
FN:84,(anonymous_3)
FN:104,(anonymous_4)
FN:118,(anonymous_5)
FN:119,(anonymous_6)
FN:131,(anonymous_7)
FN:178,(anonymous_8)
FN:193,(anonymous_9)
FN:197,(anonymous_10)
FN:216,(anonymous_11)
FN:303,(anonymous_12)
FN:316,(anonymous_13)
FN:329,(anonymous_14)
FN:352,(anonymous_15)
FN:404,(anonymous_16)
FN:445,(anonymous_17)
FN:557,(anonymous_18)
FN:592,(anonymous_19)
FNF:20
FNH:4
FNDA:1,(anonymous_0)
FNDA:3,(anonymous_1)
FNDA:0,(anonymous_2)
FNDA:0,(anonymous_3)
FNDA:0,(anonymous_4)
FNDA:0,(anonymous_5)
FNDA:0,(anonymous_6)
FNDA:0,(anonymous_7)
FNDA:0,(anonymous_8)
FNDA:0,(anonymous_9)
FNDA:0,(anonymous_10)
FNDA:1,(anonymous_11)
FNDA:0,(anonymous_12)
FNDA:0,(anonymous_13)
FNDA:0,(anonymous_14)
FNDA:0,(anonymous_15)
FNDA:10,(anonymous_16)
FNDA:0,(anonymous_17)
FNDA:0,(anonymous_18)
FNDA:0,(anonymous_19)
DA:4,1
DA:5,1
DA:9,1
DA:10,1
DA:11,1
DA:12,1
DA:13,1
DA:38,3
DA:39,3
DA:46,0
DA:49,0
DA:50,0
DA:53,0
DA:55,0
DA:57,0
DA:58,0
DA:59,0
DA:62,0
DA:63,0
DA:67,0
DA:73,0
DA:76,0
DA:77,0
DA:85,0
DA:93,0
DA:98,0
DA:105,0
DA:113,0
DA:118,0
DA:119,0
DA:121,0
DA:132,0
DA:134,0
DA:161,0
DA:162,0
DA:163,0
DA:164,0
DA:168,0
DA:169,0
DA:170,0
DA:171,0
DA:179,0
DA:181,0
DA:182,0
DA:183,0
DA:184,0
DA:187,0
DA:194,0
DA:195,0
DA:197,0
DA:199,0
DA:202,0
DA:203,0
DA:207,0
DA:210,0
DA:217,1
DA:304,0
DA:305,0
DA:306,0
DA:308,0
DA:309,0
DA:310,0
DA:317,0
DA:330,0
DA:343,0
DA:353,0
DA:355,0
DA:370,0
DA:383,0
DA:388,0
DA:389,0
DA:405,10
DA:406,10
DA:409,10
DA:410,7
DA:418,7
DA:419,6
DA:421,1
DA:422,1
DA:426,10
DA:427,2
DA:428,2
DA:431,10
DA:432,1
DA:433,1
DA:436,10
DA:437,1
DA:438,1
DA:441,10
DA:442,10
DA:446,0
DA:449,0
DA:452,0
DA:453,0
DA:454,0
DA:474,0
DA:485,0
DA:487,0
DA:488,0
DA:489,0
DA:491,0
DA:492,0
DA:493,0
DA:496,0
DA:503,0
DA:508,0
DA:516,0
DA:522,0
DA:533,0
DA:534,0
DA:536,0
DA:558,0
DA:560,0
DA:561,0
DA:564,0
DA:578,0
DA:582,0
DA:593,0
DA:602,0
DA:608,1
LF:120
LH:30
BRDA:49,0,0,0
BRDA:49,0,1,0
BRDA:57,1,0,0
BRDA:57,1,1,0
BRDA:163,2,0,0
BRDA:163,2,1,0
BRDA:168,3,0,0
BRDA:168,3,1,0
BRDA:181,4,0,0
BRDA:181,4,1,0
BRDA:305,5,0,0
BRDA:305,5,1,0
BRDA:310,6,0,0
BRDA:310,6,1,0
BRDA:353,7,0,0
BRDA:353,7,1,0
BRDA:373,8,0,0
BRDA:373,8,1,0
BRDA:379,9,0,0
BRDA:379,9,1,0
BRDA:380,10,0,0
BRDA:380,10,1,0
BRDA:404,11,0,1
BRDA:409,12,0,7
BRDA:409,12,1,3
BRDA:418,13,0,6
BRDA:418,13,1,1
BRDA:426,14,0,2
BRDA:426,14,1,8
BRDA:431,15,0,1
BRDA:431,15,1,9
BRDA:436,16,0,1
BRDA:436,16,1,9
BRDA:441,17,0,8
BRDA:441,17,1,2
BRDA:445,18,0,0
BRDA:449,19,0,0
BRDA:452,20,0,0
BRDA:452,20,1,0
BRDA:477,21,0,0
BRDA:482,22,0,0
BRDA:483,23,0,0
BRDA:492,24,0,0
BRDA:492,24,1,0
BRDA:493,25,0,0
BRDA:493,25,1,0
BRDA:503,26,0,0
BRDA:503,26,1,0
BRDA:560,27,0,0
BRDA:560,27,1,0
BRF:50
BRH:13
end_of_record
TN:
SF:services\WizardMappingService.js
FN:5,(anonymous_0)
FN:14,(anonymous_1)
FN:61,(anonymous_2)
FN:81,(anonymous_3)
FN:156,(anonymous_4)
FN:216,(anonymous_5)
FN:300,(anonymous_6)
FN:310,(anonymous_7)
FN:355,(anonymous_8)
FN:419,(anonymous_9)
FN:451,(anonymous_10)
FN:474,(anonymous_11)
FN:523,(anonymous_12)
FN:543,(anonymous_13)
FN:553,(anonymous_14)
FN:562,(anonymous_15)
FN:571,(anonymous_16)
FN:589,(anonymous_17)
FN:617,(anonymous_18)
FN:629,(anonymous_19)
FN:644,(anonymous_20)
FN:655,(anonymous_21)
FN:676,(anonymous_22)
FN:677,(anonymous_23)
FN:685,(anonymous_24)
FN:686,(anonymous_25)
FNF:26
FNH:18
FNDA:26,(anonymous_0)
FNDA:0,(anonymous_1)
FNDA:26,(anonymous_2)
FNDA:0,(anonymous_3)
FNDA:0,(anonymous_4)
FNDA:0,(anonymous_5)
FNDA:0,(anonymous_6)
FNDA:0,(anonymous_7)
FNDA:0,(anonymous_8)
FNDA:1,(anonymous_9)
FNDA:1,(anonymous_10)
FNDA:13,(anonymous_11)
FNDA:12,(anonymous_12)
FNDA:3,(anonymous_13)
FNDA:3,(anonymous_14)
FNDA:0,(anonymous_15)
FNDA:2,(anonymous_16)
FNDA:2,(anonymous_17)
FNDA:4,(anonymous_18)
FNDA:4,(anonymous_19)
FNDA:2,(anonymous_20)
FNDA:2,(anonymous_21)
FNDA:4,(anonymous_22)
FNDA:4,(anonymous_23)
FNDA:2,(anonymous_24)
FNDA:4,(anonymous_25)
DA:7,26
DA:8,26
DA:15,0
DA:17,0
DA:18,0
DA:19,0
DA:20,0
DA:23,0
DA:26,0
DA:28,0
DA:29,0
DA:30,0
DA:31,0
DA:34,0
DA:37,0
DA:39,0
DA:40,0
DA:50,0
DA:51,0
DA:53,0
DA:54,0
DA:62,26
DA:63,26
DA:65,26
DA:66,26
DA:82,0
DA:84,0
DA:85,0
DA:86,0
DA:89,0
DA:96,0
DA:103,0
DA:109,0
DA:114,0
DA:116,0
DA:132,0
DA:133,0
DA:136,0
DA:137,0
DA:142,0
DA:148,0
DA:157,0
DA:159,0
DA:161,0
DA:162,0
DA:169,0
DA:171,0
DA:183,0
DA:190,0
DA:191,0
DA:193,0
DA:194,0
DA:197,0
DA:199,0
DA:209,0
DA:217,0
DA:218,0
DA:220,0
DA:221,0
DA:222,0
DA:226,0
DA:230,0
DA:232,0
DA:233,0
DA:234,0
DA:236,0
DA:263,0
DA:281,0
DA:282,0
DA:285,0
DA:293,0
DA:294,0
DA:301,0
DA:302,0
DA:304,0
DA:305,0
DA:306,0
DA:309,0
DA:310,0
DA:317,0
DA:334,0
DA:342,0
DA:344,0
DA:349,0
DA:356,0
DA:357,0
DA:359,0
DA:360,0
DA:361,0
DA:364,0
DA:365,0
DA:366,0
DA:383,0
DA:395,0
DA:396,0
DA:397,0
DA:401,0
DA:408,0
DA:409,0
DA:420,1
DA:421,1
DA:423,1
DA:424,1
DA:426,1
DA:427,1
DA:429,1
DA:430,1
DA:433,1
DA:434,1
DA:436,0
DA:437,0
DA:440,1
DA:451,1
DA:467,1
DA:468,1
DA:475,13
DA:476,13
DA:479,13
DA:482,13
DA:483,6
DA:484,6
DA:487,7
DA:488,1
DA:489,1
DA:492,6
DA:493,1
DA:494,1
DA:497,5
DA:498,1
DA:499,1
DA:502,4
DA:503,1
DA:504,1
DA:507,3
DA:508,3
DA:509,3
DA:510,3
DA:511,3
DA:512,3
DA:513,3
DA:516,3
DA:517,0
DA:522,13
DA:523,10
DA:524,12
DA:530,10
DA:531,1
DA:534,10
DA:537,3
DA:544,3
DA:555,3
DA:558,3
DA:561,3
DA:562,0
DA:563,0
DA:564,0
DA:570,3
DA:571,3
DA:572,2
DA:573,1
DA:578,3
DA:579,1
DA:582,3
DA:583,3
DA:590,2
DA:591,2
DA:593,2
DA:618,4
DA:619,4
DA:630,4
DA:638,4
DA:645,2
DA:646,2
DA:649,2
DA:655,2
DA:656,2
DA:657,1
DA:658,1
DA:670,2
DA:677,4
DA:678,4
DA:686,2
DA:687,4
DA:688,4
DA:689,3
DA:691,4
DA:696,4
DA:701,1
LF:188
LH:89
BRDA:5,0,0,0
BRDA:7,1,0,26
BRDA:7,1,1,0
BRDA:18,2,0,0
BRDA:18,2,1,0
BRDA:18,3,0,0
BRDA:18,3,1,0
BRDA:29,4,0,0
BRDA:29,4,1,0
BRDA:29,5,0,0
BRDA:29,5,1,0
BRDA:41,6,0,0
BRDA:41,6,1,0
BRDA:42,7,0,0
BRDA:42,7,1,0
BRDA:43,8,0,0
BRDA:43,8,1,0
BRDA:44,9,0,0
BRDA:44,9,1,0
BRDA:45,10,0,0
BRDA:45,10,1,0
BRDA:122,11,0,0
BRDA:122,11,1,0
BRDA:185,12,0,0
BRDA:185,12,1,0
BRDA:193,13,0,0
BRDA:193,13,1,0
BRDA:220,14,0,0
BRDA:220,14,1,0
BRDA:220,15,0,0
BRDA:220,15,1,0
BRDA:301,16,0,0
BRDA:301,16,1,0
BRDA:304,17,0,0
BRDA:304,17,1,0
BRDA:304,18,0,0
BRDA:304,18,1,0
BRDA:359,19,0,0
BRDA:359,19,1,0
BRDA:359,20,0,0
BRDA:359,20,1,0
BRDA:391,21,0,0
BRDA:391,21,1,0
BRDA:396,22,0,0
BRDA:396,22,1,0
BRDA:421,23,0,1
BRDA:421,23,1,0
BRDA:423,24,0,1
BRDA:423,24,1,0
BRDA:426,25,0,1
BRDA:426,25,1,0
BRDA:430,26,0,1
BRDA:430,26,1,0
BRDA:433,27,0,1
BRDA:433,27,1,0
BRDA:433,28,0,1
BRDA:433,28,1,1
BRDA:476,29,0,13
BRDA:476,29,1,0
BRDA:482,30,0,6
BRDA:482,30,1,7
BRDA:487,31,0,1
BRDA:487,31,1,6
BRDA:492,32,0,1
BRDA:492,32,1,5
BRDA:497,33,0,1
BRDA:497,33,1,4
BRDA:502,34,0,1
BRDA:502,34,1,3
BRDA:509,35,0,0
BRDA:509,35,1,3
BRDA:510,36,0,0
BRDA:510,36,1,3
BRDA:511,37,0,0
BRDA:511,37,1,3
BRDA:512,38,0,0
BRDA:512,38,1,3
BRDA:513,39,0,0
BRDA:513,39,1,3
BRDA:516,40,0,0
BRDA:516,40,1,3
BRDA:522,41,0,10
BRDA:522,41,1,3
BRDA:522,42,0,13
BRDA:522,42,1,13
BRDA:524,43,0,12
BRDA:524,43,1,12
BRDA:524,43,2,12
BRDA:524,43,3,11
BRDA:530,44,0,1
BRDA:530,44,1,9
BRDA:544,45,0,3
BRDA:544,45,1,2
BRDA:544,45,2,1
BRDA:555,46,0,3
BRDA:555,46,1,1
BRDA:558,47,0,2
BRDA:558,47,1,1
BRDA:561,48,0,0
BRDA:561,48,1,3
BRDA:563,49,0,0
BRDA:563,49,1,0
BRDA:563,50,0,0
BRDA:563,50,1,0
BRDA:572,51,0,1
BRDA:572,51,1,1
BRDA:572,52,0,2
BRDA:572,52,1,2
BRDA:578,53,0,1
BRDA:578,53,1,2
BRDA:590,54,0,2
BRDA:590,54,1,1
BRDA:590,54,2,1
BRDA:605,55,0,2
BRDA:605,55,1,1
BRDA:620,56,0,4
BRDA:620,56,1,0
BRDA:621,57,0,4
BRDA:621,57,1,0
BRDA:622,58,0,4
BRDA:622,58,1,2
BRDA:638,59,0,4
BRDA:638,59,1,1
BRDA:656,60,0,1
BRDA:656,60,1,1
BRDA:678,61,0,3
BRDA:678,61,1,1
BRDA:688,62,0,3
BRDA:688,62,1,1
BRF:129
BRH:66
end_of_record
TN:
SF:services\interfaceTemplateSanitizer.js
FN:93,isSensitiveKey
FN:117,sanitizeConfig
FN:151,buildRequiredFieldsManifest
FN:185,(anonymous_3)
FN:188,(anonymous_4)
FN:206,buildPreviewSteps
FN:265,sanitizePipelineConfig
FN:271,(anonymous_7)
FN:272,(anonymous_8)
FN:281,(anonymous_9)
FN:307,extractPipelineConnectorInfo
FN:346,sanitizeInterfaceForTemplate
FN:356,(anonymous_12)
FN:357,(anonymous_13)
FN:365,(anonymous_14)
FN:372,(anonymous_15)
FN:403,mergeTemplateWithUserValues
FNF:17
FNH:17
FNDA:72,isSensitiveKey
FNDA:17,sanitizeConfig
FNDA:10,buildRequiredFieldsManifest
FNDA:9,(anonymous_3)
FNDA:3,(anonymous_4)
FNDA:8,buildPreviewSteps
FNDA:7,sanitizePipelineConfig
FNDA:4,(anonymous_7)
FNDA:5,(anonymous_8)
FNDA:4,(anonymous_9)
FNDA:3,extractPipelineConnectorInfo
FNDA:3,sanitizeInterfaceForTemplate
FNDA:3,(anonymous_12)
FNDA:2,(anonymous_13)
FNDA:1,(anonymous_14)
FNDA:6,(anonymous_15)
FNDA:3,mergeTemplateWithUserValues
DA:7,1
DA:64,1
DA:94,72
DA:97,72
DA:98,1548
DA:99,3
DA:104,69
DA:105,1451
DA:106,63
DA:110,6
DA:118,17
DA:119,2
DA:122,15
DA:123,15
DA:125,15
DA:126,19
DA:128,19
DA:130,13
DA:131,13
DA:132,6
DA:134,1
DA:135,1
DA:136,1
DA:138,5
DA:142,15
DA:153,10
DA:185,10
DA:187,9
DA:188,9
DA:190,9
DA:207,8
DA:224,8
DA:225,8
DA:226,8
DA:227,8
DA:228,16
DA:229,4
DA:230,4
DA:240,8
DA:255,1
DA:266,7
DA:267,2
DA:270,5
DA:271,5
DA:272,4
DA:273,5
DA:276,5
DA:277,4
DA:279,3
DA:280,3
DA:281,4
DA:283,3
DA:285,4
DA:288,5
DA:308,3
DA:309,3
DA:310,3
DA:312,3
DA:313,3
DA:314,2
DA:315,2
DA:316,2
DA:318,2
DA:319,1
DA:321,1
DA:322,1
DA:323,1
DA:329,1
DA:330,0
DA:331,0
DA:332,0
DA:333,0
DA:343,3
DA:347,3
DA:348,3
DA:349,3
DA:353,3
DA:355,3
DA:356,3
DA:357,2
DA:362,3
DA:366,1
DA:371,3
DA:372,3
DA:373,6
DA:374,6
DA:375,6
DA:376,6
DA:379,3
DA:381,3
DA:404,3
DA:405,2
DA:406,2
DA:407,3
DA:408,2
DA:411,2
DA:414,1
LF:97
LH:93
BRDA:98,0,0,3
BRDA:98,0,1,1545
BRDA:98,1,0,1548
BRDA:98,1,1,1546
BRDA:98,1,2,1546
BRDA:105,2,0,63
BRDA:105,2,1,1388
BRDA:117,3,0,13
BRDA:118,4,0,2
BRDA:118,4,1,15
BRDA:118,5,0,17
BRDA:118,5,1,16
BRDA:118,5,2,15
BRDA:126,6,0,7
BRDA:126,6,1,12
BRDA:128,7,0,13
BRDA:128,7,1,6
BRDA:132,8,0,1
BRDA:132,8,1,5
BRDA:132,9,0,6
BRDA:132,9,1,6
BRDA:132,9,2,2
BRDA:188,10,0,9
BRDA:188,10,1,1
BRDA:226,11,0,8
BRDA:226,11,1,2
BRDA:228,12,0,16
BRDA:228,12,1,12
BRDA:229,13,0,4
BRDA:229,13,1,0
BRDA:229,13,2,0
BRDA:231,14,0,4
BRDA:231,14,1,1
BRDA:231,14,2,1
BRDA:232,15,0,4
BRDA:232,15,1,1
BRDA:266,16,0,2
BRDA:266,16,1,5
BRDA:266,17,0,7
BRDA:266,17,1,6
BRDA:267,18,0,2
BRDA:267,18,1,1
BRDA:272,19,0,4
BRDA:272,19,1,0
BRDA:273,20,0,5
BRDA:273,20,1,0
BRDA:273,20,2,0
BRDA:276,21,0,1
BRDA:276,21,1,4
BRDA:277,22,0,1
BRDA:277,22,1,3
BRDA:277,23,0,4
BRDA:277,23,1,3
BRDA:279,24,0,3
BRDA:279,24,1,0
BRDA:279,24,2,0
BRDA:279,24,3,0
BRDA:312,25,0,3
BRDA:312,25,1,0
BRDA:314,26,0,2
BRDA:314,26,1,0
BRDA:315,27,0,2
BRDA:315,27,1,0
BRDA:315,27,2,0
BRDA:316,28,0,2
BRDA:316,28,1,0
BRDA:318,29,0,1
BRDA:318,29,1,1
BRDA:318,30,0,2
BRDA:318,30,1,2
BRDA:322,31,0,1
BRDA:322,31,1,0
BRDA:324,32,0,1
BRDA:324,32,1,0
BRDA:329,33,0,0
BRDA:329,33,1,1
BRDA:329,34,0,1
BRDA:329,34,1,0
BRDA:332,35,0,0
BRDA:332,35,1,0
BRDA:334,36,0,0
BRDA:334,36,1,0
BRDA:347,37,0,3
BRDA:347,37,1,1
BRDA:348,38,0,3
BRDA:348,38,1,2
BRDA:374,39,0,0
BRDA:374,39,1,6
BRDA:383,40,0,3
BRDA:383,40,1,2
BRDA:383,40,2,1
BRDA:385,41,0,3
BRDA:385,41,1,2
BRDA:385,41,2,2
BRDA:388,42,0,3
BRDA:388,42,1,2
BRDA:404,43,0,1
BRDA:404,43,1,2
BRDA:404,44,0,3
BRDA:404,44,1,2
BRDA:407,45,0,2
BRDA:407,45,1,1
BRDA:407,46,0,3
BRDA:407,46,1,3
BRDA:407,46,2,3
BRF:105
BRH:83
end_of_record
