TN:
SF:controllers\interfacesController.js
FN:32,containsSensitiveField
FN:50,maskSensitiveFields
FN:81,resolveMaskedFields
FN:85,(anonymous_3)
FN:102,(anonymous_4)
FN:122,(anonymous_5)
FN:142,(anonymous_6)
FN:226,(anonymous_7)
FN:311,(anonymous_8)
FN:335,(anonymous_9)
FN:530,(anonymous_10)
FN:551,(anonymous_11)
FN:565,(anonymous_12)
FN:720,(anonymous_13)
FN:740,(anonymous_14)
FN:808,(anonymous_15)
FN:876,(anonymous_16)
FN:951,(anonymous_17)
FN:1159,(anonymous_18)
FN:1185,(anonymous_19)
FN:1198,(anonymous_20)
FN:1509,(anonymous_21)
FN:1639,(anonymous_22)
FN:1662,(anonymous_23)
FN:1685,(anonymous_24)
FN:1700,(anonymous_25)
FN:1726,(anonymous_26)
FN:1746,(anonymous_27)
FN:1786,(anonymous_28)
FN:1810,(anonymous_29)
FN:1821,(anonymous_30)
FN:1841,(anonymous_31)
FN:1855,(anonymous_32)
FN:1891,(anonymous_33)
FNF:34
FNH:5
FNDA:22,containsSensitiveField
FNDA:16,maskSensitiveFields
FNDA:21,resolveMaskedFields
FNDA:2,(anonymous_3)
FNDA:1,(anonymous_4)
FNDA:0,(anonymous_5)
FNDA:0,(anonymous_6)
FNDA:0,(anonymous_7)
FNDA:0,(anonymous_8)
FNDA:0,(anonymous_9)
FNDA:0,(anonymous_10)
FNDA:0,(anonymous_11)
FNDA:0,(anonymous_12)
FNDA:0,(anonymous_13)
FNDA:0,(anonymous_14)
FNDA:0,(anonymous_15)
FNDA:0,(anonymous_16)
FNDA:0,(anonymous_17)
FNDA:0,(anonymous_18)
FNDA:0,(anonymous_19)
FNDA:0,(anonymous_20)
FNDA:0,(anonymous_21)
FNDA:0,(anonymous_22)
FNDA:0,(anonymous_23)
FNDA:0,(anonymous_24)
FNDA:0,(anonymous_25)
FNDA:0,(anonymous_26)
FNDA:0,(anonymous_27)
FNDA:0,(anonymous_28)
FNDA:0,(anonymous_29)
FNDA:0,(anonymous_30)
FNDA:0,(anonymous_31)
FNDA:0,(anonymous_32)
FNDA:0,(anonymous_33)
DA:2,1
DA:3,1
DA:4,1
DA:9,1
DA:16,1
DA:33,22
DA:34,19
DA:35,18
DA:36,28
DA:37,7
DA:38,21
DA:39,4
DA:42,11
DA:51,16
DA:52,14
DA:53,13
DA:54,13
DA:55,22
DA:56,5
DA:57,17
DA:58,7
DA:60,10
DA:63,13
DA:82,21
DA:83,19
DA:84,1
DA:85,2
DA:87,18
DA:88,18
DA:89,18
DA:90,25
DA:91,5
DA:92,20
DA:93,8
DA:95,12
DA:98,18
DA:103,1
DA:105,1
DA:106,1
DA:107,1
DA:108,1
DA:109,1
DA:110,1
DA:111,1
DA:112,1
DA:114,0
DA:115,0
DA:123,0
DA:124,0
DA:125,0
DA:128,0
DA:129,0
DA:130,0
DA:133,0
DA:134,0
DA:143,0
DA:144,0
DA:145,0
DA:146,0
DA:148,0
DA:149,0
DA:151,0
DA:152,0
DA:154,0
DA:157,0
DA:223,0
DA:226,0
DA:302,0
DA:311,0
DA:313,0
DA:321,0
DA:322,0
DA:323,0
DA:336,0
DA:338,0
DA:339,0
DA:341,0
DA:342,0
DA:360,0
DA:362,0
DA:363,0
DA:364,0
DA:365,0
DA:368,0
DA:369,0
DA:371,0
DA:372,0
DA:375,0
DA:376,0
DA:377,0
DA:379,0
DA:380,0
DA:381,0
DA:382,0
DA:386,0
DA:387,0
DA:394,0
DA:402,0
DA:403,0
DA:411,0
DA:428,0
DA:432,0
DA:459,0
DA:460,0
DA:461,0
DA:462,0
DA:465,0
DA:466,0
DA:469,0
DA:473,0
DA:478,0
DA:480,0
DA:484,0
DA:513,0
DA:530,0
DA:532,0
DA:539,0
DA:541,0
DA:551,0
DA:553,0
DA:566,0
DA:568,0
DA:569,0
DA:571,0
DA:572,0
DA:573,0
DA:575,0
DA:577,0
DA:624,0
DA:625,0
DA:631,0
DA:632,0
DA:708,0
DA:710,0
DA:720,0
DA:722,0
DA:728,0
DA:729,0
DA:741,0
DA:743,0
DA:744,0
DA:746,0
DA:747,0
DA:748,0
DA:750,0
DA:753,0
DA:761,0
DA:762,0
DA:768,0
DA:770,0
DA:771,0
DA:778,0
DA:787,0
DA:789,0
DA:796,0
DA:797,0
DA:809,0
DA:811,0
DA:812,0
DA:814,0
DA:815,0
DA:816,0
DA:818,0
DA:821,0
DA:829,0
DA:830,0
DA:836,0
DA:838,0
DA:839,0
DA:846,0
DA:855,0
DA:857,0
DA:864,0
DA:865,0
DA:877,0
DA:879,0
DA:880,0
DA:882,0
DA:883,0
DA:884,0
DA:886,0
DA:889,0
DA:897,0
DA:898,0
DA:904,0
DA:906,0
DA:907,0
DA:913,0
DA:914,0
DA:921,0
DA:930,0
DA:932,0
DA:939,0
DA:940,0
DA:952,0
DA:954,0
DA:955,0
DA:957,0
DA:958,0
DA:959,0
DA:962,0
DA:963,0
DA:966,0
DA:967,0
DA:968,0
DA:969,0
DA:970,0
DA:971,0
DA:975,0
DA:976,0
DA:977,0
DA:980,0
DA:988,0
DA:989,0
DA:995,0
DA:999,0
DA:1000,0
DA:1001,0
DA:1002,0
DA:1007,0
DA:1008,0
DA:1010,0
DA:1013,0
DA:1014,0
DA:1018,0
DA:1019,0
DA:1020,0
DA:1030,0
DA:1032,0
DA:1044,0
DA:1048,0
DA:1076,0
DA:1077,0
DA:1078,0
DA:1084,0
DA:1087,0
DA:1093,0
DA:1097,0
DA:1098,0
DA:1099,0
DA:1101,0
DA:1103,0
DA:1104,0
DA:1107,0
DA:1113,0
DA:1115,0
DA:1117,0
DA:1121,0
DA:1125,0
DA:1129,0
DA:1134,0
DA:1135,0
DA:1136,0
DA:1137,0
DA:1138,0
DA:1140,0
DA:1148,0
DA:1159,0
DA:1161,0
DA:1172,0
DA:1174,0
DA:1185,0
DA:1187,0
DA:1199,0
DA:1201,0
DA:1202,0
DA:1204,0
DA:1205,0
DA:1206,0
DA:1261,0
DA:1263,0
DA:1264,0
DA:1265,0
DA:1266,0
DA:1267,0
DA:1268,0
DA:1269,0
DA:1270,0
DA:1271,0
DA:1272,0
DA:1275,0
DA:1283,0
DA:1284,0
DA:1302,0
DA:1306,0
DA:1310,0
DA:1316,0
DA:1346,0
DA:1347,0
DA:1349,0
DA:1350,0
DA:1357,0
DA:1368,0
DA:1369,0
DA:1372,0
DA:1387,0
DA:1390,0
DA:1393,0
DA:1396,0
DA:1399,0
DA:1405,0
DA:1413,0
DA:1414,0
DA:1415,0
DA:1419,0
DA:1422,0
DA:1436,0
DA:1444,0
DA:1446,0
DA:1447,0
DA:1451,0
DA:1464,0
DA:1470,0
DA:1509,0
DA:1510,0
DA:1511,0
DA:1512,0
DA:1513,0
DA:1529,0
DA:1530,0
DA:1531,0
DA:1535,0
DA:1537,0
DA:1544,0
DA:1547,0
DA:1549,0
DA:1550,0
DA:1551,0
DA:1560,0
DA:1561,0
DA:1563,0
DA:1564,0
DA:1565,0
DA:1577,0
DA:1578,0
DA:1580,0
DA:1581,0
DA:1582,0
DA:1583,0
DA:1592,0
DA:1593,0
DA:1595,0
DA:1596,0
DA:1597,0
DA:1598,0
DA:1610,0
DA:1613,0
DA:1617,0
DA:1618,0
DA:1622,0
DA:1623,0
DA:1626,0
DA:1628,0
DA:1639,0
DA:1649,0
DA:1651,0
DA:1652,0
DA:1662,0
DA:1665,0
DA:1672,0
DA:1674,0
DA:1685,0
DA:1687,0
DA:1701,0
DA:1702,0
DA:1710,0
DA:1712,0
DA:1719,0
DA:1727,0
DA:1729,0
DA:1730,0
DA:1732,0
DA:1733,0
DA:1747,0
DA:1748,0
DA:1759,0
DA:1760,0
DA:1764,0
DA:1765,0
DA:1768,0
DA:1769,0
DA:1770,0
DA:1773,0
DA:1787,0
DA:1789,0
DA:1791,0
DA:1792,0
DA:1793,0
DA:1795,0
DA:1796,0
DA:1801,0
DA:1813,0
DA:1818,0
DA:1820,0
DA:1821,0
DA:1823,0
DA:1824,0
DA:1825,0
DA:1826,0
DA:1827,0
DA:1831,0
DA:1842,0
DA:1844,0
DA:1845,0
DA:1848,0
DA:1856,0
DA:1859,0
DA:1860,0
DA:1861,0
DA:1864,0
DA:1865,0
DA:1870,0
DA:1873,0
DA:1874,0
DA:1879,0
DA:1882,0
DA:1892,0
DA:1894,0
DA:1896,0
DA:1897,0
DA:1898,0
DA:1900,0
DA:1903,0
DA:1904,0
DA:1906,0
DA:1909,0
DA:1910,0
DA:1912,0
DA:1913,0
DA:1915,0
DA:1918,0
DA:1919,0
DA:1921,0
DA:1924,0
DA:1925,0
DA:1927,0
DA:1928,0
DA:1930,0
DA:1933,0
DA:1938,1
DA:1939,1
DA:1940,1
DA:1941,1
DA:1943,1
DA:1948,1
DA:1949,1
DA:1950,1
DA:1951,1
LF:448
LH:54
BRDA:33,0,0,3
BRDA:33,0,1,19
BRDA:33,1,0,22
BRDA:33,1,1,20
BRDA:34,2,0,1
BRDA:34,2,1,18
BRDA:36,3,0,7
BRDA:36,3,1,21
BRDA:36,4,0,28
BRDA:36,4,1,27
BRDA:37,5,0,3
BRDA:37,5,1,4
BRDA:38,6,0,4
BRDA:38,6,1,17
BRDA:38,7,0,21
BRDA:38,7,1,21
BRDA:38,7,2,20
BRDA:38,7,3,16
BRDA:51,8,0,2
BRDA:51,8,1,14
BRDA:51,9,0,16
BRDA:51,9,1,14
BRDA:52,10,0,1
BRDA:52,10,1,13
BRDA:55,11,0,5
BRDA:55,11,1,17
BRDA:55,12,0,22
BRDA:55,12,1,21
BRDA:57,13,0,7
BRDA:57,13,1,10
BRDA:57,14,0,17
BRDA:57,14,1,17
BRDA:57,14,2,16
BRDA:82,15,0,2
BRDA:82,15,1,19
BRDA:82,16,0,21
BRDA:82,16,1,20
BRDA:83,17,0,1
BRDA:83,17,1,18
BRDA:84,18,0,1
BRDA:84,18,1,0
BRDA:87,19,0,16
BRDA:87,19,1,2
BRDA:87,20,0,18
BRDA:87,20,1,16
BRDA:87,20,2,16
BRDA:90,21,0,5
BRDA:90,21,1,20
BRDA:90,22,0,25
BRDA:90,22,1,24
BRDA:92,23,0,8
BRDA:92,23,1,12
BRDA:92,24,0,20
BRDA:92,24,1,20
BRDA:92,24,2,9
BRDA:123,25,0,0
BRDA:123,25,1,0
BRDA:128,26,0,0
BRDA:128,26,1,0
BRDA:133,27,0,0
BRDA:133,27,1,0
BRDA:133,28,0,0
BRDA:133,28,1,0
BRDA:242,29,0,0
BRDA:242,29,1,0
BRDA:248,30,0,0
BRDA:248,30,1,0
BRDA:249,31,0,0
BRDA:249,31,1,0
BRDA:250,32,0,0
BRDA:250,32,1,0
BRDA:253,33,0,0
BRDA:253,33,1,0
BRDA:254,34,0,0
BRDA:254,34,1,0
BRDA:255,35,0,0
BRDA:255,35,1,0
BRDA:259,36,0,0
BRDA:259,36,1,0
BRDA:260,37,0,0
BRDA:260,37,1,0
BRDA:263,38,0,0
BRDA:263,38,1,0
BRDA:271,39,0,0
BRDA:271,39,1,0
BRDA:276,40,0,0
BRDA:276,40,1,0
BRDA:279,41,0,0
BRDA:279,41,1,0
BRDA:280,42,0,0
BRDA:280,42,1,0
BRDA:281,43,0,0
BRDA:281,43,1,0
BRDA:288,44,0,0
BRDA:288,44,1,0
BRDA:289,45,0,0
BRDA:289,45,1,0
BRDA:296,46,0,0
BRDA:296,46,1,0
BRDA:298,47,0,0
BRDA:298,47,1,0
BRDA:364,48,0,0
BRDA:364,48,1,0
BRDA:365,49,0,0
BRDA:365,49,1,0
BRDA:368,50,0,0
BRDA:368,50,1,0
BRDA:369,51,0,0
BRDA:369,51,1,0
BRDA:375,52,0,0
BRDA:375,52,1,0
BRDA:377,53,0,0
BRDA:377,53,1,0
BRDA:381,54,0,0
BRDA:381,54,1,0
BRDA:386,55,0,0
BRDA:386,55,1,0
BRDA:402,56,0,0
BRDA:402,56,1,0
BRDA:414,57,0,0
BRDA:414,57,1,0
BRDA:419,58,0,0
BRDA:419,58,1,0
BRDA:428,59,0,0
BRDA:428,59,1,0
BRDA:428,60,0,0
BRDA:428,60,1,0
BRDA:510,61,0,0
BRDA:510,61,1,0
BRDA:624,62,0,0
BRDA:624,62,1,0
BRDA:653,63,0,0
BRDA:653,63,1,0
BRDA:655,64,0,0
BRDA:655,64,1,0
BRDA:658,65,0,0
BRDA:658,65,1,0
BRDA:666,66,0,0
BRDA:666,66,1,0
BRDA:667,67,0,0
BRDA:667,67,1,0
BRDA:670,68,0,0
BRDA:670,68,1,0
BRDA:678,69,0,0
BRDA:678,69,1,0
BRDA:683,70,0,0
BRDA:683,70,1,0
BRDA:686,71,0,0
BRDA:686,71,1,0
BRDA:687,72,0,0
BRDA:687,72,1,0
BRDA:688,73,0,0
BRDA:688,73,1,0
BRDA:691,74,0,0
BRDA:691,74,1,0
BRDA:692,75,0,0
BRDA:692,75,1,0
BRDA:693,76,0,0
BRDA:693,76,1,0
BRDA:697,77,0,0
BRDA:697,77,1,0
BRDA:698,78,0,0
BRDA:698,78,1,0
BRDA:699,79,0,0
BRDA:699,79,1,0
BRDA:704,80,0,0
BRDA:704,80,1,0
BRDA:705,81,0,0
BRDA:705,81,1,0
BRDA:761,82,0,0
BRDA:761,82,1,0
BRDA:770,83,0,0
BRDA:770,83,1,0
BRDA:829,84,0,0
BRDA:829,84,1,0
BRDA:838,85,0,0
BRDA:838,85,1,0
BRDA:897,86,0,0
BRDA:897,86,1,0
BRDA:906,87,0,0
BRDA:906,87,1,0
BRDA:913,88,0,0
BRDA:913,88,1,0
BRDA:962,89,0,0
BRDA:962,89,1,0
BRDA:962,89,2,0
BRDA:962,89,3,0
BRDA:963,90,0,0
BRDA:963,90,1,0
BRDA:963,90,2,0
BRDA:967,91,0,0
BRDA:967,91,1,0
BRDA:969,92,0,0
BRDA:969,92,1,0
BRDA:988,93,0,0
BRDA:988,93,1,0
BRDA:1007,94,0,0
BRDA:1007,94,1,0
BRDA:1018,95,0,0
BRDA:1018,95,1,0
BRDA:1030,96,0,0
BRDA:1030,96,1,0
BRDA:1101,97,0,0
BRDA:1101,97,1,0
BRDA:1115,98,0,0
BRDA:1115,98,1,0
BRDA:1135,99,0,0
BRDA:1135,99,1,0
BRDA:1137,100,0,0
BRDA:1137,100,1,0
BRDA:1158,101,0,0
BRDA:1158,101,1,0
BRDA:1158,102,0,0
BRDA:1158,102,1,0
BRDA:1166,103,0,0
BRDA:1166,103,1,0
BRDA:1283,104,0,0
BRDA:1283,104,1,0
BRDA:1302,105,0,0
BRDA:1302,105,1,0
BRDA:1302,106,0,0
BRDA:1302,106,1,0
BRDA:1302,106,2,0
BRDA:1303,107,0,0
BRDA:1303,107,1,0
BRDA:1303,108,0,0
BRDA:1303,108,1,0
BRDA:1306,109,0,0
BRDA:1306,109,1,0
BRDA:1306,110,0,0
BRDA:1306,110,1,0
BRDA:1306,110,2,0
BRDA:1307,111,0,0
BRDA:1307,111,1,0
BRDA:1307,112,0,0
BRDA:1307,112,1,0
BRDA:1346,113,0,0
BRDA:1346,113,1,0
BRDA:1347,114,0,0
BRDA:1347,114,1,0
BRDA:1349,115,0,0
BRDA:1349,115,1,0
BRDA:1350,116,0,0
BRDA:1350,116,1,0
BRDA:1357,117,0,0
BRDA:1357,117,1,0
BRDA:1368,118,0,0
BRDA:1368,118,1,0
BRDA:1369,119,0,0
BRDA:1369,119,1,0
BRDA:1371,120,0,0
BRDA:1371,120,1,0
BRDA:1372,121,0,0
BRDA:1372,121,1,0
BRDA:1374,122,0,0
BRDA:1374,122,1,0
BRDA:1387,123,0,0
BRDA:1387,123,1,0
BRDA:1390,124,0,0
BRDA:1390,124,1,0
BRDA:1392,125,0,0
BRDA:1392,125,1,0
BRDA:1393,126,0,0
BRDA:1393,126,1,0
BRDA:1396,127,0,0
BRDA:1396,127,1,0
BRDA:1398,128,0,0
BRDA:1398,128,1,0
BRDA:1399,129,0,0
BRDA:1399,129,1,0
BRDA:1401,130,0,0
BRDA:1401,130,1,0
BRDA:1405,131,0,0
BRDA:1405,131,1,0
BRDA:1414,132,0,0
BRDA:1414,132,1,0
BRDA:1419,133,0,0
BRDA:1419,133,1,0
BRDA:1419,134,0,0
BRDA:1419,134,1,0
BRDA:1421,135,0,0
BRDA:1421,135,1,0
BRDA:1436,136,0,0
BRDA:1436,136,1,0
BRDA:1438,137,0,0
BRDA:1438,137,1,0
BRDA:1446,138,0,0
BRDA:1446,138,1,0
BRDA:1447,139,0,0
BRDA:1447,139,1,0
BRDA:1449,140,0,0
BRDA:1449,140,1,0
BRDA:1464,141,0,0
BRDA:1464,141,1,0
BRDA:1466,142,0,0
BRDA:1466,142,1,0
BRDA:1466,143,0,0
BRDA:1466,143,1,0
BRDA:1510,144,0,0
BRDA:1510,144,1,0
BRDA:1511,145,0,0
BRDA:1511,145,1,0
BRDA:1512,146,0,0
BRDA:1512,146,1,0
BRDA:1512,147,0,0
BRDA:1512,147,1,0
BRDA:1530,148,0,0
BRDA:1530,148,1,0
BRDA:1535,149,0,0
BRDA:1535,149,1,0
BRDA:1544,150,0,0
BRDA:1544,150,1,0
BRDA:1547,151,0,0
BRDA:1547,151,1,0
BRDA:1547,152,0,0
BRDA:1547,152,1,0
BRDA:1549,153,0,0
BRDA:1549,153,1,0
BRDA:1561,154,0,0
BRDA:1561,154,1,0
BRDA:1563,155,0,0
BRDA:1563,155,1,0
BRDA:1578,156,0,0
BRDA:1578,156,1,0
BRDA:1578,157,0,0
BRDA:1578,157,1,0
BRDA:1580,158,0,0
BRDA:1580,158,1,0
BRDA:1580,158,2,0
BRDA:1593,159,0,0
BRDA:1593,159,1,0
BRDA:1595,160,0,0
BRDA:1595,160,1,0
BRDA:1595,160,2,0
BRDA:1634,161,0,0
BRDA:1634,161,1,0
BRDA:1634,162,0,0
BRDA:1634,162,1,0
BRDA:1651,163,0,0
BRDA:1651,163,1,0
BRDA:1701,164,0,0
BRDA:1701,164,1,0
BRDA:1710,165,0,0
BRDA:1710,165,1,0
BRDA:1719,166,0,0
BRDA:1719,166,1,0
BRDA:1727,167,0,0
BRDA:1727,167,1,0
BRDA:1730,168,0,0
BRDA:1730,168,1,0
BRDA:1760,169,0,0
BRDA:1760,169,1,0
BRDA:1764,170,0,0
BRDA:1764,170,1,0
BRDA:1764,171,0,0
BRDA:1764,171,1,0
BRDA:1768,172,0,0
BRDA:1768,172,1,0
BRDA:1769,173,0,0
BRDA:1769,173,1,0
BRDA:1769,174,0,0
BRDA:1769,174,1,0
BRDA:1787,175,0,0
BRDA:1787,175,1,0
BRDA:1789,176,0,0
BRDA:1789,176,1,0
BRDA:1823,177,0,0
BRDA:1823,177,1,0
BRDA:1824,178,0,0
BRDA:1824,178,1,0
BRDA:1844,179,0,0
BRDA:1844,179,1,0
BRDA:1859,180,0,0
BRDA:1859,180,1,0
BRDA:1860,181,0,0
BRDA:1860,181,1,0
BRDA:1861,182,0,0
BRDA:1861,182,1,0
BRDA:1864,183,0,0
BRDA:1864,183,1,0
BRDA:1866,184,0,0
BRDA:1866,184,1,0
BRDA:1873,185,0,0
BRDA:1873,185,1,0
BRDA:1875,186,0,0
BRDA:1875,186,1,0
BRDA:1884,187,0,0
BRDA:1884,187,1,0
BRDA:1894,188,0,0
BRDA:1894,188,1,0
BRDA:1894,188,2,0
BRDA:1894,188,3,0
BRDA:1894,188,4,0
BRDA:1896,189,0,0
BRDA:1896,189,1,0
BRDA:1897,190,0,0
BRDA:1897,190,1,0
BRDA:1897,191,0,0
BRDA:1897,191,1,0
BRDA:1903,192,0,0
BRDA:1903,192,1,0
BRDA:1903,193,0,0
BRDA:1903,193,1,0
BRDA:1903,193,2,0
BRDA:1909,194,0,0
BRDA:1909,194,1,0
BRDA:1909,195,0,0
BRDA:1909,195,1,0
BRDA:1909,195,2,0
BRDA:1912,196,0,0
BRDA:1912,196,1,0
BRDA:1912,197,0,0
BRDA:1912,197,1,0
BRDA:1912,197,2,0
BRDA:1918,198,0,0
BRDA:1918,198,1,0
BRDA:1918,199,0,0
BRDA:1918,199,1,0
BRDA:1924,200,0,0
BRDA:1924,200,1,0
BRDA:1924,201,0,0
BRDA:1924,201,1,0
BRDA:1927,202,0,0
BRDA:1927,202,1,0
BRF:424
BRH:54
end_of_record
TN:
SF:services\auditService.js
FN:28,atnaOutcomeIndicator
FN:41,lookupTaxonomy
FN:55,resolveEvent
FN:76,(anonymous_3)
FN:115,(anonymous_4)
FN:216,(anonymous_5)
FN:234,(anonymous_6)
FNF:7
FNH:4
FNDA:11,atnaOutcomeIndicator
FNDA:9,lookupTaxonomy
FNDA:7,resolveEvent
FNDA:2,(anonymous_3)
FNDA:0,(anonymous_4)
FNDA:0,(anonymous_5)
FNDA:0,(anonymous_6)
DA:3,2
DA:4,2
DA:16,2
DA:17,2
DA:18,2
DA:19,2
DA:21,0
DA:29,11
DA:30,6
DA:31,2
DA:32,1
DA:33,2
DA:42,9
DA:43,9
DA:44,2
DA:45,2
DA:56,7
DA:58,7
DA:59,7
DA:60,7
DA:62,7
DA:63,7
DA:64,6
DA:72,7
DA:77,2
DA:78,2
DA:80,2
DA:81,2
DA:82,2
DA:83,2
DA:85,0
DA:86,0
DA:90,2
DA:91,2
DA:92,0
DA:122,0
DA:124,0
DA:143,0
DA:145,0
DA:146,0
DA:164,0
DA:166,0
DA:167,0
DA:171,0
DA:172,0
DA:173,0
DA:175,0
DA:179,0
DA:182,0
DA:185,0
DA:186,0
DA:187,0
DA:192,0
DA:194,0
DA:199,0
DA:200,0
DA:217,0
DA:235,0
DA:253,2
DA:259,2
DA:260,2
DA:261,2
DA:262,2
LF:63
LH:36
BRDA:29,0,0,6
BRDA:29,0,1,2
BRDA:29,0,2,1
BRDA:29,0,3,2
BRDA:43,1,0,7
BRDA:43,1,1,2
BRDA:58,2,0,7
BRDA:58,2,1,6
BRDA:58,2,2,0
BRDA:59,3,0,7
BRDA:59,3,1,6
BRDA:59,3,2,0
BRDA:60,4,0,7
BRDA:60,4,1,6
BRDA:60,4,2,1
BRDA:62,5,0,7
BRDA:62,5,1,6
BRDA:63,6,0,6
BRDA:63,6,1,1
BRDA:91,7,0,0
BRDA:91,7,1,2
BRDA:126,8,0,0
BRDA:126,8,1,0
BRDA:127,9,0,0
BRDA:127,9,1,0
BRDA:129,10,0,0
BRDA:129,10,1,0
BRDA:130,11,0,0
BRDA:130,11,1,0
BRDA:131,12,0,0
BRDA:131,12,1,0
BRDA:132,13,0,0
BRDA:132,13,1,0
BRDA:134,14,0,0
BRDA:134,14,1,0
BRDA:135,15,0,0
BRDA:135,15,1,0
BRDA:136,16,0,0
BRDA:136,16,1,0
BRDA:138,17,0,0
BRDA:138,17,1,0
BRDA:145,18,0,0
BRDA:145,18,1,0
BRDA:199,19,0,0
BRDA:199,19,1,0
BRDA:199,20,0,0
BRDA:199,20,1,0
BRDA:220,21,0,0
BRDA:220,21,1,0
BRDA:224,22,0,0
BRDA:224,22,1,0
BRF:51
BRH:18
end_of_record
